[2026-04-08T00:25:53.275+0000] {local_task_job_runner.py:120} INFO - ::group::Pre task execution logs
[2026-04-08T00:25:53.305+0000] {taskinstance.py:2073} INFO - Dependencies all met for dep_context=non-requeueable deps ti=<TaskInstance: retail_daily_ingestion.branch_on_files scheduled__2026-04-06T06:00:00+00:00 [queued]>
[2026-04-08T00:25:53.313+0000] {taskinstance.py:2073} INFO - Dependencies all met for dep_context=requeueable deps ti=<TaskInstance: retail_daily_ingestion.branch_on_files scheduled__2026-04-06T06:00:00+00:00 [queued]>
[2026-04-08T00:25:53.313+0000] {taskinstance.py:2303} INFO - Starting attempt 2 of 5
[2026-04-08T00:25:53.326+0000] {taskinstance.py:2327} INFO - Executing <Task(BranchPythonOperator): branch_on_files> on 2026-04-06 06:00:00+00:00
[2026-04-08T00:25:53.331+0000] {standard_task_runner.py:63} INFO - Started process 3148 to run task
[2026-04-08T00:25:53.334+0000] {standard_task_runner.py:90} INFO - Running: ['***', 'tasks', 'run', 'retail_daily_ingestion', 'branch_on_files', 'scheduled__2026-04-06T06:00:00+00:00', '--job-id', '21', '--raw', '--subdir', 'DAGS_FOLDER/retail_daily_ingestion.py', '--cfg-path', '/tmp/tmpm0q6jnkd']
[2026-04-08T00:25:53.336+0000] {standard_task_runner.py:91} INFO - Job 21: Subtask branch_on_files
[2026-04-08T00:25:53.407+0000] {task_command.py:426} INFO - Running <TaskInstance: retail_daily_ingestion.branch_on_files scheduled__2026-04-06T06:00:00+00:00 [running]> on host 649f4949adfd
[2026-04-08T00:25:53.533+0000] {taskinstance.py:2644} INFO - Exporting env vars: AIRFLOW_CTX_DAG_EMAIL='data-engineering-team@company.com' AIRFLOW_CTX_DAG_OWNER='data-engineering' AIRFLOW_CTX_DAG_ID='retail_daily_ingestion' AIRFLOW_CTX_TASK_ID='branch_on_files' AIRFLOW_CTX_EXECUTION_DATE='2026-04-06T06:00:00+00:00' AIRFLOW_CTX_TRY_NUMBER='2' AIRFLOW_CTX_DAG_RUN_ID='scheduled__2026-04-06T06:00:00+00:00'
[2026-04-08T00:25:53.534+0000] {taskinstance.py:430} INFO - ::endgroup::
[2026-04-08T00:25:53.548+0000] {baseoperator.py:399} WARNING - BranchPythonOperator.execute cannot be called outside TaskInstance!
[2026-04-08T00:25:53.577+0000] {base.py:84} INFO - Using connection ID 'minio_s3' for task execution.
[2026-04-08T00:25:53.578+0000] {connection_wrapper.py:384} INFO - AWS Connection (conn_id='minio_s3', conn_type='aws') credentials retrieved from login and password.
[2026-04-08T00:25:54.047+0000] {retail_daily_ingestion.py:102} INFO - Branch → ingest_to_staging. All 3 files confirmed.
[2026-04-08T00:25:54.048+0000] {python.py:237} INFO - Done. Returned value was: ingest_to_staging
[2026-04-08T00:25:54.048+0000] {branch.py:36} INFO - Branch into ingest_to_staging
[2026-04-08T00:25:54.049+0000] {skipmixin.py:178} INFO - Following branch ingest_to_staging
[2026-04-08T00:25:54.086+0000] {skipmixin.py:246} INFO - Skipping tasks [('alert_missing_files', -1)]
[2026-04-08T00:25:54.125+0000] {taskinstance.py:441} INFO - ::group::Post task execution logs
[2026-04-08T00:25:54.162+0000] {taskinstance.py:1205} INFO - Marking task as SUCCESS. dag_id=retail_daily_ingestion, task_id=branch_on_files, execution_date=20260406T060000, start_date=20260408T002553, end_date=20260408T002554
[2026-04-08T00:25:54.228+0000] {local_task_job_runner.py:240} INFO - Task exited with return code 0
[2026-04-08T00:25:54.247+0000] {logging_mixin.py:188} WARNING - /home/***/.local/lib/python3.11/site-packages/***/models/baseoperator.py:1296 AirflowProviderDeprecationWarning: Call to deprecated class PostgresOperator. (Please use `***.providers.common.sql.operators.sql.SQLExecuteQueryOperator`.Also, you can provide `hook_params={'schema': <database>}`.)
[2026-04-08T00:25:54.264+0000] {taskinstance.py:3482} INFO - 0 downstream tasks scheduled from follow-on schedule check
[2026-04-08T00:25:54.266+0000] {local_task_job_runner.py:222} INFO - ::endgroup::
