[2026-04-07T12:02:25.603+0000] {local_task_job_runner.py:120} INFO - ::group::Pre task execution logs
[2026-04-07T12:02:25.638+0000] {taskinstance.py:2073} INFO - Dependencies all met for dep_context=non-requeueable deps ti=<TaskInstance: retail_daily_ingestion.branch_on_files scheduled__2026-04-06T06:00:00+00:00 [queued]>
[2026-04-07T12:02:25.650+0000] {taskinstance.py:2073} INFO - Dependencies all met for dep_context=requeueable deps ti=<TaskInstance: retail_daily_ingestion.branch_on_files scheduled__2026-04-06T06:00:00+00:00 [queued]>
[2026-04-07T12:02:25.651+0000] {taskinstance.py:2303} INFO - Starting attempt 1 of 4
[2026-04-07T12:02:25.666+0000] {taskinstance.py:2327} INFO - Executing <Task(BranchPythonOperator): branch_on_files> on 2026-04-06 06:00:00+00:00
[2026-04-07T12:02:25.672+0000] {standard_task_runner.py:63} INFO - Started process 563 to run task
[2026-04-07T12:02:25.675+0000] {standard_task_runner.py:90} INFO - Running: ['***', 'tasks', 'run', 'retail_daily_ingestion', 'branch_on_files', 'scheduled__2026-04-06T06:00:00+00:00', '--job-id', '3', '--raw', '--subdir', 'DAGS_FOLDER/retail_daily_ingestion.py', '--cfg-path', '/tmp/tmp5_82wzyo']
[2026-04-07T12:02:25.678+0000] {standard_task_runner.py:91} INFO - Job 3: Subtask branch_on_files
[2026-04-07T12:02:25.747+0000] {task_command.py:426} INFO - Running <TaskInstance: retail_daily_ingestion.branch_on_files scheduled__2026-04-06T06:00:00+00:00 [running]> on host 649f4949adfd
[2026-04-07T12:02:25.881+0000] {taskinstance.py:2644} INFO - Exporting env vars: AIRFLOW_CTX_DAG_EMAIL='data-engineering-team@company.com' AIRFLOW_CTX_DAG_OWNER='data-engineering' AIRFLOW_CTX_DAG_ID='retail_daily_ingestion' AIRFLOW_CTX_TASK_ID='branch_on_files' AIRFLOW_CTX_EXECUTION_DATE='2026-04-06T06:00:00+00:00' AIRFLOW_CTX_TRY_NUMBER='1' AIRFLOW_CTX_DAG_RUN_ID='scheduled__2026-04-06T06:00:00+00:00'
[2026-04-07T12:02:25.882+0000] {taskinstance.py:430} INFO - ::endgroup::
[2026-04-07T12:02:25.896+0000] {baseoperator.py:399} WARNING - BranchPythonOperator.execute cannot be called outside TaskInstance!
[2026-04-07T12:02:25.926+0000] {base.py:84} INFO - Using connection ID 'minio_s3' for task execution.
[2026-04-07T12:02:25.927+0000] {connection_wrapper.py:384} INFO - AWS Connection (conn_id='minio_s3', conn_type='aws') credentials retrieved from login and password.
[2026-04-07T12:02:26.632+0000] {retail_daily_ingestion.py:102} INFO - Branch → ingest_to_staging. All 3 files confirmed.
[2026-04-07T12:02:26.633+0000] {python.py:237} INFO - Done. Returned value was: ingest_to_staging
[2026-04-07T12:02:26.633+0000] {branch.py:36} INFO - Branch into ingest_to_staging
[2026-04-07T12:02:26.634+0000] {skipmixin.py:178} INFO - Following branch ingest_to_staging
[2026-04-07T12:02:26.671+0000] {skipmixin.py:246} INFO - Skipping tasks [('alert_missing_files', -1)]
[2026-04-07T12:02:26.708+0000] {taskinstance.py:441} INFO - ::group::Post task execution logs
[2026-04-07T12:02:26.738+0000] {taskinstance.py:1205} INFO - Marking task as SUCCESS. dag_id=retail_daily_ingestion, task_id=branch_on_files, execution_date=20260406T060000, start_date=20260407T120225, end_date=20260407T120226
[2026-04-07T12:02:26.769+0000] {local_task_job_runner.py:240} INFO - Task exited with return code 0
[2026-04-07T12:02:26.792+0000] {logging_mixin.py:188} WARNING - /home/***/.local/lib/python3.11/site-packages/***/models/baseoperator.py:1296 AirflowProviderDeprecationWarning: Call to deprecated class PostgresOperator. (Please use `***.providers.common.sql.operators.sql.SQLExecuteQueryOperator`.Also, you can provide `hook_params={'schema': <database>}`.)
[2026-04-07T12:02:26.819+0000] {taskinstance.py:3482} INFO - 1 downstream tasks scheduled from follow-on schedule check
[2026-04-07T12:02:26.821+0000] {local_task_job_runner.py:222} INFO - ::endgroup::
