[2026-04-08T00:26:42.739+0000] {local_task_job_runner.py:120} INFO - ::group::Pre task execution logs
[2026-04-08T00:26:42.768+0000] {taskinstance.py:2073} INFO - Dependencies all met for dep_context=non-requeueable deps ti=<TaskInstance: retail_daily_ingestion.branch_on_files manual__2026-04-08T00:20:57+00:00 [queued]>
[2026-04-08T00:26:42.777+0000] {taskinstance.py:2073} INFO - Dependencies all met for dep_context=requeueable deps ti=<TaskInstance: retail_daily_ingestion.branch_on_files manual__2026-04-08T00:20:57+00:00 [queued]>
[2026-04-08T00:26:42.778+0000] {taskinstance.py:2303} INFO - Starting attempt 2 of 5
[2026-04-08T00:26:42.793+0000] {taskinstance.py:2327} INFO - Executing <Task(BranchPythonOperator): branch_on_files> on 2026-04-08 00:20:57+00:00
[2026-04-08T00:26:42.800+0000] {standard_task_runner.py:63} INFO - Started process 3223 to run task
[2026-04-08T00:26:42.803+0000] {standard_task_runner.py:90} INFO - Running: ['***', 'tasks', 'run', 'retail_daily_ingestion', 'branch_on_files', 'manual__2026-04-08T00:20:57+00:00', '--job-id', '42', '--raw', '--subdir', 'DAGS_FOLDER/retail_daily_ingestion.py', '--cfg-path', '/tmp/tmpbkwlendf']
[2026-04-08T00:26:42.807+0000] {standard_task_runner.py:91} INFO - Job 42: Subtask branch_on_files
[2026-04-08T00:26:42.882+0000] {task_command.py:426} INFO - Running <TaskInstance: retail_daily_ingestion.branch_on_files manual__2026-04-08T00:20:57+00:00 [running]> on host 649f4949adfd
[2026-04-08T00:26:43.023+0000] {taskinstance.py:2644} INFO - Exporting env vars: AIRFLOW_CTX_DAG_EMAIL='data-engineering-team@company.com' AIRFLOW_CTX_DAG_OWNER='data-engineering' AIRFLOW_CTX_DAG_ID='retail_daily_ingestion' AIRFLOW_CTX_TASK_ID='branch_on_files' AIRFLOW_CTX_EXECUTION_DATE='2026-04-08T00:20:57+00:00' AIRFLOW_CTX_TRY_NUMBER='2' AIRFLOW_CTX_DAG_RUN_ID='manual__2026-04-08T00:20:57+00:00'
[2026-04-08T00:26:43.024+0000] {taskinstance.py:430} INFO - ::endgroup::
[2026-04-08T00:26:43.040+0000] {baseoperator.py:399} WARNING - BranchPythonOperator.execute cannot be called outside TaskInstance!
[2026-04-08T00:26:43.073+0000] {base.py:84} INFO - Using connection ID 'minio_s3' for task execution.
[2026-04-08T00:26:43.074+0000] {connection_wrapper.py:384} INFO - AWS Connection (conn_id='minio_s3', conn_type='aws') credentials retrieved from login and password.
[2026-04-08T00:26:43.628+0000] {retail_daily_ingestion.py:102} INFO - Branch → ingest_to_staging. All 3 files confirmed.
[2026-04-08T00:26:43.629+0000] {python.py:237} INFO - Done. Returned value was: ingest_to_staging
[2026-04-08T00:26:43.629+0000] {branch.py:36} INFO - Branch into ingest_to_staging
[2026-04-08T00:26:43.630+0000] {skipmixin.py:178} INFO - Following branch ingest_to_staging
[2026-04-08T00:26:43.694+0000] {skipmixin.py:246} INFO - Skipping tasks [('alert_missing_files', -1)]
[2026-04-08T00:26:43.841+0000] {taskinstance.py:441} INFO - ::group::Post task execution logs
[2026-04-08T00:26:43.962+0000] {taskinstance.py:1205} INFO - Marking task as SUCCESS. dag_id=retail_daily_ingestion, task_id=branch_on_files, execution_date=20260408T002057, start_date=20260408T002642, end_date=20260408T002643
[2026-04-08T00:26:44.020+0000] {local_task_job_runner.py:240} INFO - Task exited with return code 0
[2026-04-08T00:26:44.055+0000] {logging_mixin.py:188} WARNING - /home/***/.local/lib/python3.11/site-packages/***/models/baseoperator.py:1296 AirflowProviderDeprecationWarning: Call to deprecated class PostgresOperator. (Please use `***.providers.common.sql.operators.sql.SQLExecuteQueryOperator`.Also, you can provide `hook_params={'schema': <database>}`.)
[2026-04-08T00:26:44.109+0000] {taskinstance.py:3482} INFO - 1 downstream tasks scheduled from follow-on schedule check
[2026-04-08T00:26:44.113+0000] {local_task_job_runner.py:222} INFO - ::endgroup::
