[2026-04-08T03:37:52.498+0000] {local_task_job_runner.py:120} INFO - ::group::Pre task execution logs
[2026-04-08T03:37:52.526+0000] {taskinstance.py:2073} INFO - Dependencies all met for dep_context=non-requeueable deps ti=<TaskInstance: retail_daily_ingestion.send_notification manual__2026-04-08T03:37:32.025276+00:00 [queued]>
[2026-04-08T03:37:52.535+0000] {taskinstance.py:2073} INFO - Dependencies all met for dep_context=requeueable deps ti=<TaskInstance: retail_daily_ingestion.send_notification manual__2026-04-08T03:37:32.025276+00:00 [queued]>
[2026-04-08T03:37:52.536+0000] {taskinstance.py:2303} INFO - Starting attempt 1 of 4
[2026-04-08T03:37:52.550+0000] {taskinstance.py:2327} INFO - Executing <Task(PythonOperator): send_notification> on 2026-04-08 03:37:32.025276+00:00
[2026-04-08T03:37:52.555+0000] {standard_task_runner.py:63} INFO - Started process 5551 to run task
[2026-04-08T03:37:52.559+0000] {standard_task_runner.py:90} INFO - Running: ['***', 'tasks', 'run', 'retail_daily_ingestion', 'send_notification', 'manual__2026-04-08T03:37:32.025276+00:00', '--job-id', '82', '--raw', '--subdir', 'DAGS_FOLDER/retail_daily_ingestion.py', '--cfg-path', '/tmp/tmp3fwhcuuk']
[2026-04-08T03:37:52.562+0000] {standard_task_runner.py:91} INFO - Job 82: Subtask send_notification
[2026-04-08T03:37:52.643+0000] {task_command.py:426} INFO - Running <TaskInstance: retail_daily_ingestion.send_notification manual__2026-04-08T03:37:32.025276+00:00 [running]> on host 649f4949adfd
[2026-04-08T03:37:52.767+0000] {taskinstance.py:2644} INFO - Exporting env vars: AIRFLOW_CTX_DAG_EMAIL='diluksha@bistcglobal.com' AIRFLOW_CTX_DAG_OWNER='data-engineering' AIRFLOW_CTX_DAG_ID='retail_daily_ingestion' AIRFLOW_CTX_TASK_ID='send_notification' AIRFLOW_CTX_EXECUTION_DATE='2026-04-08T03:37:32.025276+00:00' AIRFLOW_CTX_TRY_NUMBER='1' AIRFLOW_CTX_DAG_RUN_ID='manual__2026-04-08T03:37:32.025276+00:00'
[2026-04-08T03:37:52.768+0000] {taskinstance.py:430} INFO - ::endgroup::
[2026-04-08T03:37:52.810+0000] {base.py:84} INFO - Using connection ID 'slack_webhook' for task execution.
[2026-04-08T03:37:52.822+0000] {base.py:84} INFO - Using connection ID 'slack_webhook' for task execution.
[2026-04-08T03:37:53.573+0000] {retail_daily_ingestion.py:539} INFO - Slack notification sent | state: success
[2026-04-08T03:37:53.574+0000] {python.py:237} INFO - Done. Returned value was: None
[2026-04-08T03:37:53.574+0000] {taskinstance.py:441} INFO - ::group::Post task execution logs
[2026-04-08T03:37:53.590+0000] {taskinstance.py:1205} INFO - Marking task as SUCCESS. dag_id=retail_daily_ingestion, task_id=send_notification, execution_date=20260408T033732, start_date=20260408T033752, end_date=20260408T033753
[2026-04-08T03:37:53.614+0000] {local_task_job_runner.py:240} INFO - Task exited with return code 0
[2026-04-08T03:37:53.651+0000] {taskinstance.py:3482} INFO - 0 downstream tasks scheduled from follow-on schedule check
[2026-04-08T03:37:53.654+0000] {local_task_job_runner.py:222} INFO - ::endgroup::
