[2026-04-08T02:21:33.553+0000] {local_task_job_runner.py:120} INFO - ::group::Pre task execution logs
[2026-04-08T02:21:33.577+0000] {taskinstance.py:2073} INFO - Dependencies all met for dep_context=non-requeueable deps ti=<TaskInstance: retail_daily_ingestion.archive_source_files manual__2026-04-08T02:21:20+00:00 [queued]>
[2026-04-08T02:21:33.585+0000] {taskinstance.py:2073} INFO - Dependencies all met for dep_context=requeueable deps ti=<TaskInstance: retail_daily_ingestion.archive_source_files manual__2026-04-08T02:21:20+00:00 [queued]>
[2026-04-08T02:21:33.586+0000] {taskinstance.py:2303} INFO - Starting attempt 1 of 3
[2026-04-08T02:21:33.599+0000] {taskinstance.py:2327} INFO - Executing <Task(PythonOperator): archive_source_files> on 2026-04-08 02:21:20+00:00
[2026-04-08T02:21:33.604+0000] {standard_task_runner.py:63} INFO - Started process 4612 to run task
[2026-04-08T02:21:33.607+0000] {standard_task_runner.py:90} INFO - Running: ['***', 'tasks', 'run', 'retail_daily_ingestion', 'archive_source_files', 'manual__2026-04-08T02:21:20+00:00', '--job-id', '67', '--raw', '--subdir', 'DAGS_FOLDER/retail_daily_ingestion.py', '--cfg-path', '/tmp/tmp0xshrys2']
[2026-04-08T02:21:33.609+0000] {standard_task_runner.py:91} INFO - Job 67: Subtask archive_source_files
[2026-04-08T02:21:33.672+0000] {task_command.py:426} INFO - Running <TaskInstance: retail_daily_ingestion.archive_source_files manual__2026-04-08T02:21:20+00:00 [running]> on host 649f4949adfd
[2026-04-08T02:21:33.790+0000] {taskinstance.py:2644} INFO - Exporting env vars: AIRFLOW_CTX_DAG_EMAIL='data-engineering-team@company.com' AIRFLOW_CTX_DAG_OWNER='data-engineering' AIRFLOW_CTX_DAG_ID='retail_daily_ingestion' AIRFLOW_CTX_TASK_ID='archive_source_files' AIRFLOW_CTX_EXECUTION_DATE='2026-04-08T02:21:20+00:00' AIRFLOW_CTX_TRY_NUMBER='1' AIRFLOW_CTX_DAG_RUN_ID='manual__2026-04-08T02:21:20+00:00'
[2026-04-08T02:21:33.791+0000] {taskinstance.py:430} INFO - ::endgroup::
[2026-04-08T02:21:33.833+0000] {base.py:84} INFO - Using connection ID 'minio_s3' for task execution.
[2026-04-08T02:21:33.834+0000] {connection_wrapper.py:384} INFO - AWS Connection (conn_id='minio_s3', conn_type='aws') credentials retrieved from login and password.
[2026-04-08T02:21:34.323+0000] {retail_daily_ingestion.py:422} INFO - Archive bucket note: An error occurred (BucketAlreadyOwnedByYou) when calling the CreateBucket operation: Your previous request to create the named bucket succeeded and you already own it.
[2026-04-08T02:21:34.334+0000] {retail_daily_ingestion.py:434} INFO - Archived: retail-data/2026-04-06/sales_transactions.csv → s3://archive-data/retail-data/2026-04-06/sales_transactions.csv
[2026-04-08T02:21:34.342+0000] {retail_daily_ingestion.py:434} INFO - Archived: retail-data/2026-04-06/product_catalog.csv → s3://archive-data/retail-data/2026-04-06/product_catalog.csv
[2026-04-08T02:21:34.352+0000] {retail_daily_ingestion.py:434} INFO - Archived: retail-data/2026-04-06/store_locations.csv → s3://archive-data/retail-data/2026-04-06/store_locations.csv
[2026-04-08T02:21:34.353+0000] {python.py:237} INFO - Done. Returned value was: None
[2026-04-08T02:21:34.353+0000] {taskinstance.py:441} INFO - ::group::Post task execution logs
[2026-04-08T02:21:34.366+0000] {taskinstance.py:1205} INFO - Marking task as SUCCESS. dag_id=retail_daily_ingestion, task_id=archive_source_files, execution_date=20260408T022120, start_date=20260408T022133, end_date=20260408T022134
[2026-04-08T02:21:34.420+0000] {local_task_job_runner.py:240} INFO - Task exited with return code 0
[2026-04-08T02:21:34.447+0000] {taskinstance.py:3482} INFO - 1 downstream tasks scheduled from follow-on schedule check
[2026-04-08T02:21:34.450+0000] {local_task_job_runner.py:222} INFO - ::endgroup::
