[2026-04-08T06:45:06.967+0000] {local_task_job_runner.py:120} INFO - ::group::Pre task execution logs
[2026-04-08T06:45:06.999+0000] {taskinstance.py:2073} INFO - Dependencies all met for dep_context=non-requeueable deps ti=<TaskInstance: retail_daily_ingestion.load_curated manual__2026-04-08T06:44:43+00:00 [queued]>
[2026-04-08T06:45:07.013+0000] {taskinstance.py:2073} INFO - Dependencies all met for dep_context=requeueable deps ti=<TaskInstance: retail_daily_ingestion.load_curated manual__2026-04-08T06:44:43+00:00 [queued]>
[2026-04-08T06:45:07.014+0000] {taskinstance.py:2303} INFO - Starting attempt 1 of 4
[2026-04-08T06:45:07.036+0000] {taskinstance.py:2327} INFO - Executing <Task(PostgresOperator): load_curated> on 2026-04-08 06:44:43+00:00
[2026-04-08T06:45:07.051+0000] {standard_task_runner.py:63} INFO - Started process 7735 to run task
[2026-04-08T06:45:07.056+0000] {standard_task_runner.py:90} INFO - Running: ['***', 'tasks', 'run', 'retail_daily_ingestion', 'load_curated', 'manual__2026-04-08T06:44:43+00:00', '--job-id', '108', '--raw', '--subdir', 'DAGS_FOLDER/retail_daily_ingestion.py', '--cfg-path', '/tmp/tmp1hltzxp0']
[2026-04-08T06:45:07.060+0000] {standard_task_runner.py:91} INFO - Job 108: Subtask load_curated
[2026-04-08T06:45:07.155+0000] {task_command.py:426} INFO - Running <TaskInstance: retail_daily_ingestion.load_curated manual__2026-04-08T06:44:43+00:00 [running]> on host 649f4949adfd
[2026-04-08T06:45:07.313+0000] {taskinstance.py:2644} INFO - Exporting env vars: AIRFLOW_CTX_DAG_EMAIL='diluksha@bistcglobal.com' AIRFLOW_CTX_DAG_OWNER='data-engineering' AIRFLOW_CTX_DAG_ID='retail_daily_ingestion' AIRFLOW_CTX_TASK_ID='load_curated' AIRFLOW_CTX_EXECUTION_DATE='2026-04-08T06:44:43+00:00' AIRFLOW_CTX_TRY_NUMBER='1' AIRFLOW_CTX_DAG_RUN_ID='manual__2026-04-08T06:44:43+00:00'
[2026-04-08T06:45:07.315+0000] {taskinstance.py:430} INFO - ::endgroup::
[2026-04-08T06:45:07.330+0000] {sql.py:276} INFO - Executing: 
            INSERT INTO curated.fact_daily_sales (
                store_id, product_id, transaction_date,
                category, subcategory, brand,
                total_quantity, total_revenue, total_tax,
                transaction_count, avg_discount, load_timestamp
            )
            SELECT
                store_id, product_id, transaction_date::DATE,
                category, subcategory, brand,
                total_quantity, total_revenue, total_tax,
                transaction_count, avg_discount, load_timestamp
            FROM staging.fact_daily_sales_stage
            ON CONFLICT (store_id, product_id, transaction_date)
            DO UPDATE SET
                total_quantity    = EXCLUDED.total_quantity,
                total_revenue     = EXCLUDED.total_revenue,
                total_tax         = EXCLUDED.total_tax,
                transaction_count = EXCLUDED.transaction_count,
                avg_discount      = EXCLUDED.avg_discount,
                load_timestamp    = EXCLUDED.load_timestamp;
        
[2026-04-08T06:45:07.346+0000] {base.py:84} INFO - Using connection ID 'postgres_retail' for task execution.
[2026-04-08T06:45:07.361+0000] {base.py:84} INFO - Using connection ID 'postgres_retail' for task execution.
[2026-04-08T06:45:07.371+0000] {sql.py:457} INFO - Running statement: 
            INSERT INTO curated.fact_daily_sales (
                store_id, product_id, transaction_date,
                category, subcategory, brand,
                total_quantity, total_revenue, total_tax,
                transaction_count, avg_discount, load_timestamp
            )
            SELECT
                store_id, product_id, transaction_date::DATE,
                category, subcategory, brand,
                total_quantity, total_revenue, total_tax,
                transaction_count, avg_discount, load_timestamp
            FROM staging.fact_daily_sales_stage
            ON CONFLICT (store_id, product_id, transaction_date)
            DO UPDATE SET
                total_quantity    = EXCLUDED.total_quantity,
                total_revenue     = EXCLUDED.total_revenue,
                total_tax         = EXCLUDED.total_tax,
                transaction_count = EXCLUDED.transaction_count,
                avg_discount      = EXCLUDED.avg_discount,
                load_timestamp    = EXCLUDED.load_timestamp;
        , parameters: None
[2026-04-08T06:45:07.594+0000] {sql.py:466} INFO - Rows affected: 6341
[2026-04-08T06:45:07.598+0000] {logging_mixin.py:188} WARNING - /home/***/.local/lib/python3.11/site-packages/***/providers/common/sql/hooks/sql.py:407 AirflowProviderDeprecationWarning: Call to deprecated method _make_common_data_structure. (The `_make_serializable` method is deprecated and support will be removed in a future version of the common.sql provider. Please update the DbApiHook's provider to a version based on common.sql >= 1.9.1.)
[2026-04-08T06:45:07.605+0000] {taskinstance.py:441} INFO - ::group::Post task execution logs
[2026-04-08T06:45:07.630+0000] {taskinstance.py:1205} INFO - Marking task as SUCCESS. dag_id=retail_daily_ingestion, task_id=load_curated, execution_date=20260408T064443, start_date=20260408T064507, end_date=20260408T064507
[2026-04-08T06:45:07.670+0000] {local_task_job_runner.py:240} INFO - Task exited with return code 0
[2026-04-08T06:45:07.694+0000] {logging_mixin.py:188} WARNING - /home/***/.local/lib/python3.11/site-packages/***/models/baseoperator.py:1296 AirflowProviderDeprecationWarning: Call to deprecated class PostgresOperator. (Please use `***.providers.common.sql.operators.sql.SQLExecuteQueryOperator`.Also, you can provide `hook_params={'schema': <database>}`.)
[2026-04-08T06:45:07.716+0000] {taskinstance.py:3482} INFO - 1 downstream tasks scheduled from follow-on schedule check
[2026-04-08T06:45:07.718+0000] {local_task_job_runner.py:222} INFO - ::endgroup::
