[2026-04-08T00:26:49.556+0000] {local_task_job_runner.py:120} INFO - ::group::Pre task execution logs
[2026-04-08T00:26:49.590+0000] {taskinstance.py:2073} INFO - Dependencies all met for dep_context=non-requeueable deps ti=<TaskInstance: retail_daily_ingestion.transform_sales manual__2026-04-08T00:20:57+00:00 [queued]>
[2026-04-08T00:26:49.602+0000] {taskinstance.py:2073} INFO - Dependencies all met for dep_context=requeueable deps ti=<TaskInstance: retail_daily_ingestion.transform_sales manual__2026-04-08T00:20:57+00:00 [queued]>
[2026-04-08T00:26:49.603+0000] {taskinstance.py:2303} INFO - Starting attempt 2 of 3
[2026-04-08T00:26:49.629+0000] {taskinstance.py:2327} INFO - Executing <Task(PythonOperator): transform_sales> on 2026-04-08 00:20:57+00:00
[2026-04-08T00:26:49.640+0000] {standard_task_runner.py:63} INFO - Started process 3229 to run task
[2026-04-08T00:26:49.646+0000] {standard_task_runner.py:90} INFO - Running: ['***', 'tasks', 'run', 'retail_daily_ingestion', 'transform_sales', 'manual__2026-04-08T00:20:57+00:00', '--job-id', '44', '--raw', '--subdir', 'DAGS_FOLDER/retail_daily_ingestion.py', '--cfg-path', '/tmp/tmp7mtuflae']
[2026-04-08T00:26:49.649+0000] {standard_task_runner.py:91} INFO - Job 44: Subtask transform_sales
[2026-04-08T00:26:49.744+0000] {task_command.py:426} INFO - Running <TaskInstance: retail_daily_ingestion.transform_sales manual__2026-04-08T00:20:57+00:00 [running]> on host 649f4949adfd
[2026-04-08T00:26:49.909+0000] {taskinstance.py:2644} INFO - Exporting env vars: AIRFLOW_CTX_DAG_EMAIL='data-engineering-team@company.com' AIRFLOW_CTX_DAG_OWNER='data-engineering' AIRFLOW_CTX_DAG_ID='retail_daily_ingestion' AIRFLOW_CTX_TASK_ID='transform_sales' AIRFLOW_CTX_EXECUTION_DATE='2026-04-08T00:20:57+00:00' AIRFLOW_CTX_TRY_NUMBER='2' AIRFLOW_CTX_DAG_RUN_ID='manual__2026-04-08T00:20:57+00:00'
[2026-04-08T00:26:49.910+0000] {taskinstance.py:430} INFO - ::endgroup::
[2026-04-08T00:26:49.942+0000] {base.py:84} INFO - Using connection ID 'postgres_retail' for task execution.
[2026-04-08T00:26:49.958+0000] {logging_mixin.py:188} WARNING - /home/***/.local/lib/python3.11/site-packages/***/providers/common/sql/hooks/sql.py:227 UserWarning: pandas only supports SQLAlchemy connectable (engine/connection) or database string URI or sqlite3 DBAPI2 connection. Other DBAPI2 objects are not tested. Please consider using SQLAlchemy.
[2026-04-08T00:26:49.965+0000] {retail_daily_ingestion.py:233} INFO - Transform input: 100 rows from staging
[2026-04-08T00:26:49.982+0000] {retail_daily_ingestion.py:282} INFO - Aggregated to 20 store-product-date rows
[2026-04-08T00:26:49.995+0000] {base.py:84} INFO - Using connection ID 'postgres_retail' for task execution.
[2026-04-08T00:26:50.006+0000] {logging_mixin.py:188} WARNING - /home/***/.local/lib/python3.11/site-packages/***/providers/common/sql/hooks/sql.py:227 UserWarning: pandas only supports SQLAlchemy connectable (engine/connection) or database string URI or sqlite3 DBAPI2 connection. Other DBAPI2 objects are not tested. Please consider using SQLAlchemy.
[2026-04-08T00:26:50.012+0000] {retail_daily_ingestion.py:297} INFO - Enriched dataset: 20 rows ready for curated load
[2026-04-08T00:26:50.027+0000] {base.py:84} INFO - Using connection ID 'postgres_retail' for task execution.
[2026-04-08T00:26:50.037+0000] {sql.py:457} INFO - Running statement: 
            INSERT INTO curated.fact_daily_sales (
                store_id, product_id, transaction_date,
                category, subcategory, brand,
                total_quantity, total_revenue, total_tax,
                transaction_count, avg_discount, load_timestamp
            ) VALUES (
                %s, %s, %s, %s, %s, %s,
                %s, %s, %s, %s, %s, %s
            )
            ON CONFLICT (store_id, product_id, transaction_date)
            DO UPDATE SET
                total_quantity    = EXCLUDED.total_quantity,
                total_revenue     = EXCLUDED.total_revenue,
                total_tax         = EXCLUDED.total_tax,
                transaction_count = EXCLUDED.transaction_count,
                avg_discount      = EXCLUDED.avg_discount,
                load_timestamp    = EXCLUDED.load_timestamp;
            , parameters: ('STR001', 'PRD0001', datetime.date(2026, 4, 6), 'Electronics', 'Sub0', 'Brand0', 5, 200.0, 16.0, 5, 0.0, Timestamp('2026-04-08 00:26:49.982614'))
[2026-04-08T00:26:50.039+0000] {sql.py:466} INFO - Rows affected: 1
[2026-04-08T00:26:50.054+0000] {base.py:84} INFO - Using connection ID 'postgres_retail' for task execution.
[2026-04-08T00:26:50.063+0000] {sql.py:457} INFO - Running statement: 
            INSERT INTO curated.fact_daily_sales (
                store_id, product_id, transaction_date,
                category, subcategory, brand,
                total_quantity, total_revenue, total_tax,
                transaction_count, avg_discount, load_timestamp
            ) VALUES (
                %s, %s, %s, %s, %s, %s,
                %s, %s, %s, %s, %s, %s
            )
            ON CONFLICT (store_id, product_id, transaction_date)
            DO UPDATE SET
                total_quantity    = EXCLUDED.total_quantity,
                total_revenue     = EXCLUDED.total_revenue,
                total_tax         = EXCLUDED.total_tax,
                transaction_count = EXCLUDED.transaction_count,
                avg_discount      = EXCLUDED.avg_discount,
                load_timestamp    = EXCLUDED.load_timestamp;
            , parameters: ('STR001', 'PRD0006', datetime.date(2026, 4, 6), 'Clothing', 'Sub0', 'Brand1', 25, 1157.81, 92.62, 5, 2.5, Timestamp('2026-04-08 00:26:49.982614'))
[2026-04-08T00:26:50.066+0000] {sql.py:466} INFO - Rows affected: 1
[2026-04-08T00:26:50.080+0000] {base.py:84} INFO - Using connection ID 'postgres_retail' for task execution.
[2026-04-08T00:26:50.089+0000] {sql.py:457} INFO - Running statement: 
            INSERT INTO curated.fact_daily_sales (
                store_id, product_id, transaction_date,
                category, subcategory, brand,
                total_quantity, total_revenue, total_tax,
                transaction_count, avg_discount, load_timestamp
            ) VALUES (
                %s, %s, %s, %s, %s, %s,
                %s, %s, %s, %s, %s, %s
            )
            ON CONFLICT (store_id, product_id, transaction_date)
            DO UPDATE SET
                total_quantity    = EXCLUDED.total_quantity,
                total_revenue     = EXCLUDED.total_revenue,
                total_tax         = EXCLUDED.total_tax,
                transaction_count = EXCLUDED.transaction_count,
                avg_discount      = EXCLUDED.avg_discount,
                load_timestamp    = EXCLUDED.load_timestamp;
            , parameters: ('STR001', 'PRD0011', datetime.date(2026, 4, 6), 'Food', 'Sub0', 'Brand2', 5, 190.0, 15.2, 5, 5.0, Timestamp('2026-04-08 00:26:49.982614'))
[2026-04-08T00:26:50.091+0000] {sql.py:466} INFO - Rows affected: 1
[2026-04-08T00:26:50.108+0000] {base.py:84} INFO - Using connection ID 'postgres_retail' for task execution.
[2026-04-08T00:26:50.118+0000] {sql.py:457} INFO - Running statement: 
            INSERT INTO curated.fact_daily_sales (
                store_id, product_id, transaction_date,
                category, subcategory, brand,
                total_quantity, total_revenue, total_tax,
                transaction_count, avg_discount, load_timestamp
            ) VALUES (
                %s, %s, %s, %s, %s, %s,
                %s, %s, %s, %s, %s, %s
            )
            ON CONFLICT (store_id, product_id, transaction_date)
            DO UPDATE SET
                total_quantity    = EXCLUDED.total_quantity,
                total_revenue     = EXCLUDED.total_revenue,
                total_tax         = EXCLUDED.total_tax,
                transaction_count = EXCLUDED.transaction_count,
                avg_discount      = EXCLUDED.avg_discount,
                load_timestamp    = EXCLUDED.load_timestamp;
            , parameters: ('STR001', 'PRD0016', datetime.date(2026, 4, 6), 'Home', 'Sub0', 'Brand3', 25, 1098.44, 87.88, 5, 7.5, Timestamp('2026-04-08 00:26:49.982614'))
[2026-04-08T00:26:50.120+0000] {sql.py:466} INFO - Rows affected: 1
[2026-04-08T00:26:50.137+0000] {base.py:84} INFO - Using connection ID 'postgres_retail' for task execution.
[2026-04-08T00:26:50.149+0000] {sql.py:457} INFO - Running statement: 
            INSERT INTO curated.fact_daily_sales (
                store_id, product_id, transaction_date,
                category, subcategory, brand,
                total_quantity, total_revenue, total_tax,
                transaction_count, avg_discount, load_timestamp
            ) VALUES (
                %s, %s, %s, %s, %s, %s,
                %s, %s, %s, %s, %s, %s
            )
            ON CONFLICT (store_id, product_id, transaction_date)
            DO UPDATE SET
                total_quantity    = EXCLUDED.total_quantity,
                total_revenue     = EXCLUDED.total_revenue,
                total_tax         = EXCLUDED.total_tax,
                transaction_count = EXCLUDED.transaction_count,
                avg_discount      = EXCLUDED.avg_discount,
                load_timestamp    = EXCLUDED.load_timestamp;
            , parameters: ('STR002', 'PRD0002', datetime.date(2026, 4, 6), 'Clothing', 'Sub1', 'Brand1', 5, 206.46, 16.52, 5, 0.5, Timestamp('2026-04-08 00:26:49.982614'))
[2026-04-08T00:26:50.151+0000] {sql.py:466} INFO - Rows affected: 1
[2026-04-08T00:26:50.168+0000] {base.py:84} INFO - Using connection ID 'postgres_retail' for task execution.
[2026-04-08T00:26:50.179+0000] {sql.py:457} INFO - Running statement: 
            INSERT INTO curated.fact_daily_sales (
                store_id, product_id, transaction_date,
                category, subcategory, brand,
                total_quantity, total_revenue, total_tax,
                transaction_count, avg_discount, load_timestamp
            ) VALUES (
                %s, %s, %s, %s, %s, %s,
                %s, %s, %s, %s, %s, %s
            )
            ON CONFLICT (store_id, product_id, transaction_date)
            DO UPDATE SET
                total_quantity    = EXCLUDED.total_quantity,
                total_revenue     = EXCLUDED.total_revenue,
                total_tax         = EXCLUDED.total_tax,
                transaction_count = EXCLUDED.transaction_count,
                avg_discount      = EXCLUDED.avg_discount,
                load_timestamp    = EXCLUDED.load_timestamp;
            , parameters: ('STR002', 'PRD0007', datetime.date(2026, 4, 6), 'Food', 'Sub1', 'Brand2', 30, 1425.9, 114.07, 5, 3.0, Timestamp('2026-04-08 00:26:49.982614'))
[2026-04-08T00:26:50.181+0000] {sql.py:466} INFO - Rows affected: 1
[2026-04-08T00:26:50.200+0000] {base.py:84} INFO - Using connection ID 'postgres_retail' for task execution.
[2026-04-08T00:26:50.209+0000] {sql.py:457} INFO - Running statement: 
            INSERT INTO curated.fact_daily_sales (
                store_id, product_id, transaction_date,
                category, subcategory, brand,
                total_quantity, total_revenue, total_tax,
                transaction_count, avg_discount, load_timestamp
            ) VALUES (
                %s, %s, %s, %s, %s, %s,
                %s, %s, %s, %s, %s, %s
            )
            ON CONFLICT (store_id, product_id, transaction_date)
            DO UPDATE SET
                total_quantity    = EXCLUDED.total_quantity,
                total_revenue     = EXCLUDED.total_revenue,
                total_tax         = EXCLUDED.total_tax,
                transaction_count = EXCLUDED.transaction_count,
                avg_discount      = EXCLUDED.avg_discount,
                load_timestamp    = EXCLUDED.load_timestamp;
            , parameters: ('STR002', 'PRD0012', datetime.date(2026, 4, 6), 'Home', 'Sub1', 'Brand3', 5, 196.09, 15.69, 5, 5.5, Timestamp('2026-04-08 00:26:49.982614'))
[2026-04-08T00:26:50.212+0000] {sql.py:466} INFO - Rows affected: 1
[2026-04-08T00:26:50.228+0000] {base.py:84} INFO - Using connection ID 'postgres_retail' for task execution.
[2026-04-08T00:26:50.238+0000] {sql.py:457} INFO - Running statement: 
            INSERT INTO curated.fact_daily_sales (
                store_id, product_id, transaction_date,
                category, subcategory, brand,
                total_quantity, total_revenue, total_tax,
                transaction_count, avg_discount, load_timestamp
            ) VALUES (
                %s, %s, %s, %s, %s, %s,
                %s, %s, %s, %s, %s, %s
            )
            ON CONFLICT (store_id, product_id, transaction_date)
            DO UPDATE SET
                total_quantity    = EXCLUDED.total_quantity,
                total_revenue     = EXCLUDED.total_revenue,
                total_tax         = EXCLUDED.total_tax,
                transaction_count = EXCLUDED.transaction_count,
                avg_discount      = EXCLUDED.avg_discount,
                load_timestamp    = EXCLUDED.load_timestamp;
            , parameters: ('STR002', 'PRD0017', datetime.date(2026, 4, 6), 'Electronics', 'Sub1', 'Brand0', 30, 1352.4, 108.19, 5, 8.0, Timestamp('2026-04-08 00:26:49.982614'))
[2026-04-08T00:26:50.240+0000] {sql.py:466} INFO - Rows affected: 1
[2026-04-08T00:26:50.256+0000] {base.py:84} INFO - Using connection ID 'postgres_retail' for task execution.
[2026-04-08T00:26:50.265+0000] {sql.py:457} INFO - Running statement: 
            INSERT INTO curated.fact_daily_sales (
                store_id, product_id, transaction_date,
                category, subcategory, brand,
                total_quantity, total_revenue, total_tax,
                transaction_count, avg_discount, load_timestamp
            ) VALUES (
                %s, %s, %s, %s, %s, %s,
                %s, %s, %s, %s, %s, %s
            )
            ON CONFLICT (store_id, product_id, transaction_date)
            DO UPDATE SET
                total_quantity    = EXCLUDED.total_quantity,
                total_revenue     = EXCLUDED.total_revenue,
                total_tax         = EXCLUDED.total_tax,
                transaction_count = EXCLUDED.transaction_count,
                avg_discount      = EXCLUDED.avg_discount,
                load_timestamp    = EXCLUDED.load_timestamp;
            , parameters: ('STR003', 'PRD0003', datetime.date(2026, 4, 6), 'Food', 'Sub2', 'Brand2', 10, 425.7, 34.06, 5, 1.0, Timestamp('2026-04-08 00:26:49.982614'))
[2026-04-08T00:26:50.267+0000] {sql.py:466} INFO - Rows affected: 1
[2026-04-08T00:26:50.284+0000] {base.py:84} INFO - Using connection ID 'postgres_retail' for task execution.
[2026-04-08T00:26:50.294+0000] {sql.py:457} INFO - Running statement: 
            INSERT INTO curated.fact_daily_sales (
                store_id, product_id, transaction_date,
                category, subcategory, brand,
                total_quantity, total_revenue, total_tax,
                transaction_count, avg_discount, load_timestamp
            ) VALUES (
                %s, %s, %s, %s, %s, %s,
                %s, %s, %s, %s, %s, %s
            )
            ON CONFLICT (store_id, product_id, transaction_date)
            DO UPDATE SET
                total_quantity    = EXCLUDED.total_quantity,
                total_revenue     = EXCLUDED.total_revenue,
                total_tax         = EXCLUDED.total_tax,
                transaction_count = EXCLUDED.transaction_count,
                avg_discount      = EXCLUDED.avg_discount,
                load_timestamp    = EXCLUDED.load_timestamp;
            , parameters: ('STR003', 'PRD0008', datetime.date(2026, 4, 6), 'Home', 'Sub2', 'Brand3', 35, 1705.64, 136.45, 5, 3.5, Timestamp('2026-04-08 00:26:49.982614'))
[2026-04-08T00:26:50.296+0000] {sql.py:466} INFO - Rows affected: 1
[2026-04-08T00:26:50.313+0000] {base.py:84} INFO - Using connection ID 'postgres_retail' for task execution.
[2026-04-08T00:26:50.322+0000] {sql.py:457} INFO - Running statement: 
            INSERT INTO curated.fact_daily_sales (
                store_id, product_id, transaction_date,
                category, subcategory, brand,
                total_quantity, total_revenue, total_tax,
                transaction_count, avg_discount, load_timestamp
            ) VALUES (
                %s, %s, %s, %s, %s, %s,
                %s, %s, %s, %s, %s, %s
            )
            ON CONFLICT (store_id, product_id, transaction_date)
            DO UPDATE SET
                total_quantity    = EXCLUDED.total_quantity,
                total_revenue     = EXCLUDED.total_revenue,
                total_tax         = EXCLUDED.total_tax,
                transaction_count = EXCLUDED.transaction_count,
                avg_discount      = EXCLUDED.avg_discount,
                load_timestamp    = EXCLUDED.load_timestamp;
            , parameters: ('STR003', 'PRD0013', datetime.date(2026, 4, 6), 'Electronics', 'Sub2', 'Brand0', 10, 404.2, 32.34, 5, 6.0, Timestamp('2026-04-08 00:26:49.982614'))
[2026-04-08T00:26:50.324+0000] {sql.py:466} INFO - Rows affected: 1
[2026-04-08T00:26:50.340+0000] {base.py:84} INFO - Using connection ID 'postgres_retail' for task execution.
[2026-04-08T00:26:50.348+0000] {sql.py:457} INFO - Running statement: 
            INSERT INTO curated.fact_daily_sales (
                store_id, product_id, transaction_date,
                category, subcategory, brand,
                total_quantity, total_revenue, total_tax,
                transaction_count, avg_discount, load_timestamp
            ) VALUES (
                %s, %s, %s, %s, %s, %s,
                %s, %s, %s, %s, %s, %s
            )
            ON CONFLICT (store_id, product_id, transaction_date)
            DO UPDATE SET
                total_quantity    = EXCLUDED.total_quantity,
                total_revenue     = EXCLUDED.total_revenue,
                total_tax         = EXCLUDED.total_tax,
                transaction_count = EXCLUDED.transaction_count,
                avg_discount      = EXCLUDED.avg_discount,
                load_timestamp    = EXCLUDED.load_timestamp;
            , parameters: ('STR003', 'PRD0018', datetime.date(2026, 4, 6), 'Clothing', 'Sub2', 'Brand1', 35, 1617.26, 129.38, 5, 8.5, Timestamp('2026-04-08 00:26:49.982614'))
[2026-04-08T00:26:50.350+0000] {sql.py:466} INFO - Rows affected: 1
[2026-04-08T00:26:50.365+0000] {base.py:84} INFO - Using connection ID 'postgres_retail' for task execution.
[2026-04-08T00:26:50.373+0000] {sql.py:457} INFO - Running statement: 
            INSERT INTO curated.fact_daily_sales (
                store_id, product_id, transaction_date,
                category, subcategory, brand,
                total_quantity, total_revenue, total_tax,
                transaction_count, avg_discount, load_timestamp
            ) VALUES (
                %s, %s, %s, %s, %s, %s,
                %s, %s, %s, %s, %s, %s
            )
            ON CONFLICT (store_id, product_id, transaction_date)
            DO UPDATE SET
                total_quantity    = EXCLUDED.total_quantity,
                total_revenue     = EXCLUDED.total_revenue,
                total_tax         = EXCLUDED.total_tax,
                transaction_count = EXCLUDED.transaction_count,
                avg_discount      = EXCLUDED.avg_discount,
                load_timestamp    = EXCLUDED.load_timestamp;
            , parameters: ('STR004', 'PRD0004', datetime.date(2026, 4, 6), 'Home', 'Sub3', 'Brand3', 15, 657.49, 52.6, 5, 1.5, Timestamp('2026-04-08 00:26:49.982614'))
[2026-04-08T00:26:50.375+0000] {sql.py:466} INFO - Rows affected: 1
[2026-04-08T00:26:50.391+0000] {base.py:84} INFO - Using connection ID 'postgres_retail' for task execution.
[2026-04-08T00:26:50.399+0000] {sql.py:457} INFO - Running statement: 
            INSERT INTO curated.fact_daily_sales (
                store_id, product_id, transaction_date,
                category, subcategory, brand,
                total_quantity, total_revenue, total_tax,
                transaction_count, avg_discount, load_timestamp
            ) VALUES (
                %s, %s, %s, %s, %s, %s,
                %s, %s, %s, %s, %s, %s
            )
            ON CONFLICT (store_id, product_id, transaction_date)
            DO UPDATE SET
                total_quantity    = EXCLUDED.total_quantity,
                total_revenue     = EXCLUDED.total_revenue,
                total_tax         = EXCLUDED.total_tax,
                transaction_count = EXCLUDED.transaction_count,
                avg_discount      = EXCLUDED.avg_discount,
                load_timestamp    = EXCLUDED.load_timestamp;
            , parameters: ('STR004', 'PRD0009', datetime.date(2026, 4, 6), 'Electronics', 'Sub3', 'Brand0', 40, 1996.8, 159.74, 5, 4.0, Timestamp('2026-04-08 00:26:49.982614'))
[2026-04-08T00:26:50.402+0000] {sql.py:466} INFO - Rows affected: 1
[2026-04-08T00:26:50.416+0000] {base.py:84} INFO - Using connection ID 'postgres_retail' for task execution.
[2026-04-08T00:26:50.424+0000] {sql.py:457} INFO - Running statement: 
            INSERT INTO curated.fact_daily_sales (
                store_id, product_id, transaction_date,
                category, subcategory, brand,
                total_quantity, total_revenue, total_tax,
                transaction_count, avg_discount, load_timestamp
            ) VALUES (
                %s, %s, %s, %s, %s, %s,
                %s, %s, %s, %s, %s, %s
            )
            ON CONFLICT (store_id, product_id, transaction_date)
            DO UPDATE SET
                total_quantity    = EXCLUDED.total_quantity,
                total_revenue     = EXCLUDED.total_revenue,
                total_tax         = EXCLUDED.total_tax,
                transaction_count = EXCLUDED.transaction_count,
                avg_discount      = EXCLUDED.avg_discount,
                load_timestamp    = EXCLUDED.load_timestamp;
            , parameters: ('STR004', 'PRD0014', datetime.date(2026, 4, 6), 'Clothing', 'Sub3', 'Brand1', 15, 624.11, 49.93, 5, 6.5, Timestamp('2026-04-08 00:26:49.982614'))
[2026-04-08T00:26:50.426+0000] {sql.py:466} INFO - Rows affected: 1
[2026-04-08T00:26:50.439+0000] {base.py:84} INFO - Using connection ID 'postgres_retail' for task execution.
[2026-04-08T00:26:50.446+0000] {sql.py:457} INFO - Running statement: 
            INSERT INTO curated.fact_daily_sales (
                store_id, product_id, transaction_date,
                category, subcategory, brand,
                total_quantity, total_revenue, total_tax,
                transaction_count, avg_discount, load_timestamp
            ) VALUES (
                %s, %s, %s, %s, %s, %s,
                %s, %s, %s, %s, %s, %s
            )
            ON CONFLICT (store_id, product_id, transaction_date)
            DO UPDATE SET
                total_quantity    = EXCLUDED.total_quantity,
                total_revenue     = EXCLUDED.total_revenue,
                total_tax         = EXCLUDED.total_tax,
                transaction_count = EXCLUDED.transaction_count,
                avg_discount      = EXCLUDED.avg_discount,
                load_timestamp    = EXCLUDED.load_timestamp;
            , parameters: ('STR004', 'PRD0019', datetime.date(2026, 4, 6), 'Food', 'Sub3', 'Brand2', 40, 1892.8, 151.42, 5, 9.0, Timestamp('2026-04-08 00:26:49.982614'))
[2026-04-08T00:26:50.448+0000] {sql.py:466} INFO - Rows affected: 1
[2026-04-08T00:26:50.462+0000] {base.py:84} INFO - Using connection ID 'postgres_retail' for task execution.
[2026-04-08T00:26:50.470+0000] {sql.py:457} INFO - Running statement: 
            INSERT INTO curated.fact_daily_sales (
                store_id, product_id, transaction_date,
                category, subcategory, brand,
                total_quantity, total_revenue, total_tax,
                transaction_count, avg_discount, load_timestamp
            ) VALUES (
                %s, %s, %s, %s, %s, %s,
                %s, %s, %s, %s, %s, %s
            )
            ON CONFLICT (store_id, product_id, transaction_date)
            DO UPDATE SET
                total_quantity    = EXCLUDED.total_quantity,
                total_revenue     = EXCLUDED.total_revenue,
                total_tax         = EXCLUDED.total_tax,
                transaction_count = EXCLUDED.transaction_count,
                avg_discount      = EXCLUDED.avg_discount,
                load_timestamp    = EXCLUDED.load_timestamp;
            , parameters: ('STR005', 'PRD0005', datetime.date(2026, 4, 6), 'Electronics', 'Sub4', 'Brand0', 20, 901.6, 72.13, 5, 2.0, Timestamp('2026-04-08 00:26:49.982614'))
[2026-04-08T00:26:50.472+0000] {sql.py:466} INFO - Rows affected: 1
[2026-04-08T00:26:50.485+0000] {base.py:84} INFO - Using connection ID 'postgres_retail' for task execution.
[2026-04-08T00:26:50.494+0000] {sql.py:457} INFO - Running statement: 
            INSERT INTO curated.fact_daily_sales (
                store_id, product_id, transaction_date,
                category, subcategory, brand,
                total_quantity, total_revenue, total_tax,
                transaction_count, avg_discount, load_timestamp
            ) VALUES (
                %s, %s, %s, %s, %s, %s,
                %s, %s, %s, %s, %s, %s
            )
            ON CONFLICT (store_id, product_id, transaction_date)
            DO UPDATE SET
                total_quantity    = EXCLUDED.total_quantity,
                total_revenue     = EXCLUDED.total_revenue,
                total_tax         = EXCLUDED.total_tax,
                transaction_count = EXCLUDED.transaction_count,
                avg_discount      = EXCLUDED.avg_discount,
                load_timestamp    = EXCLUDED.load_timestamp;
            , parameters: ('STR005', 'PRD0010', datetime.date(2026, 4, 6), 'Clothing', 'Sub4', 'Brand1', 45, 2299.16, 183.93, 5, 4.5, Timestamp('2026-04-08 00:26:49.982614'))
[2026-04-08T00:26:50.496+0000] {sql.py:466} INFO - Rows affected: 1
[2026-04-08T00:26:50.510+0000] {base.py:84} INFO - Using connection ID 'postgres_retail' for task execution.
[2026-04-08T00:26:50.519+0000] {sql.py:457} INFO - Running statement: 
            INSERT INTO curated.fact_daily_sales (
                store_id, product_id, transaction_date,
                category, subcategory, brand,
                total_quantity, total_revenue, total_tax,
                transaction_count, avg_discount, load_timestamp
            ) VALUES (
                %s, %s, %s, %s, %s, %s,
                %s, %s, %s, %s, %s, %s
            )
            ON CONFLICT (store_id, product_id, transaction_date)
            DO UPDATE SET
                total_quantity    = EXCLUDED.total_quantity,
                total_revenue     = EXCLUDED.total_revenue,
                total_tax         = EXCLUDED.total_tax,
                transaction_count = EXCLUDED.transaction_count,
                avg_discount      = EXCLUDED.avg_discount,
                load_timestamp    = EXCLUDED.load_timestamp;
            , parameters: ('STR005', 'PRD0015', datetime.date(2026, 4, 6), 'Food', 'Sub4', 'Brand2', 20, 855.6, 68.45, 5, 7.0, Timestamp('2026-04-08 00:26:49.982614'))
[2026-04-08T00:26:50.521+0000] {sql.py:466} INFO - Rows affected: 1
[2026-04-08T00:26:50.533+0000] {base.py:84} INFO - Using connection ID 'postgres_retail' for task execution.
[2026-04-08T00:26:50.543+0000] {sql.py:457} INFO - Running statement: 
            INSERT INTO curated.fact_daily_sales (
                store_id, product_id, transaction_date,
                category, subcategory, brand,
                total_quantity, total_revenue, total_tax,
                transaction_count, avg_discount, load_timestamp
            ) VALUES (
                %s, %s, %s, %s, %s, %s,
                %s, %s, %s, %s, %s, %s
            )
            ON CONFLICT (store_id, product_id, transaction_date)
            DO UPDATE SET
                total_quantity    = EXCLUDED.total_quantity,
                total_revenue     = EXCLUDED.total_revenue,
                total_tax         = EXCLUDED.total_tax,
                transaction_count = EXCLUDED.transaction_count,
                avg_discount      = EXCLUDED.avg_discount,
                load_timestamp    = EXCLUDED.load_timestamp;
            , parameters: ('STR005', 'PRD0020', datetime.date(2026, 4, 6), 'Home', 'Sub4', 'Brand3', 45, 2178.79, 174.3, 5, 9.5, Timestamp('2026-04-08 00:26:49.982614'))
[2026-04-08T00:26:50.545+0000] {sql.py:466} INFO - Rows affected: 1
[2026-04-08T00:26:50.546+0000] {retail_daily_ingestion.py:339} INFO - Curated load complete: 20 rows upserted into curated.fact_daily_sales
[2026-04-08T00:26:50.547+0000] {python.py:237} INFO - Done. Returned value was: None
[2026-04-08T00:26:50.547+0000] {taskinstance.py:441} INFO - ::group::Post task execution logs
[2026-04-08T00:26:50.563+0000] {taskinstance.py:1205} INFO - Marking task as SUCCESS. dag_id=retail_daily_ingestion, task_id=transform_sales, execution_date=20260408T002057, start_date=20260408T002649, end_date=20260408T002650
[2026-04-08T00:26:50.620+0000] {local_task_job_runner.py:240} INFO - Task exited with return code 0
[2026-04-08T00:26:50.663+0000] {logging_mixin.py:188} WARNING - /home/***/.local/lib/python3.11/site-packages/***/models/baseoperator.py:1296 AirflowProviderDeprecationWarning: Call to deprecated class PostgresOperator. (Please use `***.providers.common.sql.operators.sql.SQLExecuteQueryOperator`.Also, you can provide `hook_params={'schema': <database>}`.)
[2026-04-08T00:26:50.682+0000] {taskinstance.py:3482} INFO - 1 downstream tasks scheduled from follow-on schedule check
[2026-04-08T00:26:50.683+0000] {local_task_job_runner.py:222} INFO - ::endgroup::
