[2026-04-10T06:00:05.774+0000] {local_task_job_runner.py:120} INFO - ::group::Pre task execution logs
[2026-04-10T06:00:05.806+0000] {taskinstance.py:2073} INFO - Dependencies all met for dep_context=non-requeueable deps ti=<TaskInstance: retail_daily_ingestion.check_files_exist scheduled__2026-04-09T06:00:00+00:00 [queued]>
[2026-04-10T06:00:05.818+0000] {taskinstance.py:2073} INFO - Dependencies all met for dep_context=requeueable deps ti=<TaskInstance: retail_daily_ingestion.check_files_exist scheduled__2026-04-09T06:00:00+00:00 [queued]>
[2026-04-10T06:00:05.819+0000] {taskinstance.py:2303} INFO - Starting attempt 1 of 4
[2026-04-10T06:00:05.834+0000] {taskinstance.py:2327} INFO - Executing <Task(S3KeySensor): check_files_exist> on 2026-04-09 06:00:00+00:00
[2026-04-10T06:00:05.840+0000] {standard_task_runner.py:63} INFO - Started process 5889 to run task
[2026-04-10T06:00:05.845+0000] {standard_task_runner.py:90} INFO - Running: ['***', 'tasks', 'run', 'retail_daily_ingestion', 'check_files_exist', 'scheduled__2026-04-09T06:00:00+00:00', '--job-id', '121', '--raw', '--subdir', 'DAGS_FOLDER/retail_daily_ingestion.py', '--cfg-path', '/tmp/tmpylmtpzs5']
[2026-04-10T06:00:05.847+0000] {standard_task_runner.py:91} INFO - Job 121: Subtask check_files_exist
[2026-04-10T06:00:05.917+0000] {task_command.py:426} INFO - Running <TaskInstance: retail_daily_ingestion.check_files_exist scheduled__2026-04-09T06:00:00+00:00 [running]> on host 649f4949adfd
[2026-04-10T06:00:06.098+0000] {taskinstance.py:2644} INFO - Exporting env vars: AIRFLOW_CTX_DAG_EMAIL='diluksha@bistcglobal.com' AIRFLOW_CTX_DAG_OWNER='data-engineering' AIRFLOW_CTX_DAG_ID='retail_daily_ingestion' AIRFLOW_CTX_TASK_ID='check_files_exist' AIRFLOW_CTX_EXECUTION_DATE='2026-04-09T06:00:00+00:00' AIRFLOW_CTX_TRY_NUMBER='1' AIRFLOW_CTX_DAG_RUN_ID='scheduled__2026-04-09T06:00:00+00:00'
[2026-04-10T06:00:06.099+0000] {taskinstance.py:430} INFO - ::endgroup::
[2026-04-10T06:00:06.136+0000] {baseoperator.py:399} WARNING - S3KeySensor.execute cannot be called outside TaskInstance!
[2026-04-10T06:00:06.137+0000] {s3.py:110} INFO - Poking for key : s3://raw-data/retail-data/2026-04-09/sales_transactions.csv
[2026-04-10T06:00:06.154+0000] {base.py:84} INFO - Using connection ID 'minio_s3' for task execution.
[2026-04-10T06:00:06.155+0000] {connection_wrapper.py:384} INFO - AWS Connection (conn_id='minio_s3', conn_type='aws') credentials retrieved from login and password.
[2026-04-10T06:00:38.146+0000] {s3.py:110} INFO - Poking for key : s3://raw-data/retail-data/2026-04-09/sales_transactions.csv
[2026-04-10T06:01:08.859+0000] {s3.py:110} INFO - Poking for key : s3://raw-data/retail-data/2026-04-09/sales_transactions.csv
[2026-04-10T06:01:39.603+0000] {s3.py:110} INFO - Poking for key : s3://raw-data/retail-data/2026-04-09/sales_transactions.csv
[2026-04-10T06:02:10.339+0000] {s3.py:110} INFO - Poking for key : s3://raw-data/retail-data/2026-04-09/sales_transactions.csv
[2026-04-10T06:02:41.091+0000] {s3.py:110} INFO - Poking for key : s3://raw-data/retail-data/2026-04-09/sales_transactions.csv
[2026-04-10T06:03:11.814+0000] {s3.py:110} INFO - Poking for key : s3://raw-data/retail-data/2026-04-09/sales_transactions.csv
[2026-04-10T06:03:42.565+0000] {s3.py:110} INFO - Poking for key : s3://raw-data/retail-data/2026-04-09/sales_transactions.csv
[2026-04-10T06:04:12.932+0000] {s3.py:110} INFO - Poking for key : s3://raw-data/retail-data/2026-04-09/sales_transactions.csv
[2026-04-10T06:04:43.260+0000] {s3.py:110} INFO - Poking for key : s3://raw-data/retail-data/2026-04-09/sales_transactions.csv
[2026-04-10T06:05:13.923+0000] {s3.py:110} INFO - Poking for key : s3://raw-data/retail-data/2026-04-09/sales_transactions.csv
[2026-04-10T06:05:44.485+0000] {s3.py:110} INFO - Poking for key : s3://raw-data/retail-data/2026-04-09/sales_transactions.csv
[2026-04-10T06:06:14.775+0000] {s3.py:110} INFO - Poking for key : s3://raw-data/retail-data/2026-04-09/sales_transactions.csv
[2026-04-10T06:06:45.671+0000] {s3.py:110} INFO - Poking for key : s3://raw-data/retail-data/2026-04-09/sales_transactions.csv
[2026-04-10T06:07:16.427+0000] {s3.py:110} INFO - Poking for key : s3://raw-data/retail-data/2026-04-09/sales_transactions.csv
[2026-04-10T06:07:47.368+0000] {s3.py:110} INFO - Poking for key : s3://raw-data/retail-data/2026-04-09/sales_transactions.csv
[2026-04-10T06:08:17.734+0000] {s3.py:110} INFO - Poking for key : s3://raw-data/retail-data/2026-04-09/sales_transactions.csv
[2026-04-10T06:08:48.416+0000] {s3.py:110} INFO - Poking for key : s3://raw-data/retail-data/2026-04-09/sales_transactions.csv
[2026-04-10T06:09:19.092+0000] {s3.py:110} INFO - Poking for key : s3://raw-data/retail-data/2026-04-09/sales_transactions.csv
[2026-04-10T06:09:49.797+0000] {s3.py:110} INFO - Poking for key : s3://raw-data/retail-data/2026-04-09/sales_transactions.csv
[2026-04-10T06:10:20.525+0000] {s3.py:110} INFO - Poking for key : s3://raw-data/retail-data/2026-04-09/sales_transactions.csv
[2026-04-10T06:10:51.242+0000] {s3.py:110} INFO - Poking for key : s3://raw-data/retail-data/2026-04-09/sales_transactions.csv
[2026-04-10T06:11:21.937+0000] {s3.py:110} INFO - Poking for key : s3://raw-data/retail-data/2026-04-09/sales_transactions.csv
[2026-04-10T06:11:52.646+0000] {s3.py:110} INFO - Poking for key : s3://raw-data/retail-data/2026-04-09/sales_transactions.csv
[2026-04-10T06:12:22.932+0000] {s3.py:110} INFO - Poking for key : s3://raw-data/retail-data/2026-04-09/sales_transactions.csv
[2026-04-10T06:12:53.546+0000] {s3.py:110} INFO - Poking for key : s3://raw-data/retail-data/2026-04-09/sales_transactions.csv
[2026-04-10T06:13:24.168+0000] {s3.py:110} INFO - Poking for key : s3://raw-data/retail-data/2026-04-09/sales_transactions.csv
[2026-04-10T06:13:54.814+0000] {s3.py:110} INFO - Poking for key : s3://raw-data/retail-data/2026-04-09/sales_transactions.csv
[2026-04-10T06:14:25.754+0000] {s3.py:110} INFO - Poking for key : s3://raw-data/retail-data/2026-04-09/sales_transactions.csv
[2026-04-10T06:14:56.418+0000] {s3.py:110} INFO - Poking for key : s3://raw-data/retail-data/2026-04-09/sales_transactions.csv
[2026-04-10T06:15:27.082+0000] {s3.py:110} INFO - Poking for key : s3://raw-data/retail-data/2026-04-09/sales_transactions.csv
[2026-04-10T06:15:57.742+0000] {s3.py:110} INFO - Poking for key : s3://raw-data/retail-data/2026-04-09/sales_transactions.csv
[2026-04-10T06:16:28.413+0000] {s3.py:110} INFO - Poking for key : s3://raw-data/retail-data/2026-04-09/sales_transactions.csv
[2026-04-10T06:16:59.084+0000] {s3.py:110} INFO - Poking for key : s3://raw-data/retail-data/2026-04-09/sales_transactions.csv
[2026-04-10T06:17:29.799+0000] {s3.py:110} INFO - Poking for key : s3://raw-data/retail-data/2026-04-09/sales_transactions.csv
[2026-04-10T06:18:00.456+0000] {s3.py:110} INFO - Poking for key : s3://raw-data/retail-data/2026-04-09/sales_transactions.csv
[2026-04-10T06:18:31.135+0000] {s3.py:110} INFO - Poking for key : s3://raw-data/retail-data/2026-04-09/sales_transactions.csv
[2026-04-10T06:19:01.387+0000] {s3.py:110} INFO - Poking for key : s3://raw-data/retail-data/2026-04-09/sales_transactions.csv
[2026-04-10T06:19:31.727+0000] {s3.py:110} INFO - Poking for key : s3://raw-data/retail-data/2026-04-09/sales_transactions.csv
[2026-04-10T06:20:02.103+0000] {s3.py:110} INFO - Poking for key : s3://raw-data/retail-data/2026-04-09/sales_transactions.csv
[2026-04-10T06:20:32.560+0000] {s3.py:110} INFO - Poking for key : s3://raw-data/retail-data/2026-04-09/sales_transactions.csv
[2026-04-10T06:21:03.223+0000] {s3.py:110} INFO - Poking for key : s3://raw-data/retail-data/2026-04-09/sales_transactions.csv
[2026-04-10T06:21:33.438+0000] {s3.py:110} INFO - Poking for key : s3://raw-data/retail-data/2026-04-09/sales_transactions.csv
[2026-04-10T06:22:03.735+0000] {s3.py:110} INFO - Poking for key : s3://raw-data/retail-data/2026-04-09/sales_transactions.csv
[2026-04-10T06:22:34.380+0000] {s3.py:110} INFO - Poking for key : s3://raw-data/retail-data/2026-04-09/sales_transactions.csv
[2026-04-10T06:23:04.636+0000] {s3.py:110} INFO - Poking for key : s3://raw-data/retail-data/2026-04-09/sales_transactions.csv
[2026-04-10T06:23:35.513+0000] {s3.py:110} INFO - Poking for key : s3://raw-data/retail-data/2026-04-09/sales_transactions.csv
[2026-04-10T06:24:05.842+0000] {s3.py:110} INFO - Poking for key : s3://raw-data/retail-data/2026-04-09/sales_transactions.csv
[2026-04-10T06:24:35.955+0000] {s3.py:110} INFO - Poking for key : s3://raw-data/retail-data/2026-04-09/sales_transactions.csv
[2026-04-10T06:25:06.093+0000] {s3.py:110} INFO - Poking for key : s3://raw-data/retail-data/2026-04-09/sales_transactions.csv
[2026-04-10T06:25:36.282+0000] {s3.py:110} INFO - Poking for key : s3://raw-data/retail-data/2026-04-09/sales_transactions.csv
[2026-04-10T06:26:06.419+0000] {s3.py:110} INFO - Poking for key : s3://raw-data/retail-data/2026-04-09/sales_transactions.csv
[2026-04-10T06:26:36.992+0000] {s3.py:110} INFO - Poking for key : s3://raw-data/retail-data/2026-04-09/sales_transactions.csv
[2026-04-10T06:27:07.490+0000] {s3.py:110} INFO - Poking for key : s3://raw-data/retail-data/2026-04-09/sales_transactions.csv
[2026-04-10T06:27:38.228+0000] {s3.py:110} INFO - Poking for key : s3://raw-data/retail-data/2026-04-09/sales_transactions.csv
[2026-04-10T06:28:08.979+0000] {s3.py:110} INFO - Poking for key : s3://raw-data/retail-data/2026-04-09/sales_transactions.csv
[2026-04-10T06:28:39.738+0000] {s3.py:110} INFO - Poking for key : s3://raw-data/retail-data/2026-04-09/sales_transactions.csv
[2026-04-10T06:29:10.471+0000] {s3.py:110} INFO - Poking for key : s3://raw-data/retail-data/2026-04-09/sales_transactions.csv
[2026-04-10T06:29:41.152+0000] {s3.py:110} INFO - Poking for key : s3://raw-data/retail-data/2026-04-09/sales_transactions.csv
[2026-04-10T06:30:11.847+0000] {s3.py:110} INFO - Poking for key : s3://raw-data/retail-data/2026-04-09/sales_transactions.csv
[2026-04-10T06:30:42.521+0000] {s3.py:110} INFO - Poking for key : s3://raw-data/retail-data/2026-04-09/sales_transactions.csv
[2026-04-10T06:30:42.545+0000] {taskinstance.py:441} INFO - ::group::Post task execution logs
[2026-04-10T06:30:42.627+0000] {taskinstance.py:2890} ERROR - Task failed with exception
Traceback (most recent call last):
  File "/home/airflow/.local/lib/python3.11/site-packages/airflow/models/taskinstance.py", line 465, in _execute_task
    result = _execute_callable(context=context, **execute_callable_kwargs)
             ^^^^^^^^^^^^^^^^^^^^^^^^^^^^^^^^^^^^^^^^^^^^^^^^^^^^^^^^^^^^^
  File "/home/airflow/.local/lib/python3.11/site-packages/airflow/models/taskinstance.py", line 432, in _execute_callable
    return execute_callable(context=context, **execute_callable_kwargs)
           ^^^^^^^^^^^^^^^^^^^^^^^^^^^^^^^^^^^^^^^^^^^^^^^^^^^^^^^^^^^^
  File "/home/airflow/.local/lib/python3.11/site-packages/airflow/models/baseoperator.py", line 400, in wrapper
    return func(self, *args, **kwargs)
           ^^^^^^^^^^^^^^^^^^^^^^^^^^^
  File "/home/airflow/.local/lib/python3.11/site-packages/airflow/providers/amazon/aws/sensors/s3.py", line 153, in execute
    super().execute(context)
  File "/home/airflow/.local/lib/python3.11/site-packages/airflow/models/baseoperator.py", line 400, in wrapper
    return func(self, *args, **kwargs)
           ^^^^^^^^^^^^^^^^^^^^^^^^^^^
  File "/home/airflow/.local/lib/python3.11/site-packages/airflow/sensors/base.py", line 281, in execute
    raise AirflowSensorTimeout(message)
airflow.exceptions.AirflowSensorTimeout: Sensor has timed out; run duration of 1801.7576528499994 seconds exceeds the specified timeout of 1800.0.
[2026-04-10T06:30:43.019+0000] {taskinstance.py:1205} INFO - Immediate failure requested. Marking task as FAILED. dag_id=retail_daily_ingestion, task_id=check_files_exist, execution_date=20260409T060000, start_date=20260410T060005, end_date=20260410T063042
[2026-04-10T06:30:43.289+0000] {logging_mixin.py:188} WARNING - /home/***/.local/lib/python3.11/site-packages/***/utils/email.py:154 RemovedInAirflow3Warning: Fetching SMTP credentials from configuration variables will be deprecated in a future release. Please set credentials using a connection instead.
[2026-04-10T06:30:43.295+0000] {configuration.py:1050} WARNING - section/key [smtp/smtp_user] not found in config
[2026-04-10T06:30:43.296+0000] {email.py:271} INFO - Email alerting: attempt 1
[2026-04-10T06:30:43.320+0000] {configuration.py:1050} WARNING - section/key [smtp/smtp_user] not found in config
[2026-04-10T06:30:43.320+0000] {email.py:271} INFO - Email alerting: attempt 1
[2026-04-10T06:30:43.321+0000] {taskinstance.py:879} ERROR - Failed to send email to: ['diluksha@bistcglobal.com']
Traceback (most recent call last):
  File "/home/airflow/.local/lib/python3.11/site-packages/airflow/models/taskinstance.py", line 2476, in _run_raw_task
    self._execute_task_with_callbacks(context, test_mode, session=session)
  File "/home/airflow/.local/lib/python3.11/site-packages/airflow/models/taskinstance.py", line 2663, in _execute_task_with_callbacks
    result = self._execute_task(context, task_orig)
             ^^^^^^^^^^^^^^^^^^^^^^^^^^^^^^^^^^^^^^
  File "/home/airflow/.local/lib/python3.11/site-packages/airflow/models/taskinstance.py", line 2686, in _execute_task
    return _execute_task(self, context, task_orig)
           ^^^^^^^^^^^^^^^^^^^^^^^^^^^^^^^^^^^^^^^
  File "/home/airflow/.local/lib/python3.11/site-packages/airflow/models/taskinstance.py", line 465, in _execute_task
    result = _execute_callable(context=context, **execute_callable_kwargs)
             ^^^^^^^^^^^^^^^^^^^^^^^^^^^^^^^^^^^^^^^^^^^^^^^^^^^^^^^^^^^^^
  File "/home/airflow/.local/lib/python3.11/site-packages/airflow/models/taskinstance.py", line 432, in _execute_callable
    return execute_callable(context=context, **execute_callable_kwargs)
           ^^^^^^^^^^^^^^^^^^^^^^^^^^^^^^^^^^^^^^^^^^^^^^^^^^^^^^^^^^^^
  File "/home/airflow/.local/lib/python3.11/site-packages/airflow/models/baseoperator.py", line 400, in wrapper
    return func(self, *args, **kwargs)
           ^^^^^^^^^^^^^^^^^^^^^^^^^^^
  File "/home/airflow/.local/lib/python3.11/site-packages/airflow/providers/amazon/aws/sensors/s3.py", line 153, in execute
    super().execute(context)
  File "/home/airflow/.local/lib/python3.11/site-packages/airflow/models/baseoperator.py", line 400, in wrapper
    return func(self, *args, **kwargs)
           ^^^^^^^^^^^^^^^^^^^^^^^^^^^
  File "/home/airflow/.local/lib/python3.11/site-packages/airflow/sensors/base.py", line 281, in execute
    raise AirflowSensorTimeout(message)
airflow.exceptions.AirflowSensorTimeout: Sensor has timed out; run duration of 1801.7576528499994 seconds exceeds the specified timeout of 1800.0.

During handling of the above exception, another exception occurred:

Traceback (most recent call last):
  File "/home/airflow/.local/lib/python3.11/site-packages/airflow/models/taskinstance.py", line 1063, in _email_alert
    send_email(task.email, subject, html_content)
  File "/home/airflow/.local/lib/python3.11/site-packages/airflow/utils/email.py", line 80, in send_email
    return backend(
           ^^^^^^^^
  File "/home/airflow/.local/lib/python3.11/site-packages/airflow/utils/email.py", line 154, in send_email_smtp
    send_mime_email(e_from=mail_from, e_to=recipients, mime_msg=msg, conn_id=conn_id, dryrun=dryrun)
  File "/home/airflow/.local/lib/python3.11/site-packages/airflow/utils/email.py", line 273, in send_mime_email
    smtp_conn = _get_smtp_connection(smtp_host, smtp_port, smtp_timeout, smtp_ssl)
                ^^^^^^^^^^^^^^^^^^^^^^^^^^^^^^^^^^^^^^^^^^^^^^^^^^^^^^^^^^^^^^^^^^
  File "/home/airflow/.local/lib/python3.11/site-packages/airflow/utils/email.py", line 317, in _get_smtp_connection
    return smtplib.SMTP(host=host, port=port, timeout=timeout)
           ^^^^^^^^^^^^^^^^^^^^^^^^^^^^^^^^^^^^^^^^^^^^^^^^^^^
  File "/usr/local/lib/python3.11/smtplib.py", line 255, in __init__
    (code, msg) = self.connect(host, port)
                  ^^^^^^^^^^^^^^^^^^^^^^^^
  File "/usr/local/lib/python3.11/smtplib.py", line 341, in connect
    self.sock = self._get_socket(host, port, self.timeout)
                ^^^^^^^^^^^^^^^^^^^^^^^^^^^^^^^^^^^^^^^^^^
  File "/usr/local/lib/python3.11/smtplib.py", line 312, in _get_socket
    return socket.create_connection((host, port), timeout,
           ^^^^^^^^^^^^^^^^^^^^^^^^^^^^^^^^^^^^^^^^^^^^^^^
  File "/usr/local/lib/python3.11/socket.py", line 851, in create_connection
    raise exceptions[0]
  File "/usr/local/lib/python3.11/socket.py", line 836, in create_connection
    sock.connect(sa)
ConnectionRefusedError: [Errno 111] Connection refused

During handling of the above exception, another exception occurred:

Traceback (most recent call last):
  File "/home/airflow/.local/lib/python3.11/site-packages/airflow/models/taskinstance.py", line 877, in _handle_failure
    task_instance.email_alert(error, failure_context["task"])
  File "/home/airflow/.local/lib/python3.11/site-packages/airflow/models/taskinstance.py", line 3148, in email_alert
    _email_alert(task_instance=self, exception=exception, task=task)
  File "/home/airflow/.local/lib/python3.11/site-packages/airflow/models/taskinstance.py", line 1065, in _email_alert
    send_email(task.email, subject, html_content_err)
  File "/home/airflow/.local/lib/python3.11/site-packages/airflow/utils/email.py", line 80, in send_email
    return backend(
           ^^^^^^^^
  File "/home/airflow/.local/lib/python3.11/site-packages/airflow/utils/email.py", line 154, in send_email_smtp
    send_mime_email(e_from=mail_from, e_to=recipients, mime_msg=msg, conn_id=conn_id, dryrun=dryrun)
  File "/home/airflow/.local/lib/python3.11/site-packages/airflow/utils/email.py", line 273, in send_mime_email
    smtp_conn = _get_smtp_connection(smtp_host, smtp_port, smtp_timeout, smtp_ssl)
                ^^^^^^^^^^^^^^^^^^^^^^^^^^^^^^^^^^^^^^^^^^^^^^^^^^^^^^^^^^^^^^^^^^
  File "/home/airflow/.local/lib/python3.11/site-packages/airflow/utils/email.py", line 317, in _get_smtp_connection
    return smtplib.SMTP(host=host, port=port, timeout=timeout)
           ^^^^^^^^^^^^^^^^^^^^^^^^^^^^^^^^^^^^^^^^^^^^^^^^^^^
  File "/usr/local/lib/python3.11/smtplib.py", line 255, in __init__
    (code, msg) = self.connect(host, port)
                  ^^^^^^^^^^^^^^^^^^^^^^^^
  File "/usr/local/lib/python3.11/smtplib.py", line 341, in connect
    self.sock = self._get_socket(host, port, self.timeout)
                ^^^^^^^^^^^^^^^^^^^^^^^^^^^^^^^^^^^^^^^^^^
  File "/usr/local/lib/python3.11/smtplib.py", line 312, in _get_socket
    return socket.create_connection((host, port), timeout,
           ^^^^^^^^^^^^^^^^^^^^^^^^^^^^^^^^^^^^^^^^^^^^^^^
  File "/usr/local/lib/python3.11/socket.py", line 851, in create_connection
    raise exceptions[0]
  File "/usr/local/lib/python3.11/socket.py", line 836, in create_connection
    sock.connect(sa)
ConnectionRefusedError: [Errno 111] Connection refused
[2026-04-10T06:30:43.361+0000] {base.py:84} INFO - Using connection ID 'slack_webhook' for task execution.
[2026-04-10T06:30:43.390+0000] {base.py:84} INFO - Using connection ID 'slack_webhook' for task execution.
[2026-04-10T06:30:44.436+0000] {retail_daily_ingestion.py:139} INFO - Slack alert sent for task: check_files_exist
[2026-04-10T06:30:44.520+0000] {standard_task_runner.py:110} ERROR - Failed to execute job 121 for task check_files_exist (Sensor has timed out; run duration of 1801.7576528499994 seconds exceeds the specified timeout of 1800.0.; 5889)
[2026-04-10T06:30:44.585+0000] {local_task_job_runner.py:240} INFO - Task exited with return code 1
[2026-04-10T06:30:44.831+0000] {logging_mixin.py:188} WARNING - /home/***/.local/lib/python3.11/site-packages/***/models/baseoperator.py:1296 AirflowProviderDeprecationWarning: Call to deprecated class PostgresOperator. (Please use `***.providers.common.sql.operators.sql.SQLExecuteQueryOperator`.Also, you can provide `hook_params={'schema': <database>}`.)
[2026-04-10T06:30:45.098+0000] {taskinstance.py:3482} INFO - 0 downstream tasks scheduled from follow-on schedule check
[2026-04-10T06:30:45.125+0000] {local_task_job_runner.py:222} INFO - ::endgroup::
