[2026-04-08T03:37:44.825+0000] {local_task_job_runner.py:120} INFO - ::group::Pre task execution logs
[2026-04-08T03:37:44.851+0000] {taskinstance.py:2073} INFO - Dependencies all met for dep_context=non-requeueable deps ti=<TaskInstance: retail_daily_ingestion.ingest_to_staging manual__2026-04-08T03:37:32.025276+00:00 [queued]>
[2026-04-08T03:37:44.860+0000] {taskinstance.py:2073} INFO - Dependencies all met for dep_context=requeueable deps ti=<TaskInstance: retail_daily_ingestion.ingest_to_staging manual__2026-04-08T03:37:32.025276+00:00 [queued]>
[2026-04-08T03:37:44.862+0000] {taskinstance.py:2303} INFO - Starting attempt 1 of 4
[2026-04-08T03:37:44.873+0000] {taskinstance.py:2327} INFO - Executing <Task(PythonOperator): ingest_to_staging> on 2026-04-08 03:37:32.025276+00:00
[2026-04-08T03:37:44.880+0000] {standard_task_runner.py:63} INFO - Started process 5539 to run task
[2026-04-08T03:37:44.882+0000] {standard_task_runner.py:90} INFO - Running: ['***', 'tasks', 'run', 'retail_daily_ingestion', 'ingest_to_staging', 'manual__2026-04-08T03:37:32.025276+00:00', '--job-id', '78', '--raw', '--subdir', 'DAGS_FOLDER/retail_daily_ingestion.py', '--cfg-path', '/tmp/tmpvlkrm3rg']
[2026-04-08T03:37:44.885+0000] {standard_task_runner.py:91} INFO - Job 78: Subtask ingest_to_staging
[2026-04-08T03:37:44.967+0000] {task_command.py:426} INFO - Running <TaskInstance: retail_daily_ingestion.ingest_to_staging manual__2026-04-08T03:37:32.025276+00:00 [running]> on host 649f4949adfd
[2026-04-08T03:37:45.077+0000] {taskinstance.py:2644} INFO - Exporting env vars: AIRFLOW_CTX_DAG_EMAIL='diluksha@bistcglobal.com' AIRFLOW_CTX_DAG_OWNER='data-engineering' AIRFLOW_CTX_DAG_ID='retail_daily_ingestion' AIRFLOW_CTX_TASK_ID='ingest_to_staging' AIRFLOW_CTX_EXECUTION_DATE='2026-04-08T03:37:32.025276+00:00' AIRFLOW_CTX_TRY_NUMBER='1' AIRFLOW_CTX_DAG_RUN_ID='manual__2026-04-08T03:37:32.025276+00:00'
[2026-04-08T03:37:45.078+0000] {taskinstance.py:430} INFO - ::endgroup::
[2026-04-08T03:37:45.103+0000] {retail_daily_ingestion.py:235} INFO - Reading s3://raw-data/retail-data/2026-04-06/sales_transactions.csv
[2026-04-08T03:37:45.117+0000] {base.py:84} INFO - Using connection ID 'minio_s3' for task execution.
[2026-04-08T03:37:45.118+0000] {connection_wrapper.py:384} INFO - AWS Connection (conn_id='minio_s3', conn_type='aws') credentials retrieved from login and password.
[2026-04-08T03:37:45.438+0000] {retail_daily_ingestion.py:249} INFO - File sales_transactions.csv loaded: 100 rows
[2026-04-08T03:37:45.452+0000] {base.py:84} INFO - Using connection ID 'postgres_retail' for task execution.
[2026-04-08T03:37:45.462+0000] {sql.py:457} INFO - Running statement: TRUNCATE TABLE staging.sales_transactions;, parameters: None
[2026-04-08T03:37:45.500+0000] {base.py:84} INFO - Using connection ID 'postgres_retail' for task execution.
[2026-04-08T03:37:45.537+0000] {sql.py:580} INFO - Done loading. Loaded a total of 100 rows into staging.sales_transactions
[2026-04-08T03:37:45.538+0000] {retail_daily_ingestion.py:264} INFO - Staged 100 rows → staging.sales_transactions
[2026-04-08T03:37:45.538+0000] {retail_daily_ingestion.py:235} INFO - Reading s3://raw-data/retail-data/2026-04-06/product_catalog.csv
[2026-04-08T03:37:45.658+0000] {retail_daily_ingestion.py:249} INFO - File product_catalog.csv loaded: 20 rows
[2026-04-08T03:37:45.671+0000] {base.py:84} INFO - Using connection ID 'postgres_retail' for task execution.
[2026-04-08T03:37:45.678+0000] {sql.py:457} INFO - Running statement: TRUNCATE TABLE staging.product_catalog;, parameters: None
[2026-04-08T03:37:45.697+0000] {base.py:84} INFO - Using connection ID 'postgres_retail' for task execution.
[2026-04-08T03:37:45.709+0000] {sql.py:580} INFO - Done loading. Loaded a total of 20 rows into staging.product_catalog
[2026-04-08T03:37:45.709+0000] {retail_daily_ingestion.py:264} INFO - Staged 20 rows → staging.product_catalog
[2026-04-08T03:37:45.710+0000] {retail_daily_ingestion.py:235} INFO - Reading s3://raw-data/retail-data/2026-04-06/store_locations.csv
[2026-04-08T03:37:45.838+0000] {retail_daily_ingestion.py:249} INFO - File store_locations.csv loaded: 5 rows
[2026-04-08T03:37:45.859+0000] {base.py:84} INFO - Using connection ID 'postgres_retail' for task execution.
[2026-04-08T03:37:45.869+0000] {sql.py:457} INFO - Running statement: TRUNCATE TABLE staging.store_locations;, parameters: None
[2026-04-08T03:37:45.891+0000] {base.py:84} INFO - Using connection ID 'postgres_retail' for task execution.
[2026-04-08T03:37:45.903+0000] {sql.py:580} INFO - Done loading. Loaded a total of 5 rows into staging.store_locations
[2026-04-08T03:37:45.903+0000] {retail_daily_ingestion.py:264} INFO - Staged 5 rows → staging.store_locations
[2026-04-08T03:37:45.915+0000] {base.py:84} INFO - Using connection ID 'postgres_retail' for task execution.
[2026-04-08T03:37:45.924+0000] {sql.py:457} INFO - Running statement: SELECT COUNT(*) FROM staging.sales_transactions;, parameters: None
[2026-04-08T03:37:45.933+0000] {sql.py:466} INFO - Rows affected: 1
[2026-04-08T03:37:45.935+0000] {logging_mixin.py:188} WARNING - /home/***/.local/lib/python3.11/site-packages/***/providers/common/sql/hooks/sql.py:407 AirflowProviderDeprecationWarning: Call to deprecated method _make_common_data_structure. (The `_make_serializable` method is deprecated and support will be removed in a future version of the common.sql provider. Please update the DbApiHook's provider to a version based on common.sql >= 1.9.1.)
[2026-04-08T03:37:45.935+0000] {retail_daily_ingestion.py:271} INFO - staging.sales_transactions row count: 100
[2026-04-08T03:37:45.936+0000] {python.py:237} INFO - Done. Returned value was: None
[2026-04-08T03:37:45.936+0000] {taskinstance.py:441} INFO - ::group::Post task execution logs
[2026-04-08T03:37:45.950+0000] {taskinstance.py:1205} INFO - Marking task as SUCCESS. dag_id=retail_daily_ingestion, task_id=ingest_to_staging, execution_date=20260408T033732, start_date=20260408T033744, end_date=20260408T033745
[2026-04-08T03:37:45.977+0000] {local_task_job_runner.py:240} INFO - Task exited with return code 0
[2026-04-08T03:37:45.996+0000] {logging_mixin.py:188} WARNING - /home/***/.local/lib/python3.11/site-packages/***/models/baseoperator.py:1296 AirflowProviderDeprecationWarning: Call to deprecated class PostgresOperator. (Please use `***.providers.common.sql.operators.sql.SQLExecuteQueryOperator`.Also, you can provide `hook_params={'schema': <database>}`.)
[2026-04-08T03:37:46.011+0000] {taskinstance.py:3482} INFO - 1 downstream tasks scheduled from follow-on schedule check
[2026-04-08T03:37:46.012+0000] {local_task_job_runner.py:222} INFO - ::endgroup::
