[2026-04-08T01:24:07.522+0000] {local_task_job_runner.py:120} INFO - ::group::Pre task execution logs
[2026-04-08T01:24:07.542+0000] {taskinstance.py:2073} INFO - Dependencies all met for dep_context=non-requeueable deps ti=<TaskInstance: retail_daily_ingestion.load_curated manual__2026-04-08T01:23:56+00:00 [queued]>
[2026-04-08T01:24:07.548+0000] {taskinstance.py:2073} INFO - Dependencies all met for dep_context=requeueable deps ti=<TaskInstance: retail_daily_ingestion.load_curated manual__2026-04-08T01:23:56+00:00 [queued]>
[2026-04-08T01:24:07.549+0000] {taskinstance.py:2303} INFO - Starting attempt 1 of 4
[2026-04-08T01:24:07.560+0000] {taskinstance.py:2327} INFO - Executing <Task(PostgresOperator): load_curated> on 2026-04-08 01:23:56+00:00
[2026-04-08T01:24:07.565+0000] {standard_task_runner.py:63} INFO - Started process 3907 to run task
[2026-04-08T01:24:07.568+0000] {standard_task_runner.py:90} INFO - Running: ['***', 'tasks', 'run', 'retail_daily_ingestion', 'load_curated', 'manual__2026-04-08T01:23:56+00:00', '--job-id', '52', '--raw', '--subdir', 'DAGS_FOLDER/retail_daily_ingestion.py', '--cfg-path', '/tmp/tmp2d9nhi6e']
[2026-04-08T01:24:07.570+0000] {standard_task_runner.py:91} INFO - Job 52: Subtask load_curated
[2026-04-08T01:24:07.624+0000] {task_command.py:426} INFO - Running <TaskInstance: retail_daily_ingestion.load_curated manual__2026-04-08T01:23:56+00:00 [running]> on host 649f4949adfd
[2026-04-08T01:24:07.724+0000] {taskinstance.py:2644} INFO - Exporting env vars: AIRFLOW_CTX_DAG_EMAIL='data-engineering-team@company.com' AIRFLOW_CTX_DAG_OWNER='data-engineering' AIRFLOW_CTX_DAG_ID='retail_daily_ingestion' AIRFLOW_CTX_TASK_ID='load_curated' AIRFLOW_CTX_EXECUTION_DATE='2026-04-08T01:23:56+00:00' AIRFLOW_CTX_TRY_NUMBER='1' AIRFLOW_CTX_DAG_RUN_ID='manual__2026-04-08T01:23:56+00:00'
[2026-04-08T01:24:07.725+0000] {taskinstance.py:430} INFO - ::endgroup::
[2026-04-08T01:24:07.735+0000] {sql.py:276} INFO - Executing: 
            INSERT INTO curated.fact_daily_sales (
                store_id, product_id, transaction_date,
                category, subcategory, brand,
                total_quantity, total_revenue, total_tax,
                transaction_count, avg_discount, load_timestamp
            )
            SELECT
                store_id, product_id, transaction_date::DATE,
                category, subcategory, brand,
                total_quantity, total_revenue, total_tax,
                transaction_count, avg_discount, load_timestamp
            FROM staging.fact_daily_sales_stage
            ON CONFLICT (store_id, product_id, transaction_date)
            DO UPDATE SET
                total_quantity    = EXCLUDED.total_quantity,
                total_revenue     = EXCLUDED.total_revenue,
                total_tax         = EXCLUDED.total_tax,
                transaction_count = EXCLUDED.transaction_count,
                avg_discount      = EXCLUDED.avg_discount,
                load_timestamp    = EXCLUDED.load_timestamp;
        
[2026-04-08T01:24:07.749+0000] {base.py:84} INFO - Using connection ID 'postgres_retail' for task execution.
[2026-04-08T01:24:07.761+0000] {base.py:84} INFO - Using connection ID 'postgres_retail' for task execution.
[2026-04-08T01:24:07.768+0000] {sql.py:457} INFO - Running statement: 
            INSERT INTO curated.fact_daily_sales (
                store_id, product_id, transaction_date,
                category, subcategory, brand,
                total_quantity, total_revenue, total_tax,
                transaction_count, avg_discount, load_timestamp
            )
            SELECT
                store_id, product_id, transaction_date::DATE,
                category, subcategory, brand,
                total_quantity, total_revenue, total_tax,
                transaction_count, avg_discount, load_timestamp
            FROM staging.fact_daily_sales_stage
            ON CONFLICT (store_id, product_id, transaction_date)
            DO UPDATE SET
                total_quantity    = EXCLUDED.total_quantity,
                total_revenue     = EXCLUDED.total_revenue,
                total_tax         = EXCLUDED.total_tax,
                transaction_count = EXCLUDED.transaction_count,
                avg_discount      = EXCLUDED.avg_discount,
                load_timestamp    = EXCLUDED.load_timestamp;
        , parameters: None
[2026-04-08T01:24:07.772+0000] {sql.py:466} INFO - Rows affected: 20
[2026-04-08T01:24:07.774+0000] {logging_mixin.py:188} WARNING - /home/***/.local/lib/python3.11/site-packages/***/providers/common/sql/hooks/sql.py:407 AirflowProviderDeprecationWarning: Call to deprecated method _make_common_data_structure. (The `_make_serializable` method is deprecated and support will be removed in a future version of the common.sql provider. Please update the DbApiHook's provider to a version based on common.sql >= 1.9.1.)
[2026-04-08T01:24:07.777+0000] {taskinstance.py:441} INFO - ::group::Post task execution logs
[2026-04-08T01:24:07.792+0000] {taskinstance.py:1205} INFO - Marking task as SUCCESS. dag_id=retail_daily_ingestion, task_id=load_curated, execution_date=20260408T012356, start_date=20260408T012407, end_date=20260408T012407
[2026-04-08T01:24:07.820+0000] {local_task_job_runner.py:240} INFO - Task exited with return code 0
[2026-04-08T01:24:07.839+0000] {logging_mixin.py:188} WARNING - /home/***/.local/lib/python3.11/site-packages/***/models/baseoperator.py:1296 AirflowProviderDeprecationWarning: Call to deprecated class PostgresOperator. (Please use `***.providers.common.sql.operators.sql.SQLExecuteQueryOperator`.Also, you can provide `hook_params={'schema': <database>}`.)
[2026-04-08T01:24:07.855+0000] {taskinstance.py:3482} INFO - 1 downstream tasks scheduled from follow-on schedule check
[2026-04-08T01:24:07.856+0000] {local_task_job_runner.py:222} INFO - ::endgroup::
