[2026-04-08T02:21:29.569+0000] {local_task_job_runner.py:120} INFO - ::group::Pre task execution logs
[2026-04-08T02:21:29.598+0000] {taskinstance.py:2073} INFO - Dependencies all met for dep_context=non-requeueable deps ti=<TaskInstance: retail_daily_ingestion.transform_sales manual__2026-04-08T02:21:20+00:00 [queued]>
[2026-04-08T02:21:29.605+0000] {taskinstance.py:2073} INFO - Dependencies all met for dep_context=requeueable deps ti=<TaskInstance: retail_daily_ingestion.transform_sales manual__2026-04-08T02:21:20+00:00 [queued]>
[2026-04-08T02:21:29.606+0000] {taskinstance.py:2303} INFO - Starting attempt 1 of 2
[2026-04-08T02:21:29.619+0000] {taskinstance.py:2327} INFO - Executing <Task(PythonOperator): transform_sales> on 2026-04-08 02:21:20+00:00
[2026-04-08T02:21:29.625+0000] {standard_task_runner.py:63} INFO - Started process 4606 to run task
[2026-04-08T02:21:29.627+0000] {standard_task_runner.py:90} INFO - Running: ['***', 'tasks', 'run', 'retail_daily_ingestion', 'transform_sales', 'manual__2026-04-08T02:21:20+00:00', '--job-id', '65', '--raw', '--subdir', 'DAGS_FOLDER/retail_daily_ingestion.py', '--cfg-path', '/tmp/tmp61m6hu58']
[2026-04-08T02:21:29.629+0000] {standard_task_runner.py:91} INFO - Job 65: Subtask transform_sales
[2026-04-08T02:21:29.690+0000] {task_command.py:426} INFO - Running <TaskInstance: retail_daily_ingestion.transform_sales manual__2026-04-08T02:21:20+00:00 [running]> on host 649f4949adfd
[2026-04-08T02:21:29.802+0000] {taskinstance.py:2644} INFO - Exporting env vars: AIRFLOW_CTX_DAG_EMAIL='data-engineering-team@company.com' AIRFLOW_CTX_DAG_OWNER='data-engineering' AIRFLOW_CTX_DAG_ID='retail_daily_ingestion' AIRFLOW_CTX_TASK_ID='transform_sales' AIRFLOW_CTX_EXECUTION_DATE='2026-04-08T02:21:20+00:00' AIRFLOW_CTX_TRY_NUMBER='1' AIRFLOW_CTX_DAG_RUN_ID='manual__2026-04-08T02:21:20+00:00'
[2026-04-08T02:21:29.803+0000] {taskinstance.py:430} INFO - ::endgroup::
[2026-04-08T02:21:29.833+0000] {base.py:84} INFO - Using connection ID 'postgres_retail' for task execution.
[2026-04-08T02:21:29.849+0000] {logging_mixin.py:188} WARNING - /home/***/.local/lib/python3.11/site-packages/***/providers/common/sql/hooks/sql.py:227 UserWarning: pandas only supports SQLAlchemy connectable (engine/connection) or database string URI or sqlite3 DBAPI2 connection. Other DBAPI2 objects are not tested. Please consider using SQLAlchemy.
[2026-04-08T02:21:29.855+0000] {retail_daily_ingestion.py:299} INFO - Transform input: 100 rows from staging
[2026-04-08T02:21:29.875+0000] {retail_daily_ingestion.py:348} INFO - Aggregated to 20 store-product-date rows
[2026-04-08T02:21:29.888+0000] {base.py:84} INFO - Using connection ID 'postgres_retail' for task execution.
[2026-04-08T02:21:29.898+0000] {logging_mixin.py:188} WARNING - /home/***/.local/lib/python3.11/site-packages/***/providers/common/sql/hooks/sql.py:227 UserWarning: pandas only supports SQLAlchemy connectable (engine/connection) or database string URI or sqlite3 DBAPI2 connection. Other DBAPI2 objects are not tested. Please consider using SQLAlchemy.
[2026-04-08T02:21:29.904+0000] {retail_daily_ingestion.py:363} INFO - Enriched dataset: 20 rows ready for curated load
[2026-04-08T02:21:29.916+0000] {base.py:84} INFO - Using connection ID 'postgres_retail' for task execution.
[2026-04-08T02:21:29.923+0000] {sql.py:457} INFO - Running statement: TRUNCATE TABLE staging.fact_daily_sales_stage;, parameters: None
[2026-04-08T02:21:29.939+0000] {base.py:84} INFO - Using connection ID 'postgres_retail' for task execution.
[2026-04-08T02:21:29.951+0000] {sql.py:580} INFO - Done loading. Loaded a total of 20 rows into staging.fact_daily_sales_stage
[2026-04-08T02:21:29.951+0000] {retail_daily_ingestion.py:399} INFO - Wrote 20 rows to staging.fact_daily_sales_stage for PostgresOperator UPSERT
[2026-04-08T02:21:29.952+0000] {python.py:237} INFO - Done. Returned value was: None
[2026-04-08T02:21:29.952+0000] {taskinstance.py:441} INFO - ::group::Post task execution logs
[2026-04-08T02:21:29.966+0000] {taskinstance.py:1205} INFO - Marking task as SUCCESS. dag_id=retail_daily_ingestion, task_id=transform_sales, execution_date=20260408T022120, start_date=20260408T022129, end_date=20260408T022129
[2026-04-08T02:21:30.000+0000] {local_task_job_runner.py:240} INFO - Task exited with return code 0
[2026-04-08T02:21:30.030+0000] {logging_mixin.py:188} WARNING - /home/***/.local/lib/python3.11/site-packages/***/models/baseoperator.py:1296 AirflowProviderDeprecationWarning: Call to deprecated class PostgresOperator. (Please use `***.providers.common.sql.operators.sql.SQLExecuteQueryOperator`.Also, you can provide `hook_params={'schema': <database>}`.)
[2026-04-08T02:21:30.046+0000] {taskinstance.py:3482} INFO - 1 downstream tasks scheduled from follow-on schedule check
[2026-04-08T02:21:30.048+0000] {local_task_job_runner.py:222} INFO - ::endgroup::
