[2026-04-08T01:24:05.734+0000] {local_task_job_runner.py:120} INFO - ::group::Pre task execution logs
[2026-04-08T01:24:05.755+0000] {taskinstance.py:2073} INFO - Dependencies all met for dep_context=non-requeueable deps ti=<TaskInstance: retail_daily_ingestion.transform_sales manual__2026-04-08T01:23:56+00:00 [queued]>
[2026-04-08T01:24:05.761+0000] {taskinstance.py:2073} INFO - Dependencies all met for dep_context=requeueable deps ti=<TaskInstance: retail_daily_ingestion.transform_sales manual__2026-04-08T01:23:56+00:00 [queued]>
[2026-04-08T01:24:05.762+0000] {taskinstance.py:2303} INFO - Starting attempt 1 of 2
[2026-04-08T01:24:05.773+0000] {taskinstance.py:2327} INFO - Executing <Task(PythonOperator): transform_sales> on 2026-04-08 01:23:56+00:00
[2026-04-08T01:24:05.777+0000] {standard_task_runner.py:63} INFO - Started process 3904 to run task
[2026-04-08T01:24:05.780+0000] {standard_task_runner.py:90} INFO - Running: ['***', 'tasks', 'run', 'retail_daily_ingestion', 'transform_sales', 'manual__2026-04-08T01:23:56+00:00', '--job-id', '51', '--raw', '--subdir', 'DAGS_FOLDER/retail_daily_ingestion.py', '--cfg-path', '/tmp/tmprftf28bb']
[2026-04-08T01:24:05.782+0000] {standard_task_runner.py:91} INFO - Job 51: Subtask transform_sales
[2026-04-08T01:24:05.838+0000] {task_command.py:426} INFO - Running <TaskInstance: retail_daily_ingestion.transform_sales manual__2026-04-08T01:23:56+00:00 [running]> on host 649f4949adfd
[2026-04-08T01:24:05.942+0000] {taskinstance.py:2644} INFO - Exporting env vars: AIRFLOW_CTX_DAG_EMAIL='data-engineering-team@company.com' AIRFLOW_CTX_DAG_OWNER='data-engineering' AIRFLOW_CTX_DAG_ID='retail_daily_ingestion' AIRFLOW_CTX_TASK_ID='transform_sales' AIRFLOW_CTX_EXECUTION_DATE='2026-04-08T01:23:56+00:00' AIRFLOW_CTX_TRY_NUMBER='1' AIRFLOW_CTX_DAG_RUN_ID='manual__2026-04-08T01:23:56+00:00'
[2026-04-08T01:24:05.943+0000] {taskinstance.py:430} INFO - ::endgroup::
[2026-04-08T01:24:05.966+0000] {base.py:84} INFO - Using connection ID 'postgres_retail' for task execution.
[2026-04-08T01:24:05.983+0000] {logging_mixin.py:188} WARNING - /home/***/.local/lib/python3.11/site-packages/***/providers/common/sql/hooks/sql.py:227 UserWarning: pandas only supports SQLAlchemy connectable (engine/connection) or database string URI or sqlite3 DBAPI2 connection. Other DBAPI2 objects are not tested. Please consider using SQLAlchemy.
[2026-04-08T01:24:05.988+0000] {retail_daily_ingestion.py:233} INFO - Transform input: 100 rows from staging
[2026-04-08T01:24:06.006+0000] {retail_daily_ingestion.py:282} INFO - Aggregated to 20 store-product-date rows
[2026-04-08T01:24:06.016+0000] {base.py:84} INFO - Using connection ID 'postgres_retail' for task execution.
[2026-04-08T01:24:06.024+0000] {logging_mixin.py:188} WARNING - /home/***/.local/lib/python3.11/site-packages/***/providers/common/sql/hooks/sql.py:227 UserWarning: pandas only supports SQLAlchemy connectable (engine/connection) or database string URI or sqlite3 DBAPI2 connection. Other DBAPI2 objects are not tested. Please consider using SQLAlchemy.
[2026-04-08T01:24:06.028+0000] {retail_daily_ingestion.py:297} INFO - Enriched dataset: 20 rows ready for curated load
[2026-04-08T01:24:06.039+0000] {base.py:84} INFO - Using connection ID 'postgres_retail' for task execution.
[2026-04-08T01:24:06.046+0000] {sql.py:457} INFO - Running statement: TRUNCATE TABLE staging.fact_daily_sales_stage;, parameters: None
[2026-04-08T01:24:06.064+0000] {base.py:84} INFO - Using connection ID 'postgres_retail' for task execution.
[2026-04-08T01:24:06.076+0000] {sql.py:580} INFO - Done loading. Loaded a total of 20 rows into staging.fact_daily_sales_stage
[2026-04-08T01:24:06.077+0000] {retail_daily_ingestion.py:333} INFO - Wrote 20 rows to staging.fact_daily_sales_stage for PostgresOperator UPSERT
[2026-04-08T01:24:06.077+0000] {python.py:237} INFO - Done. Returned value was: None
[2026-04-08T01:24:06.077+0000] {taskinstance.py:441} INFO - ::group::Post task execution logs
[2026-04-08T01:24:06.091+0000] {taskinstance.py:1205} INFO - Marking task as SUCCESS. dag_id=retail_daily_ingestion, task_id=transform_sales, execution_date=20260408T012356, start_date=20260408T012405, end_date=20260408T012406
[2026-04-08T01:24:06.112+0000] {local_task_job_runner.py:240} INFO - Task exited with return code 0
[2026-04-08T01:24:06.127+0000] {logging_mixin.py:188} WARNING - /home/***/.local/lib/python3.11/site-packages/***/models/baseoperator.py:1296 AirflowProviderDeprecationWarning: Call to deprecated class PostgresOperator. (Please use `***.providers.common.sql.operators.sql.SQLExecuteQueryOperator`.Also, you can provide `hook_params={'schema': <database>}`.)
[2026-04-08T01:24:06.142+0000] {taskinstance.py:3482} INFO - 1 downstream tasks scheduled from follow-on schedule check
[2026-04-08T01:24:06.143+0000] {local_task_job_runner.py:222} INFO - ::endgroup::
