[2026-04-09T18:35:40.458+0000] {local_task_job_runner.py:120} INFO - ::group::Pre task execution logs
[2026-04-09T18:35:40.483+0000] {taskinstance.py:2073} INFO - Dependencies all met for dep_context=non-requeueable deps ti=<TaskInstance: retail_daily_ingestion.check_files_exist scheduled__2026-04-08T06:00:00+00:00 [queued]>
[2026-04-09T18:35:40.491+0000] {taskinstance.py:2073} INFO - Dependencies all met for dep_context=requeueable deps ti=<TaskInstance: retail_daily_ingestion.check_files_exist scheduled__2026-04-08T06:00:00+00:00 [queued]>
[2026-04-09T18:35:40.491+0000] {taskinstance.py:2303} INFO - Starting attempt 1 of 4
[2026-04-09T18:35:40.505+0000] {taskinstance.py:2327} INFO - Executing <Task(S3KeySensor): check_files_exist> on 2026-04-08 06:00:00+00:00
[2026-04-09T18:35:40.510+0000] {standard_task_runner.py:63} INFO - Started process 217 to run task
[2026-04-09T18:35:40.514+0000] {standard_task_runner.py:90} INFO - Running: ['***', 'tasks', 'run', 'retail_daily_ingestion', 'check_files_exist', 'scheduled__2026-04-08T06:00:00+00:00', '--job-id', '119', '--raw', '--subdir', 'DAGS_FOLDER/retail_daily_ingestion.py', '--cfg-path', '/tmp/tmpggsn9mp_']
[2026-04-09T18:35:40.516+0000] {standard_task_runner.py:91} INFO - Job 119: Subtask check_files_exist
[2026-04-09T18:35:40.591+0000] {task_command.py:426} INFO - Running <TaskInstance: retail_daily_ingestion.check_files_exist scheduled__2026-04-08T06:00:00+00:00 [running]> on host 649f4949adfd
[2026-04-09T18:35:40.797+0000] {taskinstance.py:2644} INFO - Exporting env vars: AIRFLOW_CTX_DAG_EMAIL='diluksha@bistcglobal.com' AIRFLOW_CTX_DAG_OWNER='data-engineering' AIRFLOW_CTX_DAG_ID='retail_daily_ingestion' AIRFLOW_CTX_TASK_ID='check_files_exist' AIRFLOW_CTX_EXECUTION_DATE='2026-04-08T06:00:00+00:00' AIRFLOW_CTX_TRY_NUMBER='1' AIRFLOW_CTX_DAG_RUN_ID='scheduled__2026-04-08T06:00:00+00:00'
[2026-04-09T18:35:40.799+0000] {taskinstance.py:430} INFO - ::endgroup::
[2026-04-09T18:35:40.822+0000] {baseoperator.py:399} WARNING - S3KeySensor.execute cannot be called outside TaskInstance!
[2026-04-09T18:35:40.823+0000] {s3.py:110} INFO - Poking for key : s3://raw-data/retail-data/2026-04-08/sales_transactions.csv
[2026-04-09T18:35:40.844+0000] {base.py:84} INFO - Using connection ID 'minio_s3' for task execution.
[2026-04-09T18:35:40.845+0000] {connection_wrapper.py:384} INFO - AWS Connection (conn_id='minio_s3', conn_type='aws') credentials retrieved from login and password.
[2026-04-09T18:36:11.913+0000] {s3.py:110} INFO - Poking for key : s3://raw-data/retail-data/2026-04-08/sales_transactions.csv
[2026-04-09T18:36:41.963+0000] {s3.py:110} INFO - Poking for key : s3://raw-data/retail-data/2026-04-08/sales_transactions.csv
[2026-04-09T18:37:11.966+0000] {s3.py:110} INFO - Poking for key : s3://raw-data/retail-data/2026-04-08/sales_transactions.csv
[2026-04-09T18:37:42.022+0000] {s3.py:110} INFO - Poking for key : s3://raw-data/retail-data/2026-04-08/sales_transactions.csv
[2026-04-09T18:38:12.079+0000] {s3.py:110} INFO - Poking for key : s3://raw-data/retail-data/2026-04-08/sales_transactions.csv
[2026-04-09T18:38:42.119+0000] {s3.py:110} INFO - Poking for key : s3://raw-data/retail-data/2026-04-08/sales_transactions.csv
[2026-04-09T18:39:12.167+0000] {s3.py:110} INFO - Poking for key : s3://raw-data/retail-data/2026-04-08/sales_transactions.csv
[2026-04-09T18:39:42.207+0000] {s3.py:110} INFO - Poking for key : s3://raw-data/retail-data/2026-04-08/sales_transactions.csv
[2026-04-09T18:40:12.246+0000] {s3.py:110} INFO - Poking for key : s3://raw-data/retail-data/2026-04-08/sales_transactions.csv
[2026-04-09T18:40:42.292+0000] {s3.py:110} INFO - Poking for key : s3://raw-data/retail-data/2026-04-08/sales_transactions.csv
[2026-04-09T18:41:12.336+0000] {s3.py:110} INFO - Poking for key : s3://raw-data/retail-data/2026-04-08/sales_transactions.csv
[2026-04-09T18:41:42.370+0000] {s3.py:110} INFO - Poking for key : s3://raw-data/retail-data/2026-04-08/sales_transactions.csv
[2026-04-09T18:42:12.376+0000] {s3.py:110} INFO - Poking for key : s3://raw-data/retail-data/2026-04-08/sales_transactions.csv
[2026-04-09T18:42:42.418+0000] {s3.py:110} INFO - Poking for key : s3://raw-data/retail-data/2026-04-08/sales_transactions.csv
[2026-04-09T18:43:12.461+0000] {s3.py:110} INFO - Poking for key : s3://raw-data/retail-data/2026-04-08/sales_transactions.csv
[2026-04-09T18:43:42.468+0000] {s3.py:110} INFO - Poking for key : s3://raw-data/retail-data/2026-04-08/sales_transactions.csv
[2026-04-09T18:44:12.518+0000] {s3.py:110} INFO - Poking for key : s3://raw-data/retail-data/2026-04-08/sales_transactions.csv
[2026-04-09T18:44:42.565+0000] {s3.py:110} INFO - Poking for key : s3://raw-data/retail-data/2026-04-08/sales_transactions.csv
[2026-04-09T18:45:12.615+0000] {s3.py:110} INFO - Poking for key : s3://raw-data/retail-data/2026-04-08/sales_transactions.csv
[2026-04-09T18:45:42.668+0000] {s3.py:110} INFO - Poking for key : s3://raw-data/retail-data/2026-04-08/sales_transactions.csv
[2026-04-09T18:46:12.709+0000] {s3.py:110} INFO - Poking for key : s3://raw-data/retail-data/2026-04-08/sales_transactions.csv
[2026-04-09T18:46:42.753+0000] {s3.py:110} INFO - Poking for key : s3://raw-data/retail-data/2026-04-08/sales_transactions.csv
[2026-04-09T18:47:12.793+0000] {s3.py:110} INFO - Poking for key : s3://raw-data/retail-data/2026-04-08/sales_transactions.csv
[2026-04-09T18:47:42.818+0000] {s3.py:110} INFO - Poking for key : s3://raw-data/retail-data/2026-04-08/sales_transactions.csv
[2026-04-09T18:48:12.870+0000] {s3.py:110} INFO - Poking for key : s3://raw-data/retail-data/2026-04-08/sales_transactions.csv
[2026-04-09T18:48:42.902+0000] {s3.py:110} INFO - Poking for key : s3://raw-data/retail-data/2026-04-08/sales_transactions.csv
[2026-04-09T18:49:12.899+0000] {s3.py:110} INFO - Poking for key : s3://raw-data/retail-data/2026-04-08/sales_transactions.csv
[2026-04-09T18:49:42.929+0000] {s3.py:110} INFO - Poking for key : s3://raw-data/retail-data/2026-04-08/sales_transactions.csv
[2026-04-09T18:50:12.999+0000] {s3.py:110} INFO - Poking for key : s3://raw-data/retail-data/2026-04-08/sales_transactions.csv
[2026-04-09T18:50:43.034+0000] {s3.py:110} INFO - Poking for key : s3://raw-data/retail-data/2026-04-08/sales_transactions.csv
[2026-04-09T18:51:13.085+0000] {s3.py:110} INFO - Poking for key : s3://raw-data/retail-data/2026-04-08/sales_transactions.csv
[2026-04-09T18:51:43.113+0000] {s3.py:110} INFO - Poking for key : s3://raw-data/retail-data/2026-04-08/sales_transactions.csv
[2026-04-09T18:52:13.143+0000] {s3.py:110} INFO - Poking for key : s3://raw-data/retail-data/2026-04-08/sales_transactions.csv
[2026-04-09T18:52:43.178+0000] {s3.py:110} INFO - Poking for key : s3://raw-data/retail-data/2026-04-08/sales_transactions.csv
[2026-04-09T18:53:13.220+0000] {s3.py:110} INFO - Poking for key : s3://raw-data/retail-data/2026-04-08/sales_transactions.csv
[2026-04-09T18:53:43.288+0000] {s3.py:110} INFO - Poking for key : s3://raw-data/retail-data/2026-04-08/sales_transactions.csv
[2026-04-09T18:54:13.342+0000] {s3.py:110} INFO - Poking for key : s3://raw-data/retail-data/2026-04-08/sales_transactions.csv
[2026-04-09T18:54:43.402+0000] {s3.py:110} INFO - Poking for key : s3://raw-data/retail-data/2026-04-08/sales_transactions.csv
[2026-04-09T18:55:13.437+0000] {s3.py:110} INFO - Poking for key : s3://raw-data/retail-data/2026-04-08/sales_transactions.csv
[2026-04-09T18:55:43.479+0000] {s3.py:110} INFO - Poking for key : s3://raw-data/retail-data/2026-04-08/sales_transactions.csv
[2026-04-09T18:56:13.543+0000] {s3.py:110} INFO - Poking for key : s3://raw-data/retail-data/2026-04-08/sales_transactions.csv
[2026-04-09T18:56:43.608+0000] {s3.py:110} INFO - Poking for key : s3://raw-data/retail-data/2026-04-08/sales_transactions.csv
[2026-04-09T18:57:13.666+0000] {s3.py:110} INFO - Poking for key : s3://raw-data/retail-data/2026-04-08/sales_transactions.csv
[2026-04-09T18:57:43.732+0000] {s3.py:110} INFO - Poking for key : s3://raw-data/retail-data/2026-04-08/sales_transactions.csv
[2026-04-09T18:58:13.800+0000] {s3.py:110} INFO - Poking for key : s3://raw-data/retail-data/2026-04-08/sales_transactions.csv
[2026-04-09T18:58:43.851+0000] {s3.py:110} INFO - Poking for key : s3://raw-data/retail-data/2026-04-08/sales_transactions.csv
[2026-04-09T18:59:13.877+0000] {s3.py:110} INFO - Poking for key : s3://raw-data/retail-data/2026-04-08/sales_transactions.csv
[2026-04-09T18:59:43.904+0000] {s3.py:110} INFO - Poking for key : s3://raw-data/retail-data/2026-04-08/sales_transactions.csv
[2026-04-09T19:00:13.919+0000] {s3.py:110} INFO - Poking for key : s3://raw-data/retail-data/2026-04-08/sales_transactions.csv
[2026-04-09T19:00:43.983+0000] {s3.py:110} INFO - Poking for key : s3://raw-data/retail-data/2026-04-08/sales_transactions.csv
[2026-04-09T19:01:14.037+0000] {s3.py:110} INFO - Poking for key : s3://raw-data/retail-data/2026-04-08/sales_transactions.csv
[2026-04-09T19:01:44.074+0000] {s3.py:110} INFO - Poking for key : s3://raw-data/retail-data/2026-04-08/sales_transactions.csv
[2026-04-09T19:02:14.114+0000] {s3.py:110} INFO - Poking for key : s3://raw-data/retail-data/2026-04-08/sales_transactions.csv
[2026-04-09T19:02:44.176+0000] {s3.py:110} INFO - Poking for key : s3://raw-data/retail-data/2026-04-08/sales_transactions.csv
[2026-04-09T19:03:14.228+0000] {s3.py:110} INFO - Poking for key : s3://raw-data/retail-data/2026-04-08/sales_transactions.csv
[2026-04-09T19:03:44.301+0000] {s3.py:110} INFO - Poking for key : s3://raw-data/retail-data/2026-04-08/sales_transactions.csv
[2026-04-09T19:04:14.362+0000] {s3.py:110} INFO - Poking for key : s3://raw-data/retail-data/2026-04-08/sales_transactions.csv
[2026-04-09T19:04:44.422+0000] {s3.py:110} INFO - Poking for key : s3://raw-data/retail-data/2026-04-08/sales_transactions.csv
[2026-04-09T19:05:14.480+0000] {s3.py:110} INFO - Poking for key : s3://raw-data/retail-data/2026-04-08/sales_transactions.csv
[2026-04-09T19:05:44.537+0000] {s3.py:110} INFO - Poking for key : s3://raw-data/retail-data/2026-04-08/sales_transactions.csv
[2026-04-09T19:05:45.375+0000] {taskinstance.py:441} INFO - ::group::Post task execution logs
[2026-04-09T19:05:45.404+0000] {taskinstance.py:2890} ERROR - Task failed with exception
Traceback (most recent call last):
  File "/home/airflow/.local/lib/python3.11/site-packages/airflow/models/taskinstance.py", line 465, in _execute_task
    result = _execute_callable(context=context, **execute_callable_kwargs)
             ^^^^^^^^^^^^^^^^^^^^^^^^^^^^^^^^^^^^^^^^^^^^^^^^^^^^^^^^^^^^^
  File "/home/airflow/.local/lib/python3.11/site-packages/airflow/models/taskinstance.py", line 432, in _execute_callable
    return execute_callable(context=context, **execute_callable_kwargs)
           ^^^^^^^^^^^^^^^^^^^^^^^^^^^^^^^^^^^^^^^^^^^^^^^^^^^^^^^^^^^^
  File "/home/airflow/.local/lib/python3.11/site-packages/airflow/models/baseoperator.py", line 400, in wrapper
    return func(self, *args, **kwargs)
           ^^^^^^^^^^^^^^^^^^^^^^^^^^^
  File "/home/airflow/.local/lib/python3.11/site-packages/airflow/providers/amazon/aws/sensors/s3.py", line 153, in execute
    super().execute(context)
  File "/home/airflow/.local/lib/python3.11/site-packages/airflow/models/baseoperator.py", line 400, in wrapper
    return func(self, *args, **kwargs)
           ^^^^^^^^^^^^^^^^^^^^^^^^^^^
  File "/home/airflow/.local/lib/python3.11/site-packages/airflow/sensors/base.py", line 281, in execute
    raise AirflowSensorTimeout(message)
airflow.exceptions.AirflowSensorTimeout: Sensor has timed out; run duration of 1801.4495022749998 seconds exceeds the specified timeout of 1800.0.
[2026-04-09T19:05:45.546+0000] {taskinstance.py:1205} INFO - Immediate failure requested. Marking task as FAILED. dag_id=retail_daily_ingestion, task_id=check_files_exist, execution_date=20260408T060000, start_date=20260409T183540, end_date=20260409T190545
[2026-04-09T19:05:45.628+0000] {logging_mixin.py:188} WARNING - /home/***/.local/lib/python3.11/site-packages/***/utils/email.py:154 RemovedInAirflow3Warning: Fetching SMTP credentials from configuration variables will be deprecated in a future release. Please set credentials using a connection instead.
[2026-04-09T19:05:45.631+0000] {configuration.py:1050} WARNING - section/key [smtp/smtp_user] not found in config
[2026-04-09T19:05:45.631+0000] {email.py:271} INFO - Email alerting: attempt 1
[2026-04-09T19:05:45.646+0000] {configuration.py:1050} WARNING - section/key [smtp/smtp_user] not found in config
[2026-04-09T19:05:45.647+0000] {email.py:271} INFO - Email alerting: attempt 1
[2026-04-09T19:05:45.647+0000] {taskinstance.py:879} ERROR - Failed to send email to: ['diluksha@bistcglobal.com']
Traceback (most recent call last):
  File "/home/airflow/.local/lib/python3.11/site-packages/airflow/models/taskinstance.py", line 2476, in _run_raw_task
    self._execute_task_with_callbacks(context, test_mode, session=session)
  File "/home/airflow/.local/lib/python3.11/site-packages/airflow/models/taskinstance.py", line 2663, in _execute_task_with_callbacks
    result = self._execute_task(context, task_orig)
             ^^^^^^^^^^^^^^^^^^^^^^^^^^^^^^^^^^^^^^
  File "/home/airflow/.local/lib/python3.11/site-packages/airflow/models/taskinstance.py", line 2686, in _execute_task
    return _execute_task(self, context, task_orig)
           ^^^^^^^^^^^^^^^^^^^^^^^^^^^^^^^^^^^^^^^
  File "/home/airflow/.local/lib/python3.11/site-packages/airflow/models/taskinstance.py", line 465, in _execute_task
    result = _execute_callable(context=context, **execute_callable_kwargs)
             ^^^^^^^^^^^^^^^^^^^^^^^^^^^^^^^^^^^^^^^^^^^^^^^^^^^^^^^^^^^^^
  File "/home/airflow/.local/lib/python3.11/site-packages/airflow/models/taskinstance.py", line 432, in _execute_callable
    return execute_callable(context=context, **execute_callable_kwargs)
           ^^^^^^^^^^^^^^^^^^^^^^^^^^^^^^^^^^^^^^^^^^^^^^^^^^^^^^^^^^^^
  File "/home/airflow/.local/lib/python3.11/site-packages/airflow/models/baseoperator.py", line 400, in wrapper
    return func(self, *args, **kwargs)
           ^^^^^^^^^^^^^^^^^^^^^^^^^^^
  File "/home/airflow/.local/lib/python3.11/site-packages/airflow/providers/amazon/aws/sensors/s3.py", line 153, in execute
    super().execute(context)
  File "/home/airflow/.local/lib/python3.11/site-packages/airflow/models/baseoperator.py", line 400, in wrapper
    return func(self, *args, **kwargs)
           ^^^^^^^^^^^^^^^^^^^^^^^^^^^
  File "/home/airflow/.local/lib/python3.11/site-packages/airflow/sensors/base.py", line 281, in execute
    raise AirflowSensorTimeout(message)
airflow.exceptions.AirflowSensorTimeout: Sensor has timed out; run duration of 1801.4495022749998 seconds exceeds the specified timeout of 1800.0.

During handling of the above exception, another exception occurred:

Traceback (most recent call last):
  File "/home/airflow/.local/lib/python3.11/site-packages/airflow/models/taskinstance.py", line 1063, in _email_alert
    send_email(task.email, subject, html_content)
  File "/home/airflow/.local/lib/python3.11/site-packages/airflow/utils/email.py", line 80, in send_email
    return backend(
           ^^^^^^^^
  File "/home/airflow/.local/lib/python3.11/site-packages/airflow/utils/email.py", line 154, in send_email_smtp
    send_mime_email(e_from=mail_from, e_to=recipients, mime_msg=msg, conn_id=conn_id, dryrun=dryrun)
  File "/home/airflow/.local/lib/python3.11/site-packages/airflow/utils/email.py", line 273, in send_mime_email
    smtp_conn = _get_smtp_connection(smtp_host, smtp_port, smtp_timeout, smtp_ssl)
                ^^^^^^^^^^^^^^^^^^^^^^^^^^^^^^^^^^^^^^^^^^^^^^^^^^^^^^^^^^^^^^^^^^
  File "/home/airflow/.local/lib/python3.11/site-packages/airflow/utils/email.py", line 317, in _get_smtp_connection
    return smtplib.SMTP(host=host, port=port, timeout=timeout)
           ^^^^^^^^^^^^^^^^^^^^^^^^^^^^^^^^^^^^^^^^^^^^^^^^^^^
  File "/usr/local/lib/python3.11/smtplib.py", line 255, in __init__
    (code, msg) = self.connect(host, port)
                  ^^^^^^^^^^^^^^^^^^^^^^^^
  File "/usr/local/lib/python3.11/smtplib.py", line 341, in connect
    self.sock = self._get_socket(host, port, self.timeout)
                ^^^^^^^^^^^^^^^^^^^^^^^^^^^^^^^^^^^^^^^^^^
  File "/usr/local/lib/python3.11/smtplib.py", line 312, in _get_socket
    return socket.create_connection((host, port), timeout,
           ^^^^^^^^^^^^^^^^^^^^^^^^^^^^^^^^^^^^^^^^^^^^^^^
  File "/usr/local/lib/python3.11/socket.py", line 851, in create_connection
    raise exceptions[0]
  File "/usr/local/lib/python3.11/socket.py", line 836, in create_connection
    sock.connect(sa)
ConnectionRefusedError: [Errno 111] Connection refused

During handling of the above exception, another exception occurred:

Traceback (most recent call last):
  File "/home/airflow/.local/lib/python3.11/site-packages/airflow/models/taskinstance.py", line 877, in _handle_failure
    task_instance.email_alert(error, failure_context["task"])
  File "/home/airflow/.local/lib/python3.11/site-packages/airflow/models/taskinstance.py", line 3148, in email_alert
    _email_alert(task_instance=self, exception=exception, task=task)
  File "/home/airflow/.local/lib/python3.11/site-packages/airflow/models/taskinstance.py", line 1065, in _email_alert
    send_email(task.email, subject, html_content_err)
  File "/home/airflow/.local/lib/python3.11/site-packages/airflow/utils/email.py", line 80, in send_email
    return backend(
           ^^^^^^^^
  File "/home/airflow/.local/lib/python3.11/site-packages/airflow/utils/email.py", line 154, in send_email_smtp
    send_mime_email(e_from=mail_from, e_to=recipients, mime_msg=msg, conn_id=conn_id, dryrun=dryrun)
  File "/home/airflow/.local/lib/python3.11/site-packages/airflow/utils/email.py", line 273, in send_mime_email
    smtp_conn = _get_smtp_connection(smtp_host, smtp_port, smtp_timeout, smtp_ssl)
                ^^^^^^^^^^^^^^^^^^^^^^^^^^^^^^^^^^^^^^^^^^^^^^^^^^^^^^^^^^^^^^^^^^
  File "/home/airflow/.local/lib/python3.11/site-packages/airflow/utils/email.py", line 317, in _get_smtp_connection
    return smtplib.SMTP(host=host, port=port, timeout=timeout)
           ^^^^^^^^^^^^^^^^^^^^^^^^^^^^^^^^^^^^^^^^^^^^^^^^^^^
  File "/usr/local/lib/python3.11/smtplib.py", line 255, in __init__
    (code, msg) = self.connect(host, port)
                  ^^^^^^^^^^^^^^^^^^^^^^^^
  File "/usr/local/lib/python3.11/smtplib.py", line 341, in connect
    self.sock = self._get_socket(host, port, self.timeout)
                ^^^^^^^^^^^^^^^^^^^^^^^^^^^^^^^^^^^^^^^^^^
  File "/usr/local/lib/python3.11/smtplib.py", line 312, in _get_socket
    return socket.create_connection((host, port), timeout,
           ^^^^^^^^^^^^^^^^^^^^^^^^^^^^^^^^^^^^^^^^^^^^^^^
  File "/usr/local/lib/python3.11/socket.py", line 851, in create_connection
    raise exceptions[0]
  File "/usr/local/lib/python3.11/socket.py", line 836, in create_connection
    sock.connect(sa)
ConnectionRefusedError: [Errno 111] Connection refused
[2026-04-09T19:05:45.667+0000] {base.py:84} INFO - Using connection ID 'slack_webhook' for task execution.
[2026-04-09T19:05:45.683+0000] {base.py:84} INFO - Using connection ID 'slack_webhook' for task execution.
[2026-04-09T19:05:46.709+0000] {retail_daily_ingestion.py:139} INFO - Slack alert sent for task: check_files_exist
[2026-04-09T19:05:46.744+0000] {standard_task_runner.py:110} ERROR - Failed to execute job 119 for task check_files_exist (Sensor has timed out; run duration of 1801.4495022749998 seconds exceeds the specified timeout of 1800.0.; 217)
[2026-04-09T19:05:46.792+0000] {local_task_job_runner.py:240} INFO - Task exited with return code 1
[2026-04-09T19:05:46.850+0000] {logging_mixin.py:188} WARNING - /home/***/.local/lib/python3.11/site-packages/***/models/baseoperator.py:1296 AirflowProviderDeprecationWarning: Call to deprecated class PostgresOperator. (Please use `***.providers.common.sql.operators.sql.SQLExecuteQueryOperator`.Also, you can provide `hook_params={'schema': <database>}`.)
[2026-04-09T19:05:46.914+0000] {taskinstance.py:3482} INFO - 0 downstream tasks scheduled from follow-on schedule check
[2026-04-09T19:05:46.920+0000] {local_task_job_runner.py:222} INFO - ::endgroup::
