[2026-04-07T12:51:02.041+0000] {local_task_job_runner.py:120} INFO - ::group::Pre task execution logs
[2026-04-07T12:51:02.073+0000] {taskinstance.py:2073} INFO - Dependencies all met for dep_context=non-requeueable deps ti=<TaskInstance: retail_daily_ingestion.check_files_exist manual__2026-04-07T12:51:00+00:00 [queued]>
[2026-04-07T12:51:02.084+0000] {taskinstance.py:2073} INFO - Dependencies all met for dep_context=requeueable deps ti=<TaskInstance: retail_daily_ingestion.check_files_exist manual__2026-04-07T12:51:00+00:00 [queued]>
[2026-04-07T12:51:02.085+0000] {taskinstance.py:2303} INFO - Starting attempt 1 of 4
[2026-04-07T12:51:02.104+0000] {taskinstance.py:2327} INFO - Executing <Task(S3KeySensor): check_files_exist> on 2026-04-07 12:51:00+00:00
[2026-04-07T12:51:02.110+0000] {standard_task_runner.py:63} INFO - Started process 1139 to run task
[2026-04-07T12:51:02.120+0000] {standard_task_runner.py:90} INFO - Running: ['***', 'tasks', 'run', 'retail_daily_ingestion', 'check_files_exist', 'manual__2026-04-07T12:51:00+00:00', '--job-id', '11', '--raw', '--subdir', 'DAGS_FOLDER/retail_daily_ingestion.py', '--cfg-path', '/tmp/tmpidf8dr5_']
[2026-04-07T12:51:02.126+0000] {standard_task_runner.py:91} INFO - Job 11: Subtask check_files_exist
[2026-04-07T12:51:02.200+0000] {task_command.py:426} INFO - Running <TaskInstance: retail_daily_ingestion.check_files_exist manual__2026-04-07T12:51:00+00:00 [running]> on host 649f4949adfd
[2026-04-07T12:51:02.344+0000] {taskinstance.py:2644} INFO - Exporting env vars: AIRFLOW_CTX_DAG_EMAIL='data-engineering-team@company.com' AIRFLOW_CTX_DAG_OWNER='data-engineering' AIRFLOW_CTX_DAG_ID='retail_daily_ingestion' AIRFLOW_CTX_TASK_ID='check_files_exist' AIRFLOW_CTX_EXECUTION_DATE='2026-04-07T12:51:00+00:00' AIRFLOW_CTX_TRY_NUMBER='1' AIRFLOW_CTX_DAG_RUN_ID='manual__2026-04-07T12:51:00+00:00'
[2026-04-07T12:51:02.346+0000] {taskinstance.py:430} INFO - ::endgroup::
[2026-04-07T12:51:02.364+0000] {baseoperator.py:399} WARNING - S3KeySensor.execute cannot be called outside TaskInstance!
[2026-04-07T12:51:02.365+0000] {s3.py:110} INFO - Poking for key : s3://raw-data/retail-data/2026-04-08/sales_transactions.csv
[2026-04-07T12:51:02.378+0000] {base.py:84} INFO - Using connection ID 'minio_s3' for task execution.
[2026-04-07T12:51:02.378+0000] {connection_wrapper.py:384} INFO - AWS Connection (conn_id='minio_s3', conn_type='aws') credentials retrieved from login and password.
[2026-04-07T12:51:34.862+0000] {s3.py:110} INFO - Poking for key : s3://raw-data/retail-data/2026-04-08/sales_transactions.csv
[2026-04-07T12:52:06.611+0000] {s3.py:110} INFO - Poking for key : s3://raw-data/retail-data/2026-04-08/sales_transactions.csv
[2026-04-07T12:52:38.351+0000] {s3.py:110} INFO - Poking for key : s3://raw-data/retail-data/2026-04-08/sales_transactions.csv
[2026-04-07T12:53:10.085+0000] {s3.py:110} INFO - Poking for key : s3://raw-data/retail-data/2026-04-08/sales_transactions.csv
[2026-04-07T12:53:41.806+0000] {s3.py:110} INFO - Poking for key : s3://raw-data/retail-data/2026-04-08/sales_transactions.csv
[2026-04-07T12:54:13.603+0000] {s3.py:110} INFO - Poking for key : s3://raw-data/retail-data/2026-04-08/sales_transactions.csv
[2026-04-07T12:54:45.289+0000] {s3.py:110} INFO - Poking for key : s3://raw-data/retail-data/2026-04-08/sales_transactions.csv
[2026-04-07T12:55:17.033+0000] {s3.py:110} INFO - Poking for key : s3://raw-data/retail-data/2026-04-08/sales_transactions.csv
[2026-04-07T12:55:48.796+0000] {s3.py:110} INFO - Poking for key : s3://raw-data/retail-data/2026-04-08/sales_transactions.csv
[2026-04-07T12:56:20.570+0000] {s3.py:110} INFO - Poking for key : s3://raw-data/retail-data/2026-04-08/sales_transactions.csv
[2026-04-07T12:56:52.291+0000] {s3.py:110} INFO - Poking for key : s3://raw-data/retail-data/2026-04-08/sales_transactions.csv
[2026-04-07T12:57:23.991+0000] {s3.py:110} INFO - Poking for key : s3://raw-data/retail-data/2026-04-08/sales_transactions.csv
[2026-04-07T12:57:55.743+0000] {s3.py:110} INFO - Poking for key : s3://raw-data/retail-data/2026-04-08/sales_transactions.csv
[2026-04-07T12:58:27.497+0000] {s3.py:110} INFO - Poking for key : s3://raw-data/retail-data/2026-04-08/sales_transactions.csv
[2026-04-07T12:58:59.234+0000] {s3.py:110} INFO - Poking for key : s3://raw-data/retail-data/2026-04-08/sales_transactions.csv
[2026-04-07T12:59:30.965+0000] {s3.py:110} INFO - Poking for key : s3://raw-data/retail-data/2026-04-08/sales_transactions.csv
[2026-04-07T13:00:02.754+0000] {s3.py:110} INFO - Poking for key : s3://raw-data/retail-data/2026-04-08/sales_transactions.csv
[2026-04-07T13:00:34.519+0000] {s3.py:110} INFO - Poking for key : s3://raw-data/retail-data/2026-04-08/sales_transactions.csv
[2026-04-07T13:01:06.251+0000] {s3.py:110} INFO - Poking for key : s3://raw-data/retail-data/2026-04-08/sales_transactions.csv
[2026-04-07T13:01:37.946+0000] {s3.py:110} INFO - Poking for key : s3://raw-data/retail-data/2026-04-08/sales_transactions.csv
[2026-04-07T13:02:09.715+0000] {s3.py:110} INFO - Poking for key : s3://raw-data/retail-data/2026-04-08/sales_transactions.csv
[2026-04-07T13:02:41.458+0000] {s3.py:110} INFO - Poking for key : s3://raw-data/retail-data/2026-04-08/sales_transactions.csv
[2026-04-07T13:03:13.233+0000] {s3.py:110} INFO - Poking for key : s3://raw-data/retail-data/2026-04-08/sales_transactions.csv
[2026-04-07T13:03:45.003+0000] {s3.py:110} INFO - Poking for key : s3://raw-data/retail-data/2026-04-08/sales_transactions.csv
[2026-04-07T13:04:16.850+0000] {s3.py:110} INFO - Poking for key : s3://raw-data/retail-data/2026-04-08/sales_transactions.csv
[2026-04-07T13:04:48.523+0000] {s3.py:110} INFO - Poking for key : s3://raw-data/retail-data/2026-04-08/sales_transactions.csv
[2026-04-07T13:05:20.276+0000] {s3.py:110} INFO - Poking for key : s3://raw-data/retail-data/2026-04-08/sales_transactions.csv
[2026-04-07T13:05:52.067+0000] {s3.py:110} INFO - Poking for key : s3://raw-data/retail-data/2026-04-08/sales_transactions.csv
[2026-04-07T13:06:23.905+0000] {s3.py:110} INFO - Poking for key : s3://raw-data/retail-data/2026-04-08/sales_transactions.csv
[2026-04-07T13:06:55.572+0000] {s3.py:110} INFO - Poking for key : s3://raw-data/retail-data/2026-04-08/sales_transactions.csv
[2026-04-07T13:07:27.341+0000] {s3.py:110} INFO - Poking for key : s3://raw-data/retail-data/2026-04-08/sales_transactions.csv
[2026-04-07T13:07:59.171+0000] {s3.py:110} INFO - Poking for key : s3://raw-data/retail-data/2026-04-08/sales_transactions.csv
[2026-04-07T13:08:30.929+0000] {s3.py:110} INFO - Poking for key : s3://raw-data/retail-data/2026-04-08/sales_transactions.csv
[2026-04-07T13:09:02.716+0000] {s3.py:110} INFO - Poking for key : s3://raw-data/retail-data/2026-04-08/sales_transactions.csv
[2026-04-07T13:09:34.427+0000] {s3.py:110} INFO - Poking for key : s3://raw-data/retail-data/2026-04-08/sales_transactions.csv
[2026-04-07T13:10:06.184+0000] {s3.py:110} INFO - Poking for key : s3://raw-data/retail-data/2026-04-08/sales_transactions.csv
[2026-04-07T13:10:38.014+0000] {s3.py:110} INFO - Poking for key : s3://raw-data/retail-data/2026-04-08/sales_transactions.csv
[2026-04-07T13:11:09.722+0000] {s3.py:110} INFO - Poking for key : s3://raw-data/retail-data/2026-04-08/sales_transactions.csv
[2026-04-07T13:11:41.471+0000] {s3.py:110} INFO - Poking for key : s3://raw-data/retail-data/2026-04-08/sales_transactions.csv
[2026-04-07T13:12:13.257+0000] {s3.py:110} INFO - Poking for key : s3://raw-data/retail-data/2026-04-08/sales_transactions.csv
[2026-04-07T13:12:45.059+0000] {s3.py:110} INFO - Poking for key : s3://raw-data/retail-data/2026-04-08/sales_transactions.csv
[2026-04-07T13:13:16.822+0000] {s3.py:110} INFO - Poking for key : s3://raw-data/retail-data/2026-04-08/sales_transactions.csv
[2026-04-07T13:13:48.535+0000] {s3.py:110} INFO - Poking for key : s3://raw-data/retail-data/2026-04-08/sales_transactions.csv
[2026-04-07T13:14:20.308+0000] {s3.py:110} INFO - Poking for key : s3://raw-data/retail-data/2026-04-08/sales_transactions.csv
[2026-04-07T13:14:51.138+0000] {s3.py:110} INFO - Poking for key : s3://raw-data/retail-data/2026-04-08/sales_transactions.csv
[2026-04-07T13:15:23.735+0000] {s3.py:110} INFO - Poking for key : s3://raw-data/retail-data/2026-04-08/sales_transactions.csv
[2026-04-07T13:15:55.517+0000] {s3.py:110} INFO - Poking for key : s3://raw-data/retail-data/2026-04-08/sales_transactions.csv
[2026-04-07T13:16:27.339+0000] {s3.py:110} INFO - Poking for key : s3://raw-data/retail-data/2026-04-08/sales_transactions.csv
[2026-04-07T13:16:59.047+0000] {s3.py:110} INFO - Poking for key : s3://raw-data/retail-data/2026-04-08/sales_transactions.csv
[2026-04-07T13:17:30.780+0000] {s3.py:110} INFO - Poking for key : s3://raw-data/retail-data/2026-04-08/sales_transactions.csv
[2026-04-07T13:18:02.478+0000] {s3.py:110} INFO - Poking for key : s3://raw-data/retail-data/2026-04-08/sales_transactions.csv
[2026-04-07T13:18:34.243+0000] {s3.py:110} INFO - Poking for key : s3://raw-data/retail-data/2026-04-08/sales_transactions.csv
[2026-04-07T13:19:06.017+0000] {s3.py:110} INFO - Poking for key : s3://raw-data/retail-data/2026-04-08/sales_transactions.csv
[2026-04-07T13:19:37.753+0000] {s3.py:110} INFO - Poking for key : s3://raw-data/retail-data/2026-04-08/sales_transactions.csv
[2026-04-07T13:20:09.470+0000] {s3.py:110} INFO - Poking for key : s3://raw-data/retail-data/2026-04-08/sales_transactions.csv
[2026-04-07T13:20:41.227+0000] {s3.py:110} INFO - Poking for key : s3://raw-data/retail-data/2026-04-08/sales_transactions.csv
[2026-04-07T13:21:12.986+0000] {s3.py:110} INFO - Poking for key : s3://raw-data/retail-data/2026-04-08/sales_transactions.csv
[2026-04-07T13:21:44.748+0000] {s3.py:110} INFO - Poking for key : s3://raw-data/retail-data/2026-04-08/sales_transactions.csv
[2026-04-07T13:22:16.487+0000] {s3.py:110} INFO - Poking for key : s3://raw-data/retail-data/2026-04-08/sales_transactions.csv
[2026-04-07T13:22:48.208+0000] {s3.py:110} INFO - Poking for key : s3://raw-data/retail-data/2026-04-08/sales_transactions.csv
[2026-04-07T13:22:48.211+0000] {taskinstance.py:441} INFO - ::group::Post task execution logs
[2026-04-07T13:22:48.211+0000] {taskinstance.py:2890} ERROR - Task failed with exception
Traceback (most recent call last):
  File "/home/airflow/.local/lib/python3.11/site-packages/airflow/models/taskinstance.py", line 465, in _execute_task
    result = _execute_callable(context=context, **execute_callable_kwargs)
             ^^^^^^^^^^^^^^^^^^^^^^^^^^^^^^^^^^^^^^^^^^^^^^^^^^^^^^^^^^^^^
  File "/home/airflow/.local/lib/python3.11/site-packages/airflow/models/taskinstance.py", line 432, in _execute_callable
    return execute_callable(context=context, **execute_callable_kwargs)
           ^^^^^^^^^^^^^^^^^^^^^^^^^^^^^^^^^^^^^^^^^^^^^^^^^^^^^^^^^^^^
  File "/home/airflow/.local/lib/python3.11/site-packages/airflow/models/baseoperator.py", line 400, in wrapper
    return func(self, *args, **kwargs)
           ^^^^^^^^^^^^^^^^^^^^^^^^^^^
  File "/home/airflow/.local/lib/python3.11/site-packages/airflow/providers/amazon/aws/sensors/s3.py", line 153, in execute
    super().execute(context)
  File "/home/airflow/.local/lib/python3.11/site-packages/airflow/models/baseoperator.py", line 400, in wrapper
    return func(self, *args, **kwargs)
           ^^^^^^^^^^^^^^^^^^^^^^^^^^^
  File "/home/airflow/.local/lib/python3.11/site-packages/airflow/sensors/base.py", line 281, in execute
    raise AirflowSensorTimeout(message)
airflow.exceptions.AirflowSensorTimeout: Sensor has timed out; run duration of 1801.195331215 seconds exceeds the specified timeout of 1800.0.
[2026-04-07T13:22:48.228+0000] {taskinstance.py:1205} INFO - Immediate failure requested. Marking task as FAILED. dag_id=retail_daily_ingestion, task_id=check_files_exist, execution_date=20260407T125100, start_date=20260407T125102, end_date=20260407T132248
[2026-04-07T13:22:48.247+0000] {logging_mixin.py:188} WARNING - /home/***/.local/lib/python3.11/site-packages/***/utils/email.py:154 RemovedInAirflow3Warning: Fetching SMTP credentials from configuration variables will be deprecated in a future release. Please set credentials using a connection instead.
[2026-04-07T13:22:48.249+0000] {configuration.py:1050} WARNING - section/key [smtp/smtp_user] not found in config
[2026-04-07T13:22:48.249+0000] {email.py:271} INFO - Email alerting: attempt 1
[2026-04-07T13:22:48.264+0000] {configuration.py:1050} WARNING - section/key [smtp/smtp_user] not found in config
[2026-04-07T13:22:48.265+0000] {email.py:271} INFO - Email alerting: attempt 1
[2026-04-07T13:22:48.266+0000] {taskinstance.py:879} ERROR - Failed to send email to: ['data-engineering-team@company.com']
Traceback (most recent call last):
  File "/home/airflow/.local/lib/python3.11/site-packages/airflow/models/taskinstance.py", line 2476, in _run_raw_task
    self._execute_task_with_callbacks(context, test_mode, session=session)
  File "/home/airflow/.local/lib/python3.11/site-packages/airflow/models/taskinstance.py", line 2663, in _execute_task_with_callbacks
    result = self._execute_task(context, task_orig)
             ^^^^^^^^^^^^^^^^^^^^^^^^^^^^^^^^^^^^^^
  File "/home/airflow/.local/lib/python3.11/site-packages/airflow/models/taskinstance.py", line 2686, in _execute_task
    return _execute_task(self, context, task_orig)
           ^^^^^^^^^^^^^^^^^^^^^^^^^^^^^^^^^^^^^^^
  File "/home/airflow/.local/lib/python3.11/site-packages/airflow/models/taskinstance.py", line 465, in _execute_task
    result = _execute_callable(context=context, **execute_callable_kwargs)
             ^^^^^^^^^^^^^^^^^^^^^^^^^^^^^^^^^^^^^^^^^^^^^^^^^^^^^^^^^^^^^
  File "/home/airflow/.local/lib/python3.11/site-packages/airflow/models/taskinstance.py", line 432, in _execute_callable
    return execute_callable(context=context, **execute_callable_kwargs)
           ^^^^^^^^^^^^^^^^^^^^^^^^^^^^^^^^^^^^^^^^^^^^^^^^^^^^^^^^^^^^
  File "/home/airflow/.local/lib/python3.11/site-packages/airflow/models/baseoperator.py", line 400, in wrapper
    return func(self, *args, **kwargs)
           ^^^^^^^^^^^^^^^^^^^^^^^^^^^
  File "/home/airflow/.local/lib/python3.11/site-packages/airflow/providers/amazon/aws/sensors/s3.py", line 153, in execute
    super().execute(context)
  File "/home/airflow/.local/lib/python3.11/site-packages/airflow/models/baseoperator.py", line 400, in wrapper
    return func(self, *args, **kwargs)
           ^^^^^^^^^^^^^^^^^^^^^^^^^^^
  File "/home/airflow/.local/lib/python3.11/site-packages/airflow/sensors/base.py", line 281, in execute
    raise AirflowSensorTimeout(message)
airflow.exceptions.AirflowSensorTimeout: Sensor has timed out; run duration of 1801.195331215 seconds exceeds the specified timeout of 1800.0.

During handling of the above exception, another exception occurred:

Traceback (most recent call last):
  File "/home/airflow/.local/lib/python3.11/site-packages/airflow/models/taskinstance.py", line 1063, in _email_alert
    send_email(task.email, subject, html_content)
  File "/home/airflow/.local/lib/python3.11/site-packages/airflow/utils/email.py", line 80, in send_email
    return backend(
           ^^^^^^^^
  File "/home/airflow/.local/lib/python3.11/site-packages/airflow/utils/email.py", line 154, in send_email_smtp
    send_mime_email(e_from=mail_from, e_to=recipients, mime_msg=msg, conn_id=conn_id, dryrun=dryrun)
  File "/home/airflow/.local/lib/python3.11/site-packages/airflow/utils/email.py", line 273, in send_mime_email
    smtp_conn = _get_smtp_connection(smtp_host, smtp_port, smtp_timeout, smtp_ssl)
                ^^^^^^^^^^^^^^^^^^^^^^^^^^^^^^^^^^^^^^^^^^^^^^^^^^^^^^^^^^^^^^^^^^
  File "/home/airflow/.local/lib/python3.11/site-packages/airflow/utils/email.py", line 317, in _get_smtp_connection
    return smtplib.SMTP(host=host, port=port, timeout=timeout)
           ^^^^^^^^^^^^^^^^^^^^^^^^^^^^^^^^^^^^^^^^^^^^^^^^^^^
  File "/usr/local/lib/python3.11/smtplib.py", line 255, in __init__
    (code, msg) = self.connect(host, port)
                  ^^^^^^^^^^^^^^^^^^^^^^^^
  File "/usr/local/lib/python3.11/smtplib.py", line 341, in connect
    self.sock = self._get_socket(host, port, self.timeout)
                ^^^^^^^^^^^^^^^^^^^^^^^^^^^^^^^^^^^^^^^^^^
  File "/usr/local/lib/python3.11/smtplib.py", line 312, in _get_socket
    return socket.create_connection((host, port), timeout,
           ^^^^^^^^^^^^^^^^^^^^^^^^^^^^^^^^^^^^^^^^^^^^^^^
  File "/usr/local/lib/python3.11/socket.py", line 851, in create_connection
    raise exceptions[0]
  File "/usr/local/lib/python3.11/socket.py", line 836, in create_connection
    sock.connect(sa)
ConnectionRefusedError: [Errno 111] Connection refused

During handling of the above exception, another exception occurred:

Traceback (most recent call last):
  File "/home/airflow/.local/lib/python3.11/site-packages/airflow/models/taskinstance.py", line 877, in _handle_failure
    task_instance.email_alert(error, failure_context["task"])
  File "/home/airflow/.local/lib/python3.11/site-packages/airflow/models/taskinstance.py", line 3148, in email_alert
    _email_alert(task_instance=self, exception=exception, task=task)
  File "/home/airflow/.local/lib/python3.11/site-packages/airflow/models/taskinstance.py", line 1065, in _email_alert
    send_email(task.email, subject, html_content_err)
  File "/home/airflow/.local/lib/python3.11/site-packages/airflow/utils/email.py", line 80, in send_email
    return backend(
           ^^^^^^^^
  File "/home/airflow/.local/lib/python3.11/site-packages/airflow/utils/email.py", line 154, in send_email_smtp
    send_mime_email(e_from=mail_from, e_to=recipients, mime_msg=msg, conn_id=conn_id, dryrun=dryrun)
  File "/home/airflow/.local/lib/python3.11/site-packages/airflow/utils/email.py", line 273, in send_mime_email
    smtp_conn = _get_smtp_connection(smtp_host, smtp_port, smtp_timeout, smtp_ssl)
                ^^^^^^^^^^^^^^^^^^^^^^^^^^^^^^^^^^^^^^^^^^^^^^^^^^^^^^^^^^^^^^^^^^
  File "/home/airflow/.local/lib/python3.11/site-packages/airflow/utils/email.py", line 317, in _get_smtp_connection
    return smtplib.SMTP(host=host, port=port, timeout=timeout)
           ^^^^^^^^^^^^^^^^^^^^^^^^^^^^^^^^^^^^^^^^^^^^^^^^^^^
  File "/usr/local/lib/python3.11/smtplib.py", line 255, in __init__
    (code, msg) = self.connect(host, port)
                  ^^^^^^^^^^^^^^^^^^^^^^^^
  File "/usr/local/lib/python3.11/smtplib.py", line 341, in connect
    self.sock = self._get_socket(host, port, self.timeout)
                ^^^^^^^^^^^^^^^^^^^^^^^^^^^^^^^^^^^^^^^^^^
  File "/usr/local/lib/python3.11/smtplib.py", line 312, in _get_socket
    return socket.create_connection((host, port), timeout,
           ^^^^^^^^^^^^^^^^^^^^^^^^^^^^^^^^^^^^^^^^^^^^^^^
  File "/usr/local/lib/python3.11/socket.py", line 851, in create_connection
    raise exceptions[0]
  File "/usr/local/lib/python3.11/socket.py", line 836, in create_connection
    sock.connect(sa)
ConnectionRefusedError: [Errno 111] Connection refused
[2026-04-07T13:22:48.271+0000] {logging_mixin.py:188} WARNING - /home/***/.local/lib/python3.11/site-packages/***/utils/context.py:212 AirflowContextDeprecationWarning: Accessing 'execution_date' from the template is deprecated and will be removed in a future version. Please use 'data_interval_start' or 'logical_date' instead.
[2026-04-07T13:22:48.271+0000] {retail_daily_ingestion.py:66} ERROR - Task failed | DAG: retail_daily_ingestion | Task: check_files_exist | Execution: 2026-04-07 12:51:00+00:00 | Exception: Sensor has timed out; run duration of 1801.195331215 seconds exceeds the specified timeout of 1800.0.
[2026-04-07T13:22:48.291+0000] {standard_task_runner.py:110} ERROR - Failed to execute job 11 for task check_files_exist (Sensor has timed out; run duration of 1801.195331215 seconds exceeds the specified timeout of 1800.0.; 1139)
[2026-04-07T13:22:48.320+0000] {local_task_job_runner.py:240} INFO - Task exited with return code 1
[2026-04-07T13:22:48.341+0000] {logging_mixin.py:188} WARNING - /home/***/.local/lib/python3.11/site-packages/***/models/baseoperator.py:1296 AirflowProviderDeprecationWarning: Call to deprecated class PostgresOperator. (Please use `***.providers.common.sql.operators.sql.SQLExecuteQueryOperator`.Also, you can provide `hook_params={'schema': <database>}`.)
[2026-04-07T13:22:48.366+0000] {taskinstance.py:3482} INFO - 0 downstream tasks scheduled from follow-on schedule check
[2026-04-07T13:22:48.370+0000] {local_task_job_runner.py:222} INFO - ::endgroup::
