[2026-04-08T01:59:22.062+0000] {local_task_job_runner.py:120} INFO - ::group::Pre task execution logs
[2026-04-08T01:59:22.088+0000] {taskinstance.py:2073} INFO - Dependencies all met for dep_context=non-requeueable deps ti=<TaskInstance: retail_daily_ingestion.check_files_exist manual__2026-04-08T01:59:19+00:00 [queued]>
[2026-04-08T01:59:22.097+0000] {taskinstance.py:2073} INFO - Dependencies all met for dep_context=requeueable deps ti=<TaskInstance: retail_daily_ingestion.check_files_exist manual__2026-04-08T01:59:19+00:00 [queued]>
[2026-04-08T01:59:22.098+0000] {taskinstance.py:2303} INFO - Starting attempt 1 of 4
[2026-04-08T01:59:22.115+0000] {taskinstance.py:2327} INFO - Executing <Task(S3KeySensor): check_files_exist> on 2026-04-08 01:59:19+00:00
[2026-04-08T01:59:22.124+0000] {standard_task_runner.py:63} INFO - Started process 4312 to run task
[2026-04-08T01:59:22.128+0000] {standard_task_runner.py:90} INFO - Running: ['***', 'tasks', 'run', 'retail_daily_ingestion', 'check_files_exist', 'manual__2026-04-08T01:59:19+00:00', '--job-id', '55', '--raw', '--subdir', 'DAGS_FOLDER/retail_daily_ingestion.py', '--cfg-path', '/tmp/tmp0qmxhhe6']
[2026-04-08T01:59:22.132+0000] {standard_task_runner.py:91} INFO - Job 55: Subtask check_files_exist
[2026-04-08T01:59:22.196+0000] {task_command.py:426} INFO - Running <TaskInstance: retail_daily_ingestion.check_files_exist manual__2026-04-08T01:59:19+00:00 [running]> on host 649f4949adfd
[2026-04-08T01:59:22.315+0000] {taskinstance.py:2644} INFO - Exporting env vars: AIRFLOW_CTX_DAG_EMAIL='data-engineering-team@company.com' AIRFLOW_CTX_DAG_OWNER='data-engineering' AIRFLOW_CTX_DAG_ID='retail_daily_ingestion' AIRFLOW_CTX_TASK_ID='check_files_exist' AIRFLOW_CTX_EXECUTION_DATE='2026-04-08T01:59:19+00:00' AIRFLOW_CTX_TRY_NUMBER='1' AIRFLOW_CTX_DAG_RUN_ID='manual__2026-04-08T01:59:19+00:00'
[2026-04-08T01:59:22.317+0000] {taskinstance.py:430} INFO - ::endgroup::
[2026-04-08T01:59:22.331+0000] {baseoperator.py:399} WARNING - S3KeySensor.execute cannot be called outside TaskInstance!
[2026-04-08T01:59:22.331+0000] {s3.py:110} INFO - Poking for key : s3://raw-data/retail-data/2026-04-06/sales_transactions.csv
[2026-04-08T01:59:22.347+0000] {base.py:84} INFO - Using connection ID 'minio_s3' for task execution.
[2026-04-08T01:59:22.347+0000] {connection_wrapper.py:384} INFO - AWS Connection (conn_id='minio_s3', conn_type='aws') credentials retrieved from login and password.
[2026-04-08T01:59:22.926+0000] {base.py:294} INFO - Success criteria met. Exiting.
[2026-04-08T01:59:22.927+0000] {taskinstance.py:441} INFO - ::group::Post task execution logs
[2026-04-08T01:59:22.943+0000] {taskinstance.py:1205} INFO - Marking task as SUCCESS. dag_id=retail_daily_ingestion, task_id=check_files_exist, execution_date=20260408T015919, start_date=20260408T015922, end_date=20260408T015922
[2026-04-08T01:59:22.982+0000] {local_task_job_runner.py:240} INFO - Task exited with return code 0
[2026-04-08T01:59:23.012+0000] {logging_mixin.py:188} WARNING - /home/***/.local/lib/python3.11/site-packages/***/models/baseoperator.py:1296 AirflowProviderDeprecationWarning: Call to deprecated class PostgresOperator. (Please use `***.providers.common.sql.operators.sql.SQLExecuteQueryOperator`.Also, you can provide `hook_params={'schema': <database>}`.)
[2026-04-08T01:59:23.034+0000] {taskinstance.py:3482} INFO - 1 downstream tasks scheduled from follow-on schedule check
[2026-04-08T01:59:23.035+0000] {local_task_job_runner.py:222} INFO - ::endgroup::
