[2026-04-08T00:21:03.775+0000] {local_task_job_runner.py:120} INFO - ::group::Pre task execution logs
[2026-04-08T00:21:03.812+0000] {taskinstance.py:2073} INFO - Dependencies all met for dep_context=non-requeueable deps ti=<TaskInstance: retail_daily_ingestion.check_files_exist manual__2026-04-08T00:20:57+00:00 [queued]>
[2026-04-08T00:21:03.827+0000] {taskinstance.py:2073} INFO - Dependencies all met for dep_context=requeueable deps ti=<TaskInstance: retail_daily_ingestion.check_files_exist manual__2026-04-08T00:20:57+00:00 [queued]>
[2026-04-08T00:21:03.828+0000] {taskinstance.py:2303} INFO - Starting attempt 1 of 4
[2026-04-08T00:21:03.856+0000] {taskinstance.py:2327} INFO - Executing <Task(S3KeySensor): check_files_exist> on 2026-04-08 00:20:57+00:00
[2026-04-08T00:21:03.868+0000] {standard_task_runner.py:63} INFO - Started process 3070 to run task
[2026-04-08T00:21:03.873+0000] {standard_task_runner.py:90} INFO - Running: ['***', 'tasks', 'run', 'retail_daily_ingestion', 'check_files_exist', 'manual__2026-04-08T00:20:57+00:00', '--job-id', '13', '--raw', '--subdir', 'DAGS_FOLDER/retail_daily_ingestion.py', '--cfg-path', '/tmp/tmpzj5j2ki1']
[2026-04-08T00:21:03.877+0000] {standard_task_runner.py:91} INFO - Job 13: Subtask check_files_exist
[2026-04-08T00:21:03.952+0000] {task_command.py:426} INFO - Running <TaskInstance: retail_daily_ingestion.check_files_exist manual__2026-04-08T00:20:57+00:00 [running]> on host 649f4949adfd
[2026-04-08T00:21:04.111+0000] {taskinstance.py:2644} INFO - Exporting env vars: AIRFLOW_CTX_DAG_EMAIL='data-engineering-team@company.com' AIRFLOW_CTX_DAG_OWNER='data-engineering' AIRFLOW_CTX_DAG_ID='retail_daily_ingestion' AIRFLOW_CTX_TASK_ID='check_files_exist' AIRFLOW_CTX_EXECUTION_DATE='2026-04-08T00:20:57+00:00' AIRFLOW_CTX_TRY_NUMBER='1' AIRFLOW_CTX_DAG_RUN_ID='manual__2026-04-08T00:20:57+00:00'
[2026-04-08T00:21:04.112+0000] {taskinstance.py:430} INFO - ::endgroup::
[2026-04-08T00:21:04.140+0000] {baseoperator.py:399} WARNING - S3KeySensor.execute cannot be called outside TaskInstance!
[2026-04-08T00:21:04.141+0000] {s3.py:110} INFO - Poking for key : s3://raw-data/retail-data/2026-04-06/sales_transactions.csv
[2026-04-08T00:21:04.162+0000] {base.py:84} INFO - Using connection ID 'minio_s3' for task execution.
[2026-04-08T00:21:04.163+0000] {connection_wrapper.py:384} INFO - AWS Connection (conn_id='minio_s3', conn_type='aws') credentials retrieved from login and password.
[2026-04-08T00:21:06.052+0000] {base.py:294} INFO - Success criteria met. Exiting.
[2026-04-08T00:21:06.053+0000] {taskinstance.py:441} INFO - ::group::Post task execution logs
[2026-04-08T00:21:06.097+0000] {taskinstance.py:1205} INFO - Marking task as SUCCESS. dag_id=retail_daily_ingestion, task_id=check_files_exist, execution_date=20260408T002057, start_date=20260408T002103, end_date=20260408T002106
[2026-04-08T00:21:06.131+0000] {local_task_job_runner.py:240} INFO - Task exited with return code 0
[2026-04-08T00:21:06.153+0000] {logging_mixin.py:188} WARNING - /home/***/.local/lib/python3.11/site-packages/***/models/baseoperator.py:1296 AirflowProviderDeprecationWarning: Call to deprecated class PostgresOperator. (Please use `***.providers.common.sql.operators.sql.SQLExecuteQueryOperator`.Also, you can provide `hook_params={'schema': <database>}`.)
[2026-04-08T00:21:06.180+0000] {taskinstance.py:3482} INFO - 1 downstream tasks scheduled from follow-on schedule check
[2026-04-08T00:21:06.182+0000] {local_task_job_runner.py:222} INFO - ::endgroup::
