[2026-04-08T04:33:59.760+0000] {local_task_job_runner.py:120} INFO - ::group::Pre task execution logs
[2026-04-08T04:33:59.798+0000] {taskinstance.py:2073} INFO - Dependencies all met for dep_context=non-requeueable deps ti=<TaskInstance: retail_daily_ingestion.transform_sales manual_realistic_run_20260407 [queued]>
[2026-04-08T04:33:59.810+0000] {taskinstance.py:2073} INFO - Dependencies all met for dep_context=requeueable deps ti=<TaskInstance: retail_daily_ingestion.transform_sales manual_realistic_run_20260407 [queued]>
[2026-04-08T04:33:59.811+0000] {taskinstance.py:2303} INFO - Starting attempt 1 of 2
[2026-04-08T04:33:59.832+0000] {taskinstance.py:2327} INFO - Executing <Task(PythonOperator): transform_sales> on 2026-04-08 04:33:51+00:00
[2026-04-08T04:33:59.840+0000] {standard_task_runner.py:63} INFO - Started process 6247 to run task
[2026-04-08T04:33:59.845+0000] {standard_task_runner.py:90} INFO - Running: ['***', 'tasks', 'run', 'retail_daily_ingestion', 'transform_sales', 'manual_realistic_run_20260407', '--job-id', '100', '--raw', '--subdir', 'DAGS_FOLDER/retail_daily_ingestion.py', '--cfg-path', '/tmp/tmpgnej6g7q']
[2026-04-08T04:33:59.849+0000] {standard_task_runner.py:91} INFO - Job 100: Subtask transform_sales
[2026-04-08T04:33:59.952+0000] {task_command.py:426} INFO - Running <TaskInstance: retail_daily_ingestion.transform_sales manual_realistic_run_20260407 [running]> on host 649f4949adfd
[2026-04-08T04:34:00.136+0000] {taskinstance.py:2644} INFO - Exporting env vars: AIRFLOW_CTX_DAG_EMAIL='diluksha@bistcglobal.com' AIRFLOW_CTX_DAG_OWNER='data-engineering' AIRFLOW_CTX_DAG_ID='retail_daily_ingestion' AIRFLOW_CTX_TASK_ID='transform_sales' AIRFLOW_CTX_EXECUTION_DATE='2026-04-08T04:33:51+00:00' AIRFLOW_CTX_TRY_NUMBER='1' AIRFLOW_CTX_DAG_RUN_ID='manual_realistic_run_20260407'
[2026-04-08T04:34:00.137+0000] {taskinstance.py:430} INFO - ::endgroup::
[2026-04-08T04:34:00.185+0000] {base.py:84} INFO - Using connection ID 'postgres_retail' for task execution.
[2026-04-08T04:34:00.207+0000] {logging_mixin.py:188} WARNING - /home/***/.local/lib/python3.11/site-packages/***/providers/common/sql/hooks/sql.py:227 UserWarning: pandas only supports SQLAlchemy connectable (engine/connection) or database string URI or sqlite3 DBAPI2 connection. Other DBAPI2 objects are not tested. Please consider using SQLAlchemy.
[2026-04-08T04:34:00.216+0000] {retail_daily_ingestion.py:302} INFO - Transform input: 100 rows from staging
[2026-04-08T04:34:00.252+0000] {retail_daily_ingestion.py:376} INFO - Aggregated to 20 store-product-date rows
[2026-04-08T04:34:00.272+0000] {base.py:84} INFO - Using connection ID 'postgres_retail' for task execution.
[2026-04-08T04:34:00.291+0000] {logging_mixin.py:188} WARNING - /home/***/.local/lib/python3.11/site-packages/***/providers/common/sql/hooks/sql.py:227 UserWarning: pandas only supports SQLAlchemy connectable (engine/connection) or database string URI or sqlite3 DBAPI2 connection. Other DBAPI2 objects are not tested. Please consider using SQLAlchemy.
[2026-04-08T04:34:00.300+0000] {retail_daily_ingestion.py:391} INFO - Enriched dataset: 20 rows ready for curated load
[2026-04-08T04:34:00.319+0000] {base.py:84} INFO - Using connection ID 'postgres_retail' for task execution.
[2026-04-08T04:34:00.331+0000] {sql.py:457} INFO - Running statement: TRUNCATE TABLE staging.fact_daily_sales_stage;, parameters: None
[2026-04-08T04:34:00.356+0000] {base.py:84} INFO - Using connection ID 'postgres_retail' for task execution.
[2026-04-08T04:34:00.376+0000] {sql.py:580} INFO - Done loading. Loaded a total of 20 rows into staging.fact_daily_sales_stage
[2026-04-08T04:34:00.377+0000] {retail_daily_ingestion.py:427} INFO - Wrote 20 rows to staging.fact_daily_sales_stage for PostgresOperator UPSERT
[2026-04-08T04:34:00.378+0000] {python.py:237} INFO - Done. Returned value was: None
[2026-04-08T04:34:00.379+0000] {taskinstance.py:441} INFO - ::group::Post task execution logs
[2026-04-08T04:34:00.404+0000] {taskinstance.py:1205} INFO - Marking task as SUCCESS. dag_id=retail_daily_ingestion, task_id=transform_sales, execution_date=20260408T043351, start_date=20260408T043359, end_date=20260408T043400
[2026-04-08T04:34:00.459+0000] {local_task_job_runner.py:240} INFO - Task exited with return code 0
[2026-04-08T04:34:00.503+0000] {logging_mixin.py:188} WARNING - /home/***/.local/lib/python3.11/site-packages/***/models/baseoperator.py:1296 AirflowProviderDeprecationWarning: Call to deprecated class PostgresOperator. (Please use `***.providers.common.sql.operators.sql.SQLExecuteQueryOperator`.Also, you can provide `hook_params={'schema': <database>}`.)
[2026-04-08T04:34:00.537+0000] {taskinstance.py:3482} INFO - 1 downstream tasks scheduled from follow-on schedule check
[2026-04-08T04:34:00.539+0000] {local_task_job_runner.py:222} INFO - ::endgroup::
