[2026-04-08T02:21:35.623+0000] {local_task_job_runner.py:120} INFO - ::group::Pre task execution logs
[2026-04-08T02:21:35.645+0000] {taskinstance.py:2073} INFO - Dependencies all met for dep_context=non-requeueable deps ti=<TaskInstance: retail_daily_ingestion.send_notification manual__2026-04-08T02:21:20+00:00 [queued]>
[2026-04-08T02:21:35.654+0000] {taskinstance.py:2073} INFO - Dependencies all met for dep_context=requeueable deps ti=<TaskInstance: retail_daily_ingestion.send_notification manual__2026-04-08T02:21:20+00:00 [queued]>
[2026-04-08T02:21:35.654+0000] {taskinstance.py:2303} INFO - Starting attempt 1 of 4
[2026-04-08T02:21:35.667+0000] {taskinstance.py:2327} INFO - Executing <Task(PythonOperator): send_notification> on 2026-04-08 02:21:20+00:00
[2026-04-08T02:21:35.673+0000] {standard_task_runner.py:63} INFO - Started process 4615 to run task
[2026-04-08T02:21:35.676+0000] {standard_task_runner.py:90} INFO - Running: ['***', 'tasks', 'run', 'retail_daily_ingestion', 'send_notification', 'manual__2026-04-08T02:21:20+00:00', '--job-id', '68', '--raw', '--subdir', 'DAGS_FOLDER/retail_daily_ingestion.py', '--cfg-path', '/tmp/tmpatmg7asl']
[2026-04-08T02:21:35.679+0000] {standard_task_runner.py:91} INFO - Job 68: Subtask send_notification
[2026-04-08T02:21:35.742+0000] {task_command.py:426} INFO - Running <TaskInstance: retail_daily_ingestion.send_notification manual__2026-04-08T02:21:20+00:00 [running]> on host 649f4949adfd
[2026-04-08T02:21:35.859+0000] {taskinstance.py:2644} INFO - Exporting env vars: AIRFLOW_CTX_DAG_EMAIL='data-engineering-team@company.com' AIRFLOW_CTX_DAG_OWNER='data-engineering' AIRFLOW_CTX_DAG_ID='retail_daily_ingestion' AIRFLOW_CTX_TASK_ID='send_notification' AIRFLOW_CTX_EXECUTION_DATE='2026-04-08T02:21:20+00:00' AIRFLOW_CTX_TRY_NUMBER='1' AIRFLOW_CTX_DAG_RUN_ID='manual__2026-04-08T02:21:20+00:00'
[2026-04-08T02:21:35.861+0000] {taskinstance.py:430} INFO - ::endgroup::
[2026-04-08T02:21:35.904+0000] {base.py:84} INFO - Using connection ID 'slack_webhook' for task execution.
[2026-04-08T02:21:35.916+0000] {base.py:84} INFO - Using connection ID 'slack_webhook' for task execution.
[2026-04-08T02:21:36.571+0000] {retail_daily_ingestion.py:511} INFO - Slack notification sent | state: success
[2026-04-08T02:21:36.573+0000] {python.py:237} INFO - Done. Returned value was: None
[2026-04-08T02:21:36.576+0000] {taskinstance.py:441} INFO - ::group::Post task execution logs
[2026-04-08T02:21:36.601+0000] {taskinstance.py:1205} INFO - Marking task as SUCCESS. dag_id=retail_daily_ingestion, task_id=send_notification, execution_date=20260408T022120, start_date=20260408T022135, end_date=20260408T022136
[2026-04-08T02:21:36.651+0000] {local_task_job_runner.py:240} INFO - Task exited with return code 0
[2026-04-08T02:21:36.671+0000] {taskinstance.py:3482} INFO - 0 downstream tasks scheduled from follow-on schedule check
[2026-04-08T02:21:36.673+0000] {local_task_job_runner.py:222} INFO - ::endgroup::
