[2026-04-08T04:33:55.006+0000] {local_task_job_runner.py:120} INFO - ::group::Pre task execution logs
[2026-04-08T04:33:55.034+0000] {taskinstance.py:2073} INFO - Dependencies all met for dep_context=non-requeueable deps ti=<TaskInstance: retail_daily_ingestion.branch_on_files manual_realistic_run_20260407 [queued]>
[2026-04-08T04:33:55.044+0000] {taskinstance.py:2073} INFO - Dependencies all met for dep_context=requeueable deps ti=<TaskInstance: retail_daily_ingestion.branch_on_files manual_realistic_run_20260407 [queued]>
[2026-04-08T04:33:55.044+0000] {taskinstance.py:2303} INFO - Starting attempt 1 of 4
[2026-04-08T04:33:55.056+0000] {taskinstance.py:2327} INFO - Executing <Task(BranchPythonOperator): branch_on_files> on 2026-04-08 04:33:51+00:00
[2026-04-08T04:33:55.060+0000] {standard_task_runner.py:63} INFO - Started process 6241 to run task
[2026-04-08T04:33:55.063+0000] {standard_task_runner.py:90} INFO - Running: ['***', 'tasks', 'run', 'retail_daily_ingestion', 'branch_on_files', 'manual_realistic_run_20260407', '--job-id', '98', '--raw', '--subdir', 'DAGS_FOLDER/retail_daily_ingestion.py', '--cfg-path', '/tmp/tmpf8x8yae7']
[2026-04-08T04:33:55.065+0000] {standard_task_runner.py:91} INFO - Job 98: Subtask branch_on_files
[2026-04-08T04:33:55.144+0000] {task_command.py:426} INFO - Running <TaskInstance: retail_daily_ingestion.branch_on_files manual_realistic_run_20260407 [running]> on host 649f4949adfd
[2026-04-08T04:33:55.282+0000] {taskinstance.py:2644} INFO - Exporting env vars: AIRFLOW_CTX_DAG_EMAIL='diluksha@bistcglobal.com' AIRFLOW_CTX_DAG_OWNER='data-engineering' AIRFLOW_CTX_DAG_ID='retail_daily_ingestion' AIRFLOW_CTX_TASK_ID='branch_on_files' AIRFLOW_CTX_EXECUTION_DATE='2026-04-08T04:33:51+00:00' AIRFLOW_CTX_TRY_NUMBER='1' AIRFLOW_CTX_DAG_RUN_ID='manual_realistic_run_20260407'
[2026-04-08T04:33:55.283+0000] {taskinstance.py:430} INFO - ::endgroup::
[2026-04-08T04:33:55.294+0000] {baseoperator.py:399} WARNING - BranchPythonOperator.execute cannot be called outside TaskInstance!
[2026-04-08T04:33:55.321+0000] {base.py:84} INFO - Using connection ID 'minio_s3' for task execution.
[2026-04-08T04:33:55.322+0000] {connection_wrapper.py:384} INFO - AWS Connection (conn_id='minio_s3', conn_type='aws') credentials retrieved from login and password.
[2026-04-08T04:33:55.804+0000] {retail_daily_ingestion.py:171} INFO - Branch → ingest_to_staging. All 3 files confirmed.
[2026-04-08T04:33:55.804+0000] {python.py:237} INFO - Done. Returned value was: ingest_to_staging
[2026-04-08T04:33:55.805+0000] {branch.py:36} INFO - Branch into ingest_to_staging
[2026-04-08T04:33:55.805+0000] {skipmixin.py:178} INFO - Following branch ingest_to_staging
[2026-04-08T04:33:55.834+0000] {skipmixin.py:246} INFO - Skipping tasks [('alert_missing_files', -1)]
[2026-04-08T04:33:55.868+0000] {taskinstance.py:441} INFO - ::group::Post task execution logs
[2026-04-08T04:33:55.900+0000] {taskinstance.py:1205} INFO - Marking task as SUCCESS. dag_id=retail_daily_ingestion, task_id=branch_on_files, execution_date=20260408T043351, start_date=20260408T043355, end_date=20260408T043355
[2026-04-08T04:33:55.958+0000] {local_task_job_runner.py:240} INFO - Task exited with return code 0
[2026-04-08T04:33:55.987+0000] {logging_mixin.py:188} WARNING - /home/***/.local/lib/python3.11/site-packages/***/models/baseoperator.py:1296 AirflowProviderDeprecationWarning: Call to deprecated class PostgresOperator. (Please use `***.providers.common.sql.operators.sql.SQLExecuteQueryOperator`.Also, you can provide `hook_params={'schema': <database>}`.)
[2026-04-08T04:33:56.009+0000] {taskinstance.py:3482} INFO - 1 downstream tasks scheduled from follow-on schedule check
[2026-04-08T04:33:56.011+0000] {local_task_job_runner.py:222} INFO - ::endgroup::
