[2026-04-08T04:26:58.923+0000] {local_task_job_runner.py:120} INFO - ::group::Pre task execution logs
[2026-04-08T04:26:58.945+0000] {taskinstance.py:2073} INFO - Dependencies all met for dep_context=non-requeueable deps ti=<TaskInstance: retail_daily_ingestion.transform_sales manual__2026-04-07T06:00:00+00:00 [queued]>
[2026-04-08T04:26:58.952+0000] {taskinstance.py:2073} INFO - Dependencies all met for dep_context=requeueable deps ti=<TaskInstance: retail_daily_ingestion.transform_sales manual__2026-04-07T06:00:00+00:00 [queued]>
[2026-04-08T04:26:58.953+0000] {taskinstance.py:2303} INFO - Starting attempt 1 of 2
[2026-04-08T04:26:58.967+0000] {taskinstance.py:2327} INFO - Executing <Task(PythonOperator): transform_sales> on 2026-04-07 06:00:00+00:00
[2026-04-08T04:26:58.971+0000] {standard_task_runner.py:63} INFO - Started process 6142 to run task
[2026-04-08T04:26:58.974+0000] {standard_task_runner.py:90} INFO - Running: ['***', 'tasks', 'run', 'retail_daily_ingestion', 'transform_sales', 'manual__2026-04-07T06:00:00+00:00', '--job-id', '93', '--raw', '--subdir', 'DAGS_FOLDER/retail_daily_ingestion.py', '--cfg-path', '/tmp/tmp8sgt3s0q']
[2026-04-08T04:26:58.976+0000] {standard_task_runner.py:91} INFO - Job 93: Subtask transform_sales
[2026-04-08T04:26:59.041+0000] {task_command.py:426} INFO - Running <TaskInstance: retail_daily_ingestion.transform_sales manual__2026-04-07T06:00:00+00:00 [running]> on host 649f4949adfd
[2026-04-08T04:26:59.152+0000] {taskinstance.py:2644} INFO - Exporting env vars: AIRFLOW_CTX_DAG_EMAIL='diluksha@bistcglobal.com' AIRFLOW_CTX_DAG_OWNER='data-engineering' AIRFLOW_CTX_DAG_ID='retail_daily_ingestion' AIRFLOW_CTX_TASK_ID='transform_sales' AIRFLOW_CTX_EXECUTION_DATE='2026-04-07T06:00:00+00:00' AIRFLOW_CTX_TRY_NUMBER='1' AIRFLOW_CTX_DAG_RUN_ID='manual__2026-04-07T06:00:00+00:00'
[2026-04-08T04:26:59.153+0000] {taskinstance.py:430} INFO - ::endgroup::
[2026-04-08T04:26:59.185+0000] {base.py:84} INFO - Using connection ID 'postgres_retail' for task execution.
[2026-04-08T04:26:59.200+0000] {logging_mixin.py:188} WARNING - /home/***/.local/lib/python3.11/site-packages/***/providers/common/sql/hooks/sql.py:227 UserWarning: pandas only supports SQLAlchemy connectable (engine/connection) or database string URI or sqlite3 DBAPI2 connection. Other DBAPI2 objects are not tested. Please consider using SQLAlchemy.
[2026-04-08T04:26:59.207+0000] {retail_daily_ingestion.py:302} INFO - Transform input: 100 rows from staging
[2026-04-08T04:26:59.227+0000] {retail_daily_ingestion.py:376} INFO - Aggregated to 20 store-product-date rows
[2026-04-08T04:26:59.240+0000] {base.py:84} INFO - Using connection ID 'postgres_retail' for task execution.
[2026-04-08T04:26:59.249+0000] {logging_mixin.py:188} WARNING - /home/***/.local/lib/python3.11/site-packages/***/providers/common/sql/hooks/sql.py:227 UserWarning: pandas only supports SQLAlchemy connectable (engine/connection) or database string URI or sqlite3 DBAPI2 connection. Other DBAPI2 objects are not tested. Please consider using SQLAlchemy.
[2026-04-08T04:26:59.255+0000] {retail_daily_ingestion.py:391} INFO - Enriched dataset: 20 rows ready for curated load
[2026-04-08T04:26:59.267+0000] {base.py:84} INFO - Using connection ID 'postgres_retail' for task execution.
[2026-04-08T04:26:59.274+0000] {sql.py:457} INFO - Running statement: TRUNCATE TABLE staging.fact_daily_sales_stage;, parameters: None
[2026-04-08T04:26:59.291+0000] {base.py:84} INFO - Using connection ID 'postgres_retail' for task execution.
[2026-04-08T04:26:59.307+0000] {sql.py:580} INFO - Done loading. Loaded a total of 20 rows into staging.fact_daily_sales_stage
[2026-04-08T04:26:59.307+0000] {retail_daily_ingestion.py:427} INFO - Wrote 20 rows to staging.fact_daily_sales_stage for PostgresOperator UPSERT
[2026-04-08T04:26:59.308+0000] {python.py:237} INFO - Done. Returned value was: None
[2026-04-08T04:26:59.309+0000] {taskinstance.py:441} INFO - ::group::Post task execution logs
[2026-04-08T04:26:59.325+0000] {taskinstance.py:1205} INFO - Marking task as SUCCESS. dag_id=retail_daily_ingestion, task_id=transform_sales, execution_date=20260407T060000, start_date=20260408T042658, end_date=20260408T042659
[2026-04-08T04:26:59.346+0000] {local_task_job_runner.py:240} INFO - Task exited with return code 0
[2026-04-08T04:26:59.367+0000] {logging_mixin.py:188} WARNING - /home/***/.local/lib/python3.11/site-packages/***/models/baseoperator.py:1296 AirflowProviderDeprecationWarning: Call to deprecated class PostgresOperator. (Please use `***.providers.common.sql.operators.sql.SQLExecuteQueryOperator`.Also, you can provide `hook_params={'schema': <database>}`.)
[2026-04-08T04:26:59.388+0000] {taskinstance.py:3482} INFO - 1 downstream tasks scheduled from follow-on schedule check
[2026-04-08T04:26:59.390+0000] {local_task_job_runner.py:222} INFO - ::endgroup::
