[2026-04-10T16:34:53.476+0000] {local_task_job_runner.py:120} INFO - ::group::Pre task execution logs
[2026-04-10T16:34:53.498+0000] {taskinstance.py:2073} INFO - Dependencies all met for dep_context=non-requeueable deps ti=<TaskInstance: retail_daily_ingestion.check_files_exist manual__2026-04-10T16:34:47+00:00 [queued]>
[2026-04-10T16:34:53.506+0000] {taskinstance.py:2073} INFO - Dependencies all met for dep_context=requeueable deps ti=<TaskInstance: retail_daily_ingestion.check_files_exist manual__2026-04-10T16:34:47+00:00 [queued]>
[2026-04-10T16:34:53.507+0000] {taskinstance.py:2303} INFO - Starting attempt 1 of 4
[2026-04-10T16:34:53.519+0000] {taskinstance.py:2327} INFO - Executing <Task(S3KeySensor): check_files_exist> on 2026-04-10 16:34:47+00:00
[2026-04-10T16:34:53.526+0000] {standard_task_runner.py:63} INFO - Started process 9022 to run task
[2026-04-10T16:34:53.530+0000] {standard_task_runner.py:90} INFO - Running: ['***', 'tasks', 'run', 'retail_daily_ingestion', 'check_files_exist', 'manual__2026-04-10T16:34:47+00:00', '--job-id', '123', '--raw', '--subdir', 'DAGS_FOLDER/retail_daily_ingestion.py', '--cfg-path', '/tmp/tmpskxv58jg']
[2026-04-10T16:34:53.533+0000] {standard_task_runner.py:91} INFO - Job 123: Subtask check_files_exist
[2026-04-10T16:34:53.608+0000] {task_command.py:426} INFO - Running <TaskInstance: retail_daily_ingestion.check_files_exist manual__2026-04-10T16:34:47+00:00 [running]> on host 649f4949adfd
[2026-04-10T16:34:53.783+0000] {taskinstance.py:2644} INFO - Exporting env vars: AIRFLOW_CTX_DAG_EMAIL='diluksha@bistcglobal.com' AIRFLOW_CTX_DAG_OWNER='data-engineering' AIRFLOW_CTX_DAG_ID='retail_daily_ingestion' AIRFLOW_CTX_TASK_ID='check_files_exist' AIRFLOW_CTX_EXECUTION_DATE='2026-04-10T16:34:47+00:00' AIRFLOW_CTX_TRY_NUMBER='1' AIRFLOW_CTX_DAG_RUN_ID='manual__2026-04-10T16:34:47+00:00'
[2026-04-10T16:34:53.784+0000] {taskinstance.py:430} INFO - ::endgroup::
[2026-04-10T16:34:53.806+0000] {baseoperator.py:399} WARNING - S3KeySensor.execute cannot be called outside TaskInstance!
[2026-04-10T16:34:53.807+0000] {s3.py:110} INFO - Poking for key : s3://raw-data/retail-data/2026-04-09/sales_transactions.csv
[2026-04-10T16:34:53.825+0000] {base.py:84} INFO - Using connection ID 'minio_s3' for task execution.
[2026-04-10T16:34:53.826+0000] {connection_wrapper.py:384} INFO - AWS Connection (conn_id='minio_s3', conn_type='aws') credentials retrieved from login and password.
[2026-04-10T16:35:24.889+0000] {s3.py:110} INFO - Poking for key : s3://raw-data/retail-data/2026-04-09/sales_transactions.csv
[2026-04-10T16:35:54.911+0000] {s3.py:110} INFO - Poking for key : s3://raw-data/retail-data/2026-04-09/sales_transactions.csv
[2026-04-10T16:36:24.910+0000] {s3.py:110} INFO - Poking for key : s3://raw-data/retail-data/2026-04-09/sales_transactions.csv
[2026-04-10T16:36:54.917+0000] {s3.py:110} INFO - Poking for key : s3://raw-data/retail-data/2026-04-09/sales_transactions.csv
[2026-04-10T16:37:24.923+0000] {s3.py:110} INFO - Poking for key : s3://raw-data/retail-data/2026-04-09/sales_transactions.csv
[2026-04-10T16:37:54.920+0000] {s3.py:110} INFO - Poking for key : s3://raw-data/retail-data/2026-04-09/sales_transactions.csv
[2026-04-10T16:38:24.926+0000] {s3.py:110} INFO - Poking for key : s3://raw-data/retail-data/2026-04-09/sales_transactions.csv
[2026-04-10T16:38:54.930+0000] {s3.py:110} INFO - Poking for key : s3://raw-data/retail-data/2026-04-09/sales_transactions.csv
[2026-04-10T16:39:24.929+0000] {s3.py:110} INFO - Poking for key : s3://raw-data/retail-data/2026-04-09/sales_transactions.csv
[2026-04-10T16:39:54.930+0000] {s3.py:110} INFO - Poking for key : s3://raw-data/retail-data/2026-04-09/sales_transactions.csv
[2026-04-10T16:40:24.929+0000] {s3.py:110} INFO - Poking for key : s3://raw-data/retail-data/2026-04-09/sales_transactions.csv
[2026-04-10T16:40:54.927+0000] {s3.py:110} INFO - Poking for key : s3://raw-data/retail-data/2026-04-09/sales_transactions.csv
[2026-04-10T16:41:24.926+0000] {s3.py:110} INFO - Poking for key : s3://raw-data/retail-data/2026-04-09/sales_transactions.csv
[2026-04-10T16:41:54.924+0000] {s3.py:110} INFO - Poking for key : s3://raw-data/retail-data/2026-04-09/sales_transactions.csv
[2026-04-10T16:42:24.919+0000] {s3.py:110} INFO - Poking for key : s3://raw-data/retail-data/2026-04-09/sales_transactions.csv
[2026-04-10T16:42:54.925+0000] {s3.py:110} INFO - Poking for key : s3://raw-data/retail-data/2026-04-09/sales_transactions.csv
[2026-04-10T16:43:24.932+0000] {s3.py:110} INFO - Poking for key : s3://raw-data/retail-data/2026-04-09/sales_transactions.csv
[2026-04-10T16:43:54.932+0000] {s3.py:110} INFO - Poking for key : s3://raw-data/retail-data/2026-04-09/sales_transactions.csv
[2026-04-10T16:44:24.926+0000] {s3.py:110} INFO - Poking for key : s3://raw-data/retail-data/2026-04-09/sales_transactions.csv
[2026-04-10T16:44:54.929+0000] {s3.py:110} INFO - Poking for key : s3://raw-data/retail-data/2026-04-09/sales_transactions.csv
[2026-04-10T16:45:24.930+0000] {s3.py:110} INFO - Poking for key : s3://raw-data/retail-data/2026-04-09/sales_transactions.csv
[2026-04-10T16:45:54.930+0000] {s3.py:110} INFO - Poking for key : s3://raw-data/retail-data/2026-04-09/sales_transactions.csv
[2026-04-10T16:46:24.928+0000] {s3.py:110} INFO - Poking for key : s3://raw-data/retail-data/2026-04-09/sales_transactions.csv
[2026-04-10T16:46:54.930+0000] {s3.py:110} INFO - Poking for key : s3://raw-data/retail-data/2026-04-09/sales_transactions.csv
