[2026-04-07T12:04:59.366+0000] {local_task_job_runner.py:120} INFO - ::group::Pre task execution logs
[2026-04-07T12:04:59.390+0000] {taskinstance.py:2073} INFO - Dependencies all met for dep_context=non-requeueable deps ti=<TaskInstance: retail_daily_ingestion.check_files_exist manual__2026-04-07T12:04:57+00:00 [queued]>
[2026-04-07T12:04:59.396+0000] {taskinstance.py:2073} INFO - Dependencies all met for dep_context=requeueable deps ti=<TaskInstance: retail_daily_ingestion.check_files_exist manual__2026-04-07T12:04:57+00:00 [queued]>
[2026-04-07T12:04:59.397+0000] {taskinstance.py:2303} INFO - Starting attempt 1 of 4
[2026-04-07T12:04:59.410+0000] {taskinstance.py:2327} INFO - Executing <Task(S3KeySensor): check_files_exist> on 2026-04-07 12:04:57+00:00
[2026-04-07T12:04:59.414+0000] {standard_task_runner.py:63} INFO - Started process 611 to run task
[2026-04-07T12:04:59.417+0000] {standard_task_runner.py:90} INFO - Running: ['***', 'tasks', 'run', 'retail_daily_ingestion', 'check_files_exist', 'manual__2026-04-07T12:04:57+00:00', '--job-id', '9', '--raw', '--subdir', 'DAGS_FOLDER/retail_daily_ingestion.py', '--cfg-path', '/tmp/tmphs7bce14']
[2026-04-07T12:04:59.420+0000] {standard_task_runner.py:91} INFO - Job 9: Subtask check_files_exist
[2026-04-07T12:04:59.478+0000] {task_command.py:426} INFO - Running <TaskInstance: retail_daily_ingestion.check_files_exist manual__2026-04-07T12:04:57+00:00 [running]> on host 649f4949adfd
[2026-04-07T12:04:59.599+0000] {taskinstance.py:2644} INFO - Exporting env vars: AIRFLOW_CTX_DAG_EMAIL='data-engineering-team@company.com' AIRFLOW_CTX_DAG_OWNER='data-engineering' AIRFLOW_CTX_DAG_ID='retail_daily_ingestion' AIRFLOW_CTX_TASK_ID='check_files_exist' AIRFLOW_CTX_EXECUTION_DATE='2026-04-07T12:04:57+00:00' AIRFLOW_CTX_TRY_NUMBER='1' AIRFLOW_CTX_DAG_RUN_ID='manual__2026-04-07T12:04:57+00:00'
[2026-04-07T12:04:59.601+0000] {taskinstance.py:430} INFO - ::endgroup::
[2026-04-07T12:04:59.612+0000] {baseoperator.py:399} WARNING - S3KeySensor.execute cannot be called outside TaskInstance!
[2026-04-07T12:04:59.612+0000] {s3.py:110} INFO - Poking for key : s3://raw-data/retail-data/2026-04-08/sales_transactions.csv
[2026-04-07T12:04:59.627+0000] {base.py:84} INFO - Using connection ID 'minio_s3' for task execution.
[2026-04-07T12:04:59.627+0000] {connection_wrapper.py:384} INFO - AWS Connection (conn_id='minio_s3', conn_type='aws') credentials retrieved from login and password.
[2026-04-07T12:05:31.861+0000] {s3.py:110} INFO - Poking for key : s3://raw-data/retail-data/2026-04-08/sales_transactions.csv
[2026-04-07T12:06:03.590+0000] {s3.py:110} INFO - Poking for key : s3://raw-data/retail-data/2026-04-08/sales_transactions.csv
[2026-04-07T12:06:35.263+0000] {s3.py:110} INFO - Poking for key : s3://raw-data/retail-data/2026-04-08/sales_transactions.csv
[2026-04-07T12:07:06.922+0000] {s3.py:110} INFO - Poking for key : s3://raw-data/retail-data/2026-04-08/sales_transactions.csv
[2026-04-07T12:07:38.613+0000] {s3.py:110} INFO - Poking for key : s3://raw-data/retail-data/2026-04-08/sales_transactions.csv
[2026-04-07T12:08:10.331+0000] {s3.py:110} INFO - Poking for key : s3://raw-data/retail-data/2026-04-08/sales_transactions.csv
[2026-04-07T12:08:42.009+0000] {s3.py:110} INFO - Poking for key : s3://raw-data/retail-data/2026-04-08/sales_transactions.csv
[2026-04-07T12:09:13.689+0000] {s3.py:110} INFO - Poking for key : s3://raw-data/retail-data/2026-04-08/sales_transactions.csv
[2026-04-07T12:09:45.372+0000] {s3.py:110} INFO - Poking for key : s3://raw-data/retail-data/2026-04-08/sales_transactions.csv
[2026-04-07T12:10:17.068+0000] {s3.py:110} INFO - Poking for key : s3://raw-data/retail-data/2026-04-08/sales_transactions.csv
[2026-04-07T12:10:48.756+0000] {s3.py:110} INFO - Poking for key : s3://raw-data/retail-data/2026-04-08/sales_transactions.csv
[2026-04-07T12:11:20.421+0000] {s3.py:110} INFO - Poking for key : s3://raw-data/retail-data/2026-04-08/sales_transactions.csv
[2026-04-07T12:11:52.113+0000] {s3.py:110} INFO - Poking for key : s3://raw-data/retail-data/2026-04-08/sales_transactions.csv
[2026-04-07T12:12:23.852+0000] {s3.py:110} INFO - Poking for key : s3://raw-data/retail-data/2026-04-08/sales_transactions.csv
[2026-04-07T12:12:55.505+0000] {s3.py:110} INFO - Poking for key : s3://raw-data/retail-data/2026-04-08/sales_transactions.csv
[2026-04-07T12:13:27.180+0000] {s3.py:110} INFO - Poking for key : s3://raw-data/retail-data/2026-04-08/sales_transactions.csv
[2026-04-07T12:13:58.915+0000] {s3.py:110} INFO - Poking for key : s3://raw-data/retail-data/2026-04-08/sales_transactions.csv
[2026-04-07T12:14:30.622+0000] {s3.py:110} INFO - Poking for key : s3://raw-data/retail-data/2026-04-08/sales_transactions.csv
[2026-04-07T12:15:02.270+0000] {s3.py:110} INFO - Poking for key : s3://raw-data/retail-data/2026-04-08/sales_transactions.csv
[2026-04-07T12:15:33.955+0000] {s3.py:110} INFO - Poking for key : s3://raw-data/retail-data/2026-04-08/sales_transactions.csv
[2026-04-07T12:16:05.697+0000] {s3.py:110} INFO - Poking for key : s3://raw-data/retail-data/2026-04-08/sales_transactions.csv
[2026-04-07T12:16:37.403+0000] {s3.py:110} INFO - Poking for key : s3://raw-data/retail-data/2026-04-08/sales_transactions.csv
[2026-04-07T12:17:09.063+0000] {s3.py:110} INFO - Poking for key : s3://raw-data/retail-data/2026-04-08/sales_transactions.csv
[2026-04-07T12:17:40.759+0000] {s3.py:110} INFO - Poking for key : s3://raw-data/retail-data/2026-04-08/sales_transactions.csv
[2026-04-07T12:18:12.481+0000] {s3.py:110} INFO - Poking for key : s3://raw-data/retail-data/2026-04-08/sales_transactions.csv
[2026-04-07T12:18:44.224+0000] {s3.py:110} INFO - Poking for key : s3://raw-data/retail-data/2026-04-08/sales_transactions.csv
[2026-04-07T12:19:15.868+0000] {s3.py:110} INFO - Poking for key : s3://raw-data/retail-data/2026-04-08/sales_transactions.csv
[2026-04-07T12:19:47.633+0000] {s3.py:110} INFO - Poking for key : s3://raw-data/retail-data/2026-04-08/sales_transactions.csv
[2026-04-07T12:20:19.393+0000] {s3.py:110} INFO - Poking for key : s3://raw-data/retail-data/2026-04-08/sales_transactions.csv
[2026-04-07T12:20:51.016+0000] {s3.py:110} INFO - Poking for key : s3://raw-data/retail-data/2026-04-08/sales_transactions.csv
[2026-04-07T12:21:22.723+0000] {s3.py:110} INFO - Poking for key : s3://raw-data/retail-data/2026-04-08/sales_transactions.csv
[2026-04-07T12:21:54.457+0000] {s3.py:110} INFO - Poking for key : s3://raw-data/retail-data/2026-04-08/sales_transactions.csv
[2026-04-07T12:22:26.216+0000] {s3.py:110} INFO - Poking for key : s3://raw-data/retail-data/2026-04-08/sales_transactions.csv
[2026-04-07T12:22:57.933+0000] {s3.py:110} INFO - Poking for key : s3://raw-data/retail-data/2026-04-08/sales_transactions.csv
[2026-04-07T12:23:29.635+0000] {s3.py:110} INFO - Poking for key : s3://raw-data/retail-data/2026-04-08/sales_transactions.csv
[2026-04-07T12:24:01.334+0000] {s3.py:110} INFO - Poking for key : s3://raw-data/retail-data/2026-04-08/sales_transactions.csv
[2026-04-07T12:24:33.096+0000] {s3.py:110} INFO - Poking for key : s3://raw-data/retail-data/2026-04-08/sales_transactions.csv
[2026-04-07T12:25:04.764+0000] {s3.py:110} INFO - Poking for key : s3://raw-data/retail-data/2026-04-08/sales_transactions.csv
[2026-04-07T12:25:36.529+0000] {s3.py:110} INFO - Poking for key : s3://raw-data/retail-data/2026-04-08/sales_transactions.csv
[2026-04-07T12:26:08.216+0000] {s3.py:110} INFO - Poking for key : s3://raw-data/retail-data/2026-04-08/sales_transactions.csv
[2026-04-07T12:26:39.990+0000] {s3.py:110} INFO - Poking for key : s3://raw-data/retail-data/2026-04-08/sales_transactions.csv
[2026-04-07T12:27:11.648+0000] {s3.py:110} INFO - Poking for key : s3://raw-data/retail-data/2026-04-08/sales_transactions.csv
[2026-04-07T12:27:43.411+0000] {s3.py:110} INFO - Poking for key : s3://raw-data/retail-data/2026-04-08/sales_transactions.csv
[2026-04-07T12:28:15.096+0000] {s3.py:110} INFO - Poking for key : s3://raw-data/retail-data/2026-04-08/sales_transactions.csv
[2026-04-07T12:28:46.761+0000] {s3.py:110} INFO - Poking for key : s3://raw-data/retail-data/2026-04-08/sales_transactions.csv
[2026-04-07T12:29:18.555+0000] {s3.py:110} INFO - Poking for key : s3://raw-data/retail-data/2026-04-08/sales_transactions.csv
[2026-04-07T12:29:50.241+0000] {s3.py:110} INFO - Poking for key : s3://raw-data/retail-data/2026-04-08/sales_transactions.csv
[2026-04-07T12:30:21.966+0000] {s3.py:110} INFO - Poking for key : s3://raw-data/retail-data/2026-04-08/sales_transactions.csv
[2026-04-07T12:30:53.727+0000] {s3.py:110} INFO - Poking for key : s3://raw-data/retail-data/2026-04-08/sales_transactions.csv
[2026-04-07T12:31:25.415+0000] {s3.py:110} INFO - Poking for key : s3://raw-data/retail-data/2026-04-08/sales_transactions.csv
[2026-04-07T12:31:57.109+0000] {s3.py:110} INFO - Poking for key : s3://raw-data/retail-data/2026-04-08/sales_transactions.csv
[2026-04-07T12:32:28.833+0000] {s3.py:110} INFO - Poking for key : s3://raw-data/retail-data/2026-04-08/sales_transactions.csv
[2026-04-07T12:33:00.576+0000] {s3.py:110} INFO - Poking for key : s3://raw-data/retail-data/2026-04-08/sales_transactions.csv
[2026-04-07T12:33:32.327+0000] {s3.py:110} INFO - Poking for key : s3://raw-data/retail-data/2026-04-08/sales_transactions.csv
[2026-04-07T12:34:03.983+0000] {s3.py:110} INFO - Poking for key : s3://raw-data/retail-data/2026-04-08/sales_transactions.csv
[2026-04-07T12:34:35.687+0000] {s3.py:110} INFO - Poking for key : s3://raw-data/retail-data/2026-04-08/sales_transactions.csv
[2026-04-07T12:35:07.438+0000] {s3.py:110} INFO - Poking for key : s3://raw-data/retail-data/2026-04-08/sales_transactions.csv
[2026-04-07T12:35:39.203+0000] {s3.py:110} INFO - Poking for key : s3://raw-data/retail-data/2026-04-08/sales_transactions.csv
[2026-04-07T12:36:10.865+0000] {s3.py:110} INFO - Poking for key : s3://raw-data/retail-data/2026-04-08/sales_transactions.csv
[2026-04-07T12:36:42.558+0000] {s3.py:110} INFO - Poking for key : s3://raw-data/retail-data/2026-04-08/sales_transactions.csv
[2026-04-07T12:36:42.566+0000] {taskinstance.py:441} INFO - ::group::Post task execution logs
[2026-04-07T12:36:42.576+0000] {taskinstance.py:2890} ERROR - Task failed with exception
Traceback (most recent call last):
  File "/home/airflow/.local/lib/python3.11/site-packages/airflow/models/taskinstance.py", line 465, in _execute_task
    result = _execute_callable(context=context, **execute_callable_kwargs)
             ^^^^^^^^^^^^^^^^^^^^^^^^^^^^^^^^^^^^^^^^^^^^^^^^^^^^^^^^^^^^^
  File "/home/airflow/.local/lib/python3.11/site-packages/airflow/models/taskinstance.py", line 432, in _execute_callable
    return execute_callable(context=context, **execute_callable_kwargs)
           ^^^^^^^^^^^^^^^^^^^^^^^^^^^^^^^^^^^^^^^^^^^^^^^^^^^^^^^^^^^^
  File "/home/airflow/.local/lib/python3.11/site-packages/airflow/models/baseoperator.py", line 400, in wrapper
    return func(self, *args, **kwargs)
           ^^^^^^^^^^^^^^^^^^^^^^^^^^^
  File "/home/airflow/.local/lib/python3.11/site-packages/airflow/providers/amazon/aws/sensors/s3.py", line 153, in execute
    super().execute(context)
  File "/home/airflow/.local/lib/python3.11/site-packages/airflow/models/baseoperator.py", line 400, in wrapper
    return func(self, *args, **kwargs)
           ^^^^^^^^^^^^^^^^^^^^^^^^^^^
  File "/home/airflow/.local/lib/python3.11/site-packages/airflow/sensors/base.py", line 281, in execute
    raise AirflowSensorTimeout(message)
airflow.exceptions.AirflowSensorTimeout: Sensor has timed out; run duration of 1800.9339585779962 seconds exceeds the specified timeout of 1800.0.
[2026-04-07T12:36:42.646+0000] {taskinstance.py:1205} INFO - Immediate failure requested. Marking task as FAILED. dag_id=retail_daily_ingestion, task_id=check_files_exist, execution_date=20260407T120457, start_date=20260407T120459, end_date=20260407T123642
[2026-04-07T12:36:42.729+0000] {logging_mixin.py:188} WARNING - /home/***/.local/lib/python3.11/site-packages/***/utils/email.py:154 RemovedInAirflow3Warning: Fetching SMTP credentials from configuration variables will be deprecated in a future release. Please set credentials using a connection instead.
[2026-04-07T12:36:42.731+0000] {configuration.py:1050} WARNING - section/key [smtp/smtp_user] not found in config
[2026-04-07T12:36:42.732+0000] {email.py:271} INFO - Email alerting: attempt 1
[2026-04-07T12:36:42.751+0000] {configuration.py:1050} WARNING - section/key [smtp/smtp_user] not found in config
[2026-04-07T12:36:42.751+0000] {email.py:271} INFO - Email alerting: attempt 1
[2026-04-07T12:36:42.752+0000] {taskinstance.py:879} ERROR - Failed to send email to: ['data-engineering-team@company.com']
Traceback (most recent call last):
  File "/home/airflow/.local/lib/python3.11/site-packages/airflow/models/taskinstance.py", line 2476, in _run_raw_task
    self._execute_task_with_callbacks(context, test_mode, session=session)
  File "/home/airflow/.local/lib/python3.11/site-packages/airflow/models/taskinstance.py", line 2663, in _execute_task_with_callbacks
    result = self._execute_task(context, task_orig)
             ^^^^^^^^^^^^^^^^^^^^^^^^^^^^^^^^^^^^^^
  File "/home/airflow/.local/lib/python3.11/site-packages/airflow/models/taskinstance.py", line 2686, in _execute_task
    return _execute_task(self, context, task_orig)
           ^^^^^^^^^^^^^^^^^^^^^^^^^^^^^^^^^^^^^^^
  File "/home/airflow/.local/lib/python3.11/site-packages/airflow/models/taskinstance.py", line 465, in _execute_task
    result = _execute_callable(context=context, **execute_callable_kwargs)
             ^^^^^^^^^^^^^^^^^^^^^^^^^^^^^^^^^^^^^^^^^^^^^^^^^^^^^^^^^^^^^
  File "/home/airflow/.local/lib/python3.11/site-packages/airflow/models/taskinstance.py", line 432, in _execute_callable
    return execute_callable(context=context, **execute_callable_kwargs)
           ^^^^^^^^^^^^^^^^^^^^^^^^^^^^^^^^^^^^^^^^^^^^^^^^^^^^^^^^^^^^
  File "/home/airflow/.local/lib/python3.11/site-packages/airflow/models/baseoperator.py", line 400, in wrapper
    return func(self, *args, **kwargs)
           ^^^^^^^^^^^^^^^^^^^^^^^^^^^
  File "/home/airflow/.local/lib/python3.11/site-packages/airflow/providers/amazon/aws/sensors/s3.py", line 153, in execute
    super().execute(context)
  File "/home/airflow/.local/lib/python3.11/site-packages/airflow/models/baseoperator.py", line 400, in wrapper
    return func(self, *args, **kwargs)
           ^^^^^^^^^^^^^^^^^^^^^^^^^^^
  File "/home/airflow/.local/lib/python3.11/site-packages/airflow/sensors/base.py", line 281, in execute
    raise AirflowSensorTimeout(message)
airflow.exceptions.AirflowSensorTimeout: Sensor has timed out; run duration of 1800.9339585779962 seconds exceeds the specified timeout of 1800.0.

During handling of the above exception, another exception occurred:

Traceback (most recent call last):
  File "/home/airflow/.local/lib/python3.11/site-packages/airflow/models/taskinstance.py", line 1063, in _email_alert
    send_email(task.email, subject, html_content)
  File "/home/airflow/.local/lib/python3.11/site-packages/airflow/utils/email.py", line 80, in send_email
    return backend(
           ^^^^^^^^
  File "/home/airflow/.local/lib/python3.11/site-packages/airflow/utils/email.py", line 154, in send_email_smtp
    send_mime_email(e_from=mail_from, e_to=recipients, mime_msg=msg, conn_id=conn_id, dryrun=dryrun)
  File "/home/airflow/.local/lib/python3.11/site-packages/airflow/utils/email.py", line 273, in send_mime_email
    smtp_conn = _get_smtp_connection(smtp_host, smtp_port, smtp_timeout, smtp_ssl)
                ^^^^^^^^^^^^^^^^^^^^^^^^^^^^^^^^^^^^^^^^^^^^^^^^^^^^^^^^^^^^^^^^^^
  File "/home/airflow/.local/lib/python3.11/site-packages/airflow/utils/email.py", line 317, in _get_smtp_connection
    return smtplib.SMTP(host=host, port=port, timeout=timeout)
           ^^^^^^^^^^^^^^^^^^^^^^^^^^^^^^^^^^^^^^^^^^^^^^^^^^^
  File "/usr/local/lib/python3.11/smtplib.py", line 255, in __init__
    (code, msg) = self.connect(host, port)
                  ^^^^^^^^^^^^^^^^^^^^^^^^
  File "/usr/local/lib/python3.11/smtplib.py", line 341, in connect
    self.sock = self._get_socket(host, port, self.timeout)
                ^^^^^^^^^^^^^^^^^^^^^^^^^^^^^^^^^^^^^^^^^^
  File "/usr/local/lib/python3.11/smtplib.py", line 312, in _get_socket
    return socket.create_connection((host, port), timeout,
           ^^^^^^^^^^^^^^^^^^^^^^^^^^^^^^^^^^^^^^^^^^^^^^^
  File "/usr/local/lib/python3.11/socket.py", line 851, in create_connection
    raise exceptions[0]
  File "/usr/local/lib/python3.11/socket.py", line 836, in create_connection
    sock.connect(sa)
ConnectionRefusedError: [Errno 111] Connection refused

During handling of the above exception, another exception occurred:

Traceback (most recent call last):
  File "/home/airflow/.local/lib/python3.11/site-packages/airflow/models/taskinstance.py", line 877, in _handle_failure
    task_instance.email_alert(error, failure_context["task"])
  File "/home/airflow/.local/lib/python3.11/site-packages/airflow/models/taskinstance.py", line 3148, in email_alert
    _email_alert(task_instance=self, exception=exception, task=task)
  File "/home/airflow/.local/lib/python3.11/site-packages/airflow/models/taskinstance.py", line 1065, in _email_alert
    send_email(task.email, subject, html_content_err)
  File "/home/airflow/.local/lib/python3.11/site-packages/airflow/utils/email.py", line 80, in send_email
    return backend(
           ^^^^^^^^
  File "/home/airflow/.local/lib/python3.11/site-packages/airflow/utils/email.py", line 154, in send_email_smtp
    send_mime_email(e_from=mail_from, e_to=recipients, mime_msg=msg, conn_id=conn_id, dryrun=dryrun)
  File "/home/airflow/.local/lib/python3.11/site-packages/airflow/utils/email.py", line 273, in send_mime_email
    smtp_conn = _get_smtp_connection(smtp_host, smtp_port, smtp_timeout, smtp_ssl)
                ^^^^^^^^^^^^^^^^^^^^^^^^^^^^^^^^^^^^^^^^^^^^^^^^^^^^^^^^^^^^^^^^^^
  File "/home/airflow/.local/lib/python3.11/site-packages/airflow/utils/email.py", line 317, in _get_smtp_connection
    return smtplib.SMTP(host=host, port=port, timeout=timeout)
           ^^^^^^^^^^^^^^^^^^^^^^^^^^^^^^^^^^^^^^^^^^^^^^^^^^^
  File "/usr/local/lib/python3.11/smtplib.py", line 255, in __init__
    (code, msg) = self.connect(host, port)
                  ^^^^^^^^^^^^^^^^^^^^^^^^
  File "/usr/local/lib/python3.11/smtplib.py", line 341, in connect
    self.sock = self._get_socket(host, port, self.timeout)
                ^^^^^^^^^^^^^^^^^^^^^^^^^^^^^^^^^^^^^^^^^^
  File "/usr/local/lib/python3.11/smtplib.py", line 312, in _get_socket
    return socket.create_connection((host, port), timeout,
           ^^^^^^^^^^^^^^^^^^^^^^^^^^^^^^^^^^^^^^^^^^^^^^^
  File "/usr/local/lib/python3.11/socket.py", line 851, in create_connection
    raise exceptions[0]
  File "/usr/local/lib/python3.11/socket.py", line 836, in create_connection
    sock.connect(sa)
ConnectionRefusedError: [Errno 111] Connection refused
[2026-04-07T12:36:42.764+0000] {logging_mixin.py:188} WARNING - /home/***/.local/lib/python3.11/site-packages/***/utils/context.py:212 AirflowContextDeprecationWarning: Accessing 'execution_date' from the template is deprecated and will be removed in a future version. Please use 'data_interval_start' or 'logical_date' instead.
[2026-04-07T12:36:42.765+0000] {retail_daily_ingestion.py:66} ERROR - Task failed | DAG: retail_daily_ingestion | Task: check_files_exist | Execution: 2026-04-07 12:04:57+00:00 | Exception: Sensor has timed out; run duration of 1800.9339585779962 seconds exceeds the specified timeout of 1800.0.
[2026-04-07T12:36:42.814+0000] {standard_task_runner.py:110} ERROR - Failed to execute job 9 for task check_files_exist (Sensor has timed out; run duration of 1800.9339585779962 seconds exceeds the specified timeout of 1800.0.; 611)
[2026-04-07T12:36:42.871+0000] {local_task_job_runner.py:240} INFO - Task exited with return code 1
[2026-04-07T12:36:42.939+0000] {logging_mixin.py:188} WARNING - /home/***/.local/lib/python3.11/site-packages/***/models/baseoperator.py:1296 AirflowProviderDeprecationWarning: Call to deprecated class PostgresOperator. (Please use `***.providers.common.sql.operators.sql.SQLExecuteQueryOperator`.Also, you can provide `hook_params={'schema': <database>}`.)
[2026-04-07T12:36:43.007+0000] {taskinstance.py:3482} INFO - 0 downstream tasks scheduled from follow-on schedule check
[2026-04-07T12:36:43.015+0000] {local_task_job_runner.py:222} INFO - ::endgroup::
