[2026-04-07T12:03:05.332+0000] {local_task_job_runner.py:120} INFO - ::group::Pre task execution logs
[2026-04-07T12:03:05.359+0000] {taskinstance.py:2073} INFO - Dependencies all met for dep_context=non-requeueable deps ti=<TaskInstance: retail_daily_ingestion.ingest_to_staging scheduled__2026-04-06T06:00:00+00:00 [queued]>
[2026-04-07T12:03:05.367+0000] {taskinstance.py:2073} INFO - Dependencies all met for dep_context=requeueable deps ti=<TaskInstance: retail_daily_ingestion.ingest_to_staging scheduled__2026-04-06T06:00:00+00:00 [queued]>
[2026-04-07T12:03:05.368+0000] {taskinstance.py:2303} INFO - Starting attempt 2 of 4
[2026-04-07T12:03:05.380+0000] {taskinstance.py:2327} INFO - Executing <Task(PythonOperator): ingest_to_staging> on 2026-04-06 06:00:00+00:00
[2026-04-07T12:03:05.385+0000] {standard_task_runner.py:63} INFO - Started process 575 to run task
[2026-04-07T12:03:05.389+0000] {standard_task_runner.py:90} INFO - Running: ['***', 'tasks', 'run', 'retail_daily_ingestion', 'ingest_to_staging', 'scheduled__2026-04-06T06:00:00+00:00', '--job-id', '5', '--raw', '--subdir', 'DAGS_FOLDER/retail_daily_ingestion.py', '--cfg-path', '/tmp/tmpje8yurao']
[2026-04-07T12:03:05.391+0000] {standard_task_runner.py:91} INFO - Job 5: Subtask ingest_to_staging
[2026-04-07T12:03:05.467+0000] {task_command.py:426} INFO - Running <TaskInstance: retail_daily_ingestion.ingest_to_staging scheduled__2026-04-06T06:00:00+00:00 [running]> on host 649f4949adfd
[2026-04-07T12:03:05.600+0000] {taskinstance.py:2644} INFO - Exporting env vars: AIRFLOW_CTX_DAG_EMAIL='data-engineering-team@company.com' AIRFLOW_CTX_DAG_OWNER='data-engineering' AIRFLOW_CTX_DAG_ID='retail_daily_ingestion' AIRFLOW_CTX_TASK_ID='ingest_to_staging' AIRFLOW_CTX_EXECUTION_DATE='2026-04-06T06:00:00+00:00' AIRFLOW_CTX_TRY_NUMBER='2' AIRFLOW_CTX_DAG_RUN_ID='scheduled__2026-04-06T06:00:00+00:00'
[2026-04-07T12:03:05.601+0000] {taskinstance.py:430} INFO - ::endgroup::
[2026-04-07T12:03:05.629+0000] {retail_daily_ingestion.py:166} INFO - Reading s3://raw-data/retail-data/2026-04-06/sales_transactions.csv
[2026-04-07T12:03:05.644+0000] {base.py:84} INFO - Using connection ID 'minio_s3' for task execution.
[2026-04-07T12:03:05.645+0000] {connection_wrapper.py:384} INFO - AWS Connection (conn_id='minio_s3', conn_type='aws') credentials retrieved from login and password.
[2026-04-07T12:03:05.927+0000] {retail_daily_ingestion.py:180} INFO - File sales_transactions.csv loaded: 100 rows
[2026-04-07T12:03:05.940+0000] {base.py:84} INFO - Using connection ID 'postgres_retail' for task execution.
[2026-04-07T12:03:09.189+0000] {taskinstance.py:441} INFO - ::group::Post task execution logs
[2026-04-07T12:03:09.191+0000] {taskinstance.py:2890} ERROR - Task failed with exception
Traceback (most recent call last):
  File "/home/airflow/.local/lib/python3.11/site-packages/airflow/models/taskinstance.py", line 465, in _execute_task
    result = _execute_callable(context=context, **execute_callable_kwargs)
             ^^^^^^^^^^^^^^^^^^^^^^^^^^^^^^^^^^^^^^^^^^^^^^^^^^^^^^^^^^^^^
  File "/home/airflow/.local/lib/python3.11/site-packages/airflow/models/taskinstance.py", line 432, in _execute_callable
    return execute_callable(context=context, **execute_callable_kwargs)
           ^^^^^^^^^^^^^^^^^^^^^^^^^^^^^^^^^^^^^^^^^^^^^^^^^^^^^^^^^^^^
  File "/home/airflow/.local/lib/python3.11/site-packages/airflow/models/baseoperator.py", line 400, in wrapper
    return func(self, *args, **kwargs)
           ^^^^^^^^^^^^^^^^^^^^^^^^^^^
  File "/home/airflow/.local/lib/python3.11/site-packages/airflow/operators/python.py", line 235, in execute
    return_value = self.execute_callable()
                   ^^^^^^^^^^^^^^^^^^^^^^^
  File "/home/airflow/.local/lib/python3.11/site-packages/airflow/operators/python.py", line 252, in execute_callable
    return self.python_callable(*self.op_args, **self.op_kwargs)
           ^^^^^^^^^^^^^^^^^^^^^^^^^^^^^^^^^^^^^^^^^^^^^^^^^^^^^
  File "/opt/airflow/dags/retail_daily_ingestion.py", line 189, in ingest_to_staging
    pg_hook.run(f"TRUNCATE TABLE {config['table']};")
  File "/home/airflow/.local/lib/python3.11/site-packages/airflow/providers/common/sql/hooks/sql.py", line 397, in run
    with closing(self.get_conn()) as conn:
                 ^^^^^^^^^^^^^^^
  File "/home/airflow/.local/lib/python3.11/site-packages/airflow/providers/postgres/hooks/postgres.py", line 161, in get_conn
    self.conn = psycopg2.connect(**conn_args)
                ^^^^^^^^^^^^^^^^^^^^^^^^^^^^^
  File "/home/airflow/.local/lib/python3.11/site-packages/psycopg2/__init__.py", line 122, in connect
    conn = _connect(dsn, connection_factory=connection_factory, **kwasync)
           ^^^^^^^^^^^^^^^^^^^^^^^^^^^^^^^^^^^^^^^^^^^^^^^^^^^^^^^^^^^^^^^
psycopg2.OperationalError: could not translate host name "postgres-retail" to address: Name or service not known

[2026-04-07T12:03:09.223+0000] {taskinstance.py:1205} INFO - Marking task as UP_FOR_RETRY. dag_id=retail_daily_ingestion, task_id=ingest_to_staging, execution_date=20260406T060000, start_date=20260407T120305, end_date=20260407T120309
[2026-04-07T12:03:09.235+0000] {standard_task_runner.py:110} ERROR - Failed to execute job 5 for task ingest_to_staging (could not translate host name "postgres-retail" to address: Name or service not known
; 575)
[2026-04-07T12:03:09.251+0000] {local_task_job_runner.py:240} INFO - Task exited with return code 1
[2026-04-07T12:03:09.268+0000] {logging_mixin.py:188} WARNING - /home/***/.local/lib/python3.11/site-packages/***/models/baseoperator.py:1296 AirflowProviderDeprecationWarning: Call to deprecated class PostgresOperator. (Please use `***.providers.common.sql.operators.sql.SQLExecuteQueryOperator`.Also, you can provide `hook_params={'schema': <database>}`.)
[2026-04-07T12:03:09.283+0000] {taskinstance.py:3482} INFO - 0 downstream tasks scheduled from follow-on schedule check
[2026-04-07T12:03:09.285+0000] {local_task_job_runner.py:222} INFO - ::endgroup::
