[2026-04-08T06:47:30.394+0000] {local_task_job_runner.py:120} INFO - ::group::Pre task execution logs
[2026-04-08T06:47:30.424+0000] {taskinstance.py:2073} INFO - Dependencies all met for dep_context=non-requeueable deps ti=<TaskInstance: retail_daily_ingestion.ingest_to_staging manual__2026-04-08T06:47:22+00:00 [queued]>
[2026-04-08T06:47:30.435+0000] {taskinstance.py:2073} INFO - Dependencies all met for dep_context=requeueable deps ti=<TaskInstance: retail_daily_ingestion.ingest_to_staging manual__2026-04-08T06:47:22+00:00 [queued]>
[2026-04-08T06:47:30.436+0000] {taskinstance.py:2303} INFO - Starting attempt 1 of 4
[2026-04-08T06:47:30.449+0000] {taskinstance.py:2327} INFO - Executing <Task(PythonOperator): ingest_to_staging> on 2026-04-08 06:47:22+00:00
[2026-04-08T06:47:30.454+0000] {standard_task_runner.py:63} INFO - Started process 7780 to run task
[2026-04-08T06:47:30.457+0000] {standard_task_runner.py:90} INFO - Running: ['***', 'tasks', 'run', 'retail_daily_ingestion', 'ingest_to_staging', 'manual__2026-04-08T06:47:22+00:00', '--job-id', '113', '--raw', '--subdir', 'DAGS_FOLDER/retail_daily_ingestion.py', '--cfg-path', '/tmp/tmpjws7ohgt']
[2026-04-08T06:47:30.460+0000] {standard_task_runner.py:91} INFO - Job 113: Subtask ingest_to_staging
[2026-04-08T06:47:30.530+0000] {task_command.py:426} INFO - Running <TaskInstance: retail_daily_ingestion.ingest_to_staging manual__2026-04-08T06:47:22+00:00 [running]> on host 649f4949adfd
[2026-04-08T06:47:30.677+0000] {taskinstance.py:2644} INFO - Exporting env vars: AIRFLOW_CTX_DAG_EMAIL='diluksha@bistcglobal.com' AIRFLOW_CTX_DAG_OWNER='data-engineering' AIRFLOW_CTX_DAG_ID='retail_daily_ingestion' AIRFLOW_CTX_TASK_ID='ingest_to_staging' AIRFLOW_CTX_EXECUTION_DATE='2026-04-08T06:47:22+00:00' AIRFLOW_CTX_TRY_NUMBER='1' AIRFLOW_CTX_DAG_RUN_ID='manual__2026-04-08T06:47:22+00:00'
[2026-04-08T06:47:30.678+0000] {taskinstance.py:430} INFO - ::endgroup::
[2026-04-08T06:47:30.711+0000] {retail_daily_ingestion.py:235} INFO - Reading s3://raw-data/retail-data/2026-04-07/sales_transactions.csv
[2026-04-08T06:47:30.730+0000] {base.py:84} INFO - Using connection ID 'minio_s3' for task execution.
[2026-04-08T06:47:30.731+0000] {connection_wrapper.py:384} INFO - AWS Connection (conn_id='minio_s3', conn_type='aws') credentials retrieved from login and password.
[2026-04-08T06:47:31.077+0000] {retail_daily_ingestion.py:249} INFO - File sales_transactions.csv loaded: 10050 rows
[2026-04-08T06:47:31.107+0000] {base.py:84} INFO - Using connection ID 'postgres_retail' for task execution.
[2026-04-08T06:47:31.120+0000] {sql.py:457} INFO - Running statement: TRUNCATE TABLE staging.sales_transactions;, parameters: None
[2026-04-08T06:47:31.154+0000] {base.py:84} INFO - Using connection ID 'postgres_retail' for task execution.
[2026-04-08T06:47:31.427+0000] {sql.py:576} INFO - Loaded 1000 rows into staging.sales_transactions so far
[2026-04-08T06:47:31.649+0000] {sql.py:576} INFO - Loaded 2000 rows into staging.sales_transactions so far
[2026-04-08T06:47:31.840+0000] {sql.py:576} INFO - Loaded 3000 rows into staging.sales_transactions so far
[2026-04-08T06:47:32.013+0000] {sql.py:576} INFO - Loaded 4000 rows into staging.sales_transactions so far
[2026-04-08T06:47:32.190+0000] {sql.py:576} INFO - Loaded 5000 rows into staging.sales_transactions so far
[2026-04-08T06:47:32.379+0000] {sql.py:576} INFO - Loaded 6000 rows into staging.sales_transactions so far
[2026-04-08T06:47:32.554+0000] {sql.py:576} INFO - Loaded 7000 rows into staging.sales_transactions so far
[2026-04-08T06:47:32.741+0000] {sql.py:576} INFO - Loaded 8000 rows into staging.sales_transactions so far
[2026-04-08T06:47:32.970+0000] {sql.py:576} INFO - Loaded 9000 rows into staging.sales_transactions so far
[2026-04-08T06:47:33.174+0000] {sql.py:576} INFO - Loaded 10000 rows into staging.sales_transactions so far
[2026-04-08T06:47:33.185+0000] {sql.py:580} INFO - Done loading. Loaded a total of 10050 rows into staging.sales_transactions
[2026-04-08T06:47:33.186+0000] {retail_daily_ingestion.py:264} INFO - Staged 10050 rows → staging.sales_transactions
[2026-04-08T06:47:33.187+0000] {retail_daily_ingestion.py:235} INFO - Reading s3://raw-data/retail-data/2026-04-07/product_catalog.csv
[2026-04-08T06:47:33.302+0000] {retail_daily_ingestion.py:249} INFO - File product_catalog.csv loaded: 200 rows
[2026-04-08T06:47:33.316+0000] {base.py:84} INFO - Using connection ID 'postgres_retail' for task execution.
[2026-04-08T06:47:33.324+0000] {sql.py:457} INFO - Running statement: TRUNCATE TABLE staging.product_catalog;, parameters: None
[2026-04-08T06:47:33.344+0000] {base.py:84} INFO - Using connection ID 'postgres_retail' for task execution.
[2026-04-08T06:47:33.394+0000] {sql.py:580} INFO - Done loading. Loaded a total of 200 rows into staging.product_catalog
[2026-04-08T06:47:33.395+0000] {retail_daily_ingestion.py:264} INFO - Staged 200 rows → staging.product_catalog
[2026-04-08T06:47:33.395+0000] {retail_daily_ingestion.py:235} INFO - Reading s3://raw-data/retail-data/2026-04-07/store_locations.csv
[2026-04-08T06:47:33.502+0000] {retail_daily_ingestion.py:249} INFO - File store_locations.csv loaded: 50 rows
[2026-04-08T06:47:33.516+0000] {base.py:84} INFO - Using connection ID 'postgres_retail' for task execution.
[2026-04-08T06:47:33.524+0000] {sql.py:457} INFO - Running statement: TRUNCATE TABLE staging.store_locations;, parameters: None
[2026-04-08T06:47:33.548+0000] {base.py:84} INFO - Using connection ID 'postgres_retail' for task execution.
[2026-04-08T06:47:33.569+0000] {sql.py:580} INFO - Done loading. Loaded a total of 50 rows into staging.store_locations
[2026-04-08T06:47:33.569+0000] {retail_daily_ingestion.py:264} INFO - Staged 50 rows → staging.store_locations
[2026-04-08T06:47:33.583+0000] {base.py:84} INFO - Using connection ID 'postgres_retail' for task execution.
[2026-04-08T06:47:33.592+0000] {sql.py:457} INFO - Running statement: SELECT COUNT(*) FROM staging.sales_transactions;, parameters: None
[2026-04-08T06:47:33.595+0000] {sql.py:466} INFO - Rows affected: 1
[2026-04-08T06:47:33.598+0000] {logging_mixin.py:188} WARNING - /home/***/.local/lib/python3.11/site-packages/***/providers/common/sql/hooks/sql.py:407 AirflowProviderDeprecationWarning: Call to deprecated method _make_common_data_structure. (The `_make_serializable` method is deprecated and support will be removed in a future version of the common.sql provider. Please update the DbApiHook's provider to a version based on common.sql >= 1.9.1.)
[2026-04-08T06:47:33.599+0000] {retail_daily_ingestion.py:271} INFO - staging.sales_transactions row count: 10050
[2026-04-08T06:47:33.600+0000] {python.py:237} INFO - Done. Returned value was: None
[2026-04-08T06:47:33.600+0000] {taskinstance.py:441} INFO - ::group::Post task execution logs
[2026-04-08T06:47:33.619+0000] {taskinstance.py:1205} INFO - Marking task as SUCCESS. dag_id=retail_daily_ingestion, task_id=ingest_to_staging, execution_date=20260408T064722, start_date=20260408T064730, end_date=20260408T064733
[2026-04-08T06:47:33.676+0000] {local_task_job_runner.py:240} INFO - Task exited with return code 0
[2026-04-08T06:47:33.709+0000] {logging_mixin.py:188} WARNING - /home/***/.local/lib/python3.11/site-packages/***/models/baseoperator.py:1296 AirflowProviderDeprecationWarning: Call to deprecated class PostgresOperator. (Please use `***.providers.common.sql.operators.sql.SQLExecuteQueryOperator`.Also, you can provide `hook_params={'schema': <database>}`.)
[2026-04-08T06:47:33.727+0000] {taskinstance.py:3482} INFO - 1 downstream tasks scheduled from follow-on schedule check
[2026-04-08T06:47:33.730+0000] {local_task_job_runner.py:222} INFO - ::endgroup::
