[2026-04-08T00:26:52.603+0000] {local_task_job_runner.py:120} INFO - ::group::Pre task execution logs
[2026-04-08T00:26:52.636+0000] {taskinstance.py:2073} INFO - Dependencies all met for dep_context=non-requeueable deps ti=<TaskInstance: retail_daily_ingestion.load_curated manual__2026-04-08T00:20:57+00:00 [queued]>
[2026-04-08T00:26:52.647+0000] {taskinstance.py:2073} INFO - Dependencies all met for dep_context=requeueable deps ti=<TaskInstance: retail_daily_ingestion.load_curated manual__2026-04-08T00:20:57+00:00 [queued]>
[2026-04-08T00:26:52.648+0000] {taskinstance.py:2303} INFO - Starting attempt 2 of 5
[2026-04-08T00:26:52.668+0000] {taskinstance.py:2327} INFO - Executing <Task(PostgresOperator): load_curated> on 2026-04-08 00:20:57+00:00
[2026-04-08T00:26:52.675+0000] {standard_task_runner.py:63} INFO - Started process 3232 to run task
[2026-04-08T00:26:52.679+0000] {standard_task_runner.py:90} INFO - Running: ['***', 'tasks', 'run', 'retail_daily_ingestion', 'load_curated', 'manual__2026-04-08T00:20:57+00:00', '--job-id', '45', '--raw', '--subdir', 'DAGS_FOLDER/retail_daily_ingestion.py', '--cfg-path', '/tmp/tmpe9p_q8_u']
[2026-04-08T00:26:52.683+0000] {standard_task_runner.py:91} INFO - Job 45: Subtask load_curated
[2026-04-08T00:26:52.762+0000] {task_command.py:426} INFO - Running <TaskInstance: retail_daily_ingestion.load_curated manual__2026-04-08T00:20:57+00:00 [running]> on host 649f4949adfd
[2026-04-08T00:26:52.901+0000] {taskinstance.py:2644} INFO - Exporting env vars: AIRFLOW_CTX_DAG_EMAIL='data-engineering-team@company.com' AIRFLOW_CTX_DAG_OWNER='data-engineering' AIRFLOW_CTX_DAG_ID='retail_daily_ingestion' AIRFLOW_CTX_TASK_ID='load_curated' AIRFLOW_CTX_EXECUTION_DATE='2026-04-08T00:20:57+00:00' AIRFLOW_CTX_TRY_NUMBER='2' AIRFLOW_CTX_DAG_RUN_ID='manual__2026-04-08T00:20:57+00:00'
[2026-04-08T00:26:52.903+0000] {taskinstance.py:430} INFO - ::endgroup::
[2026-04-08T00:26:52.916+0000] {sql.py:276} INFO - Executing: 
            SELECT
                COUNT(*)            AS total_rows,
                COUNT(DISTINCT store_id)   AS stores,
                COUNT(DISTINCT product_id) AS products,
                SUM(total_revenue)         AS revenue
            FROM curated.fact_daily_sales
            WHERE transaction_date = '2026-04-08';
        
[2026-04-08T00:26:52.931+0000] {base.py:84} INFO - Using connection ID 'postgres_retail' for task execution.
[2026-04-08T00:26:52.945+0000] {base.py:84} INFO - Using connection ID 'postgres_retail' for task execution.
[2026-04-08T00:26:52.955+0000] {sql.py:457} INFO - Running statement: 
            SELECT
                COUNT(*)            AS total_rows,
                COUNT(DISTINCT store_id)   AS stores,
                COUNT(DISTINCT product_id) AS products,
                SUM(total_revenue)         AS revenue
            FROM curated.fact_daily_sales
            WHERE transaction_date = '2026-04-08';
        , parameters: None
[2026-04-08T00:26:52.959+0000] {sql.py:466} INFO - Rows affected: 1
[2026-04-08T00:26:52.964+0000] {logging_mixin.py:188} WARNING - /home/***/.local/lib/python3.11/site-packages/***/providers/common/sql/hooks/sql.py:407 AirflowProviderDeprecationWarning: Call to deprecated method _make_common_data_structure. (The `_make_serializable` method is deprecated and support will be removed in a future version of the common.sql provider. Please update the DbApiHook's provider to a version based on common.sql >= 1.9.1.)
[2026-04-08T00:26:52.965+0000] {taskinstance.py:441} INFO - ::group::Post task execution logs
[2026-04-08T00:26:53.019+0000] {taskinstance.py:1205} INFO - Marking task as SUCCESS. dag_id=retail_daily_ingestion, task_id=load_curated, execution_date=20260408T002057, start_date=20260408T002652, end_date=20260408T002653
[2026-04-08T00:26:53.052+0000] {local_task_job_runner.py:240} INFO - Task exited with return code 0
[2026-04-08T00:26:53.083+0000] {logging_mixin.py:188} WARNING - /home/***/.local/lib/python3.11/site-packages/***/models/baseoperator.py:1296 AirflowProviderDeprecationWarning: Call to deprecated class PostgresOperator. (Please use `***.providers.common.sql.operators.sql.SQLExecuteQueryOperator`.Also, you can provide `hook_params={'schema': <database>}`.)
[2026-04-08T00:26:53.109+0000] {taskinstance.py:3482} INFO - 1 downstream tasks scheduled from follow-on schedule check
[2026-04-08T00:26:53.111+0000] {local_task_job_runner.py:222} INFO - ::endgroup::
