[2026-04-08T04:34:07.206+0000] {local_task_job_runner.py:120} INFO - ::group::Pre task execution logs
[2026-04-08T04:34:07.231+0000] {taskinstance.py:2073} INFO - Dependencies all met for dep_context=non-requeueable deps ti=<TaskInstance: retail_daily_ingestion.send_notification manual_realistic_run_20260407 [queued]>
[2026-04-08T04:34:07.239+0000] {taskinstance.py:2073} INFO - Dependencies all met for dep_context=requeueable deps ti=<TaskInstance: retail_daily_ingestion.send_notification manual_realistic_run_20260407 [queued]>
[2026-04-08T04:34:07.241+0000] {taskinstance.py:2303} INFO - Starting attempt 1 of 4
[2026-04-08T04:34:07.255+0000] {taskinstance.py:2327} INFO - Executing <Task(PythonOperator): send_notification> on 2026-04-08 04:33:51+00:00
[2026-04-08T04:34:07.261+0000] {standard_task_runner.py:63} INFO - Started process 6256 to run task
[2026-04-08T04:34:07.265+0000] {standard_task_runner.py:90} INFO - Running: ['***', 'tasks', 'run', 'retail_daily_ingestion', 'send_notification', 'manual_realistic_run_20260407', '--job-id', '103', '--raw', '--subdir', 'DAGS_FOLDER/retail_daily_ingestion.py', '--cfg-path', '/tmp/tmpsvjmed9s']
[2026-04-08T04:34:07.267+0000] {standard_task_runner.py:91} INFO - Job 103: Subtask send_notification
[2026-04-08T04:34:07.328+0000] {task_command.py:426} INFO - Running <TaskInstance: retail_daily_ingestion.send_notification manual_realistic_run_20260407 [running]> on host 649f4949adfd
[2026-04-08T04:34:07.441+0000] {taskinstance.py:2644} INFO - Exporting env vars: AIRFLOW_CTX_DAG_EMAIL='diluksha@bistcglobal.com' AIRFLOW_CTX_DAG_OWNER='data-engineering' AIRFLOW_CTX_DAG_ID='retail_daily_ingestion' AIRFLOW_CTX_TASK_ID='send_notification' AIRFLOW_CTX_EXECUTION_DATE='2026-04-08T04:33:51+00:00' AIRFLOW_CTX_TRY_NUMBER='1' AIRFLOW_CTX_DAG_RUN_ID='manual_realistic_run_20260407'
[2026-04-08T04:34:07.442+0000] {taskinstance.py:430} INFO - ::endgroup::
[2026-04-08T04:34:07.503+0000] {base.py:84} INFO - Using connection ID 'slack_webhook' for task execution.
[2026-04-08T04:34:07.518+0000] {base.py:84} INFO - Using connection ID 'slack_webhook' for task execution.
[2026-04-08T04:34:10.739+0000] {retail_daily_ingestion.py:539} INFO - Slack notification sent | state: success
[2026-04-08T04:34:10.740+0000] {python.py:237} INFO - Done. Returned value was: None
[2026-04-08T04:34:10.741+0000] {taskinstance.py:441} INFO - ::group::Post task execution logs
[2026-04-08T04:34:10.757+0000] {taskinstance.py:1205} INFO - Marking task as SUCCESS. dag_id=retail_daily_ingestion, task_id=send_notification, execution_date=20260408T043351, start_date=20260408T043407, end_date=20260408T043410
[2026-04-08T04:34:10.807+0000] {local_task_job_runner.py:240} INFO - Task exited with return code 0
[2026-04-08T04:34:10.834+0000] {taskinstance.py:3482} INFO - 0 downstream tasks scheduled from follow-on schedule check
[2026-04-08T04:34:10.835+0000] {local_task_job_runner.py:222} INFO - ::endgroup::
