[2026-04-08T06:44:59.374+0000] {local_task_job_runner.py:120} INFO - ::group::Pre task execution logs
[2026-04-08T06:44:59.421+0000] {taskinstance.py:2073} INFO - Dependencies all met for dep_context=non-requeueable deps ti=<TaskInstance: retail_daily_ingestion.transform_sales manual__2026-04-08T06:44:43+00:00 [queued]>
[2026-04-08T06:44:59.446+0000] {taskinstance.py:2073} INFO - Dependencies all met for dep_context=requeueable deps ti=<TaskInstance: retail_daily_ingestion.transform_sales manual__2026-04-08T06:44:43+00:00 [queued]>
[2026-04-08T06:44:59.448+0000] {taskinstance.py:2303} INFO - Starting attempt 1 of 2
[2026-04-08T06:44:59.500+0000] {taskinstance.py:2327} INFO - Executing <Task(PythonOperator): transform_sales> on 2026-04-08 06:44:43+00:00
[2026-04-08T06:44:59.517+0000] {standard_task_runner.py:90} INFO - Running: ['***', 'tasks', 'run', 'retail_daily_ingestion', 'transform_sales', 'manual__2026-04-08T06:44:43+00:00', '--job-id', '107', '--raw', '--subdir', 'DAGS_FOLDER/retail_daily_ingestion.py', '--cfg-path', '/tmp/tmpjf3m8xuv']
[2026-04-08T06:44:59.517+0000] {standard_task_runner.py:63} INFO - Started process 7726 to run task
[2026-04-08T06:44:59.524+0000] {standard_task_runner.py:91} INFO - Job 107: Subtask transform_sales
[2026-04-08T06:44:59.624+0000] {task_command.py:426} INFO - Running <TaskInstance: retail_daily_ingestion.transform_sales manual__2026-04-08T06:44:43+00:00 [running]> on host 649f4949adfd
[2026-04-08T06:44:59.787+0000] {taskinstance.py:2644} INFO - Exporting env vars: AIRFLOW_CTX_DAG_EMAIL='diluksha@bistcglobal.com' AIRFLOW_CTX_DAG_OWNER='data-engineering' AIRFLOW_CTX_DAG_ID='retail_daily_ingestion' AIRFLOW_CTX_TASK_ID='transform_sales' AIRFLOW_CTX_EXECUTION_DATE='2026-04-08T06:44:43+00:00' AIRFLOW_CTX_TRY_NUMBER='1' AIRFLOW_CTX_DAG_RUN_ID='manual__2026-04-08T06:44:43+00:00'
[2026-04-08T06:44:59.788+0000] {taskinstance.py:430} INFO - ::endgroup::
[2026-04-08T06:44:59.828+0000] {base.py:84} INFO - Using connection ID 'postgres_retail' for task execution.
[2026-04-08T06:44:59.863+0000] {logging_mixin.py:188} WARNING - /home/***/.local/lib/python3.11/site-packages/***/providers/common/sql/hooks/sql.py:227 UserWarning: pandas only supports SQLAlchemy connectable (engine/connection) or database string URI or sqlite3 DBAPI2 connection. Other DBAPI2 objects are not tested. Please consider using SQLAlchemy.
[2026-04-08T06:45:00.985+0000] {retail_daily_ingestion.py:302} INFO - Transform input: 10050 rows from staging
[2026-04-08T06:45:01.009+0000] {base.py:84} INFO - Using connection ID 'postgres_retail' for task execution.
[2026-04-08T06:45:01.046+0000] {sql.py:580} INFO - Done loading. Loaded a total of 50 rows into staging.error_log
[2026-04-08T06:45:01.046+0000] {retail_daily_ingestion.py:330} WARNING - Wrote 50 invalid rows to staging.error_log
[2026-04-08T06:45:01.049+0000] {retail_daily_ingestion.py:339} WARNING - Filter removed 50 invalid rows
[2026-04-08T06:45:01.092+0000] {retail_daily_ingestion.py:376} INFO - Aggregated to 6341 store-product-date rows
[2026-04-08T06:45:01.107+0000] {base.py:84} INFO - Using connection ID 'postgres_retail' for task execution.
[2026-04-08T06:45:01.119+0000] {logging_mixin.py:188} WARNING - /home/***/.local/lib/python3.11/site-packages/***/providers/common/sql/hooks/sql.py:227 UserWarning: pandas only supports SQLAlchemy connectable (engine/connection) or database string URI or sqlite3 DBAPI2 connection. Other DBAPI2 objects are not tested. Please consider using SQLAlchemy.
[2026-04-08T06:45:01.130+0000] {retail_daily_ingestion.py:391} INFO - Enriched dataset: 6341 rows ready for curated load
[2026-04-08T06:45:01.145+0000] {base.py:84} INFO - Using connection ID 'postgres_retail' for task execution.
[2026-04-08T06:45:01.154+0000] {sql.py:457} INFO - Running statement: TRUNCATE TABLE staging.fact_daily_sales_stage;, parameters: None
[2026-04-08T06:45:03.714+0000] {base.py:84} INFO - Using connection ID 'postgres_retail' for task execution.
[2026-04-08T06:45:03.960+0000] {sql.py:576} INFO - Loaded 1000 rows into staging.fact_daily_sales_stage so far
[2026-04-08T06:45:04.217+0000] {sql.py:576} INFO - Loaded 2000 rows into staging.fact_daily_sales_stage so far
[2026-04-08T06:45:04.466+0000] {sql.py:576} INFO - Loaded 3000 rows into staging.fact_daily_sales_stage so far
[2026-04-08T06:45:04.719+0000] {sql.py:576} INFO - Loaded 4000 rows into staging.fact_daily_sales_stage so far
[2026-04-08T06:45:04.971+0000] {sql.py:576} INFO - Loaded 5000 rows into staging.fact_daily_sales_stage so far
[2026-04-08T06:45:05.219+0000] {sql.py:576} INFO - Loaded 6000 rows into staging.fact_daily_sales_stage so far
[2026-04-08T06:45:05.302+0000] {sql.py:580} INFO - Done loading. Loaded a total of 6341 rows into staging.fact_daily_sales_stage
[2026-04-08T06:45:05.303+0000] {retail_daily_ingestion.py:427} INFO - Wrote 6341 rows to staging.fact_daily_sales_stage for PostgresOperator UPSERT
[2026-04-08T06:45:05.306+0000] {python.py:237} INFO - Done. Returned value was: None
[2026-04-08T06:45:05.307+0000] {taskinstance.py:441} INFO - ::group::Post task execution logs
[2026-04-08T06:45:05.327+0000] {taskinstance.py:1205} INFO - Marking task as SUCCESS. dag_id=retail_daily_ingestion, task_id=transform_sales, execution_date=20260408T064443, start_date=20260408T064459, end_date=20260408T064505
[2026-04-08T06:45:05.385+0000] {local_task_job_runner.py:240} INFO - Task exited with return code 0
[2026-04-08T06:45:05.411+0000] {logging_mixin.py:188} WARNING - /home/***/.local/lib/python3.11/site-packages/***/models/baseoperator.py:1296 AirflowProviderDeprecationWarning: Call to deprecated class PostgresOperator. (Please use `***.providers.common.sql.operators.sql.SQLExecuteQueryOperator`.Also, you can provide `hook_params={'schema': <database>}`.)
[2026-04-08T06:45:05.437+0000] {taskinstance.py:3482} INFO - 1 downstream tasks scheduled from follow-on schedule check
[2026-04-08T06:45:05.439+0000] {local_task_job_runner.py:222} INFO - ::endgroup::
