[2026-04-08T04:20:33.539+0000] {local_task_job_runner.py:120} INFO - ::group::Pre task execution logs
[2026-04-08T04:20:33.561+0000] {taskinstance.py:2073} INFO - Dependencies all met for dep_context=non-requeueable deps ti=<TaskInstance: retail_daily_ingestion.transform_sales manual__2026-04-08T04:20:22+00:00 [queued]>
[2026-04-08T04:20:33.568+0000] {taskinstance.py:2073} INFO - Dependencies all met for dep_context=requeueable deps ti=<TaskInstance: retail_daily_ingestion.transform_sales manual__2026-04-08T04:20:22+00:00 [queued]>
[2026-04-08T04:20:33.569+0000] {taskinstance.py:2303} INFO - Starting attempt 1 of 2
[2026-04-08T04:20:33.580+0000] {taskinstance.py:2327} INFO - Executing <Task(PythonOperator): transform_sales> on 2026-04-08 04:20:22+00:00
[2026-04-08T04:20:33.585+0000] {standard_task_runner.py:63} INFO - Started process 6043 to run task
[2026-04-08T04:20:33.588+0000] {standard_task_runner.py:90} INFO - Running: ['***', 'tasks', 'run', 'retail_daily_ingestion', 'transform_sales', 'manual__2026-04-08T04:20:22+00:00', '--job-id', '86', '--raw', '--subdir', 'DAGS_FOLDER/retail_daily_ingestion.py', '--cfg-path', '/tmp/tmpq4r6zl15']
[2026-04-08T04:20:33.590+0000] {standard_task_runner.py:91} INFO - Job 86: Subtask transform_sales
[2026-04-08T04:20:33.655+0000] {task_command.py:426} INFO - Running <TaskInstance: retail_daily_ingestion.transform_sales manual__2026-04-08T04:20:22+00:00 [running]> on host 649f4949adfd
[2026-04-08T04:20:33.776+0000] {taskinstance.py:2644} INFO - Exporting env vars: AIRFLOW_CTX_DAG_EMAIL='diluksha@bistcglobal.com' AIRFLOW_CTX_DAG_OWNER='data-engineering' AIRFLOW_CTX_DAG_ID='retail_daily_ingestion' AIRFLOW_CTX_TASK_ID='transform_sales' AIRFLOW_CTX_EXECUTION_DATE='2026-04-08T04:20:22+00:00' AIRFLOW_CTX_TRY_NUMBER='1' AIRFLOW_CTX_DAG_RUN_ID='manual__2026-04-08T04:20:22+00:00'
[2026-04-08T04:20:33.778+0000] {taskinstance.py:430} INFO - ::endgroup::
[2026-04-08T04:20:33.809+0000] {base.py:84} INFO - Using connection ID 'postgres_retail' for task execution.
[2026-04-08T04:20:33.836+0000] {logging_mixin.py:188} WARNING - /home/***/.local/lib/python3.11/site-packages/***/providers/common/sql/hooks/sql.py:227 UserWarning: pandas only supports SQLAlchemy connectable (engine/connection) or database string URI or sqlite3 DBAPI2 connection. Other DBAPI2 objects are not tested. Please consider using SQLAlchemy.
[2026-04-08T04:20:33.845+0000] {retail_daily_ingestion.py:302} INFO - Transform input: 100 rows from staging
[2026-04-08T04:20:33.878+0000] {retail_daily_ingestion.py:376} INFO - Aggregated to 20 store-product-date rows
[2026-04-08T04:20:33.891+0000] {base.py:84} INFO - Using connection ID 'postgres_retail' for task execution.
[2026-04-08T04:20:33.900+0000] {logging_mixin.py:188} WARNING - /home/***/.local/lib/python3.11/site-packages/***/providers/common/sql/hooks/sql.py:227 UserWarning: pandas only supports SQLAlchemy connectable (engine/connection) or database string URI or sqlite3 DBAPI2 connection. Other DBAPI2 objects are not tested. Please consider using SQLAlchemy.
[2026-04-08T04:20:33.909+0000] {retail_daily_ingestion.py:391} INFO - Enriched dataset: 20 rows ready for curated load
[2026-04-08T04:20:33.921+0000] {base.py:84} INFO - Using connection ID 'postgres_retail' for task execution.
[2026-04-08T04:20:33.930+0000] {sql.py:457} INFO - Running statement: TRUNCATE TABLE staging.fact_daily_sales_stage;, parameters: None
[2026-04-08T04:20:33.948+0000] {base.py:84} INFO - Using connection ID 'postgres_retail' for task execution.
[2026-04-08T04:20:33.964+0000] {sql.py:580} INFO - Done loading. Loaded a total of 20 rows into staging.fact_daily_sales_stage
[2026-04-08T04:20:33.965+0000] {retail_daily_ingestion.py:427} INFO - Wrote 20 rows to staging.fact_daily_sales_stage for PostgresOperator UPSERT
[2026-04-08T04:20:33.965+0000] {python.py:237} INFO - Done. Returned value was: None
[2026-04-08T04:20:33.966+0000] {taskinstance.py:441} INFO - ::group::Post task execution logs
[2026-04-08T04:20:33.981+0000] {taskinstance.py:1205} INFO - Marking task as SUCCESS. dag_id=retail_daily_ingestion, task_id=transform_sales, execution_date=20260408T042022, start_date=20260408T042033, end_date=20260408T042033
[2026-04-08T04:20:34.000+0000] {local_task_job_runner.py:240} INFO - Task exited with return code 0
[2026-04-08T04:20:34.019+0000] {logging_mixin.py:188} WARNING - /home/***/.local/lib/python3.11/site-packages/***/models/baseoperator.py:1296 AirflowProviderDeprecationWarning: Call to deprecated class PostgresOperator. (Please use `***.providers.common.sql.operators.sql.SQLExecuteQueryOperator`.Also, you can provide `hook_params={'schema': <database>}`.)
[2026-04-08T04:20:34.043+0000] {taskinstance.py:3482} INFO - 1 downstream tasks scheduled from follow-on schedule check
[2026-04-08T04:20:34.046+0000] {local_task_job_runner.py:222} INFO - ::endgroup::
