[2026-04-08T06:44:53.103+0000] {local_task_job_runner.py:120} INFO - ::group::Pre task execution logs
[2026-04-08T06:44:53.141+0000] {taskinstance.py:2073} INFO - Dependencies all met for dep_context=non-requeueable deps ti=<TaskInstance: retail_daily_ingestion.ingest_to_staging manual__2026-04-08T06:44:43+00:00 [queued]>
[2026-04-08T06:44:53.154+0000] {taskinstance.py:2073} INFO - Dependencies all met for dep_context=requeueable deps ti=<TaskInstance: retail_daily_ingestion.ingest_to_staging manual__2026-04-08T06:44:43+00:00 [queued]>
[2026-04-08T06:44:53.155+0000] {taskinstance.py:2303} INFO - Starting attempt 1 of 4
[2026-04-08T06:44:53.173+0000] {taskinstance.py:2327} INFO - Executing <Task(PythonOperator): ingest_to_staging> on 2026-04-08 06:44:43+00:00
[2026-04-08T06:44:53.179+0000] {standard_task_runner.py:63} INFO - Started process 7723 to run task
[2026-04-08T06:44:53.183+0000] {standard_task_runner.py:90} INFO - Running: ['***', 'tasks', 'run', 'retail_daily_ingestion', 'ingest_to_staging', 'manual__2026-04-08T06:44:43+00:00', '--job-id', '106', '--raw', '--subdir', 'DAGS_FOLDER/retail_daily_ingestion.py', '--cfg-path', '/tmp/tmpzjy2qu9v']
[2026-04-08T06:44:53.186+0000] {standard_task_runner.py:91} INFO - Job 106: Subtask ingest_to_staging
[2026-04-08T06:44:53.272+0000] {task_command.py:426} INFO - Running <TaskInstance: retail_daily_ingestion.ingest_to_staging manual__2026-04-08T06:44:43+00:00 [running]> on host 649f4949adfd
[2026-04-08T06:44:53.409+0000] {taskinstance.py:2644} INFO - Exporting env vars: AIRFLOW_CTX_DAG_EMAIL='diluksha@bistcglobal.com' AIRFLOW_CTX_DAG_OWNER='data-engineering' AIRFLOW_CTX_DAG_ID='retail_daily_ingestion' AIRFLOW_CTX_TASK_ID='ingest_to_staging' AIRFLOW_CTX_EXECUTION_DATE='2026-04-08T06:44:43+00:00' AIRFLOW_CTX_TRY_NUMBER='1' AIRFLOW_CTX_DAG_RUN_ID='manual__2026-04-08T06:44:43+00:00'
[2026-04-08T06:44:53.410+0000] {taskinstance.py:430} INFO - ::endgroup::
[2026-04-08T06:44:53.439+0000] {retail_daily_ingestion.py:235} INFO - Reading s3://raw-data/retail-data/2026-04-07/sales_transactions.csv
[2026-04-08T06:44:53.455+0000] {base.py:84} INFO - Using connection ID 'minio_s3' for task execution.
[2026-04-08T06:44:53.456+0000] {connection_wrapper.py:384} INFO - AWS Connection (conn_id='minio_s3', conn_type='aws') credentials retrieved from login and password.
[2026-04-08T06:44:53.862+0000] {retail_daily_ingestion.py:249} INFO - File sales_transactions.csv loaded: 10050 rows
[2026-04-08T06:44:53.889+0000] {base.py:84} INFO - Using connection ID 'postgres_retail' for task execution.
[2026-04-08T06:44:53.899+0000] {sql.py:457} INFO - Running statement: TRUNCATE TABLE staging.sales_transactions;, parameters: None
[2026-04-08T06:44:53.966+0000] {base.py:84} INFO - Using connection ID 'postgres_retail' for task execution.
[2026-04-08T06:44:54.193+0000] {sql.py:576} INFO - Loaded 1000 rows into staging.sales_transactions so far
[2026-04-08T06:44:54.399+0000] {sql.py:576} INFO - Loaded 2000 rows into staging.sales_transactions so far
[2026-04-08T06:44:54.608+0000] {sql.py:576} INFO - Loaded 3000 rows into staging.sales_transactions so far
[2026-04-08T06:44:54.815+0000] {sql.py:576} INFO - Loaded 4000 rows into staging.sales_transactions so far
[2026-04-08T06:44:55.072+0000] {sql.py:576} INFO - Loaded 5000 rows into staging.sales_transactions so far
[2026-04-08T06:44:55.312+0000] {sql.py:576} INFO - Loaded 6000 rows into staging.sales_transactions so far
[2026-04-08T06:44:55.518+0000] {sql.py:576} INFO - Loaded 7000 rows into staging.sales_transactions so far
[2026-04-08T06:44:55.737+0000] {sql.py:576} INFO - Loaded 8000 rows into staging.sales_transactions so far
[2026-04-08T06:44:55.969+0000] {sql.py:576} INFO - Loaded 9000 rows into staging.sales_transactions so far
[2026-04-08T06:44:56.267+0000] {sql.py:576} INFO - Loaded 10000 rows into staging.sales_transactions so far
[2026-04-08T06:44:56.298+0000] {sql.py:580} INFO - Done loading. Loaded a total of 10050 rows into staging.sales_transactions
[2026-04-08T06:44:56.301+0000] {retail_daily_ingestion.py:264} INFO - Staged 10050 rows → staging.sales_transactions
[2026-04-08T06:44:56.302+0000] {retail_daily_ingestion.py:235} INFO - Reading s3://raw-data/retail-data/2026-04-07/product_catalog.csv
[2026-04-08T06:44:56.460+0000] {retail_daily_ingestion.py:249} INFO - File product_catalog.csv loaded: 200 rows
[2026-04-08T06:44:56.483+0000] {base.py:84} INFO - Using connection ID 'postgres_retail' for task execution.
[2026-04-08T06:44:56.505+0000] {sql.py:457} INFO - Running statement: TRUNCATE TABLE staging.product_catalog;, parameters: None
[2026-04-08T06:44:56.547+0000] {base.py:84} INFO - Using connection ID 'postgres_retail' for task execution.
[2026-04-08T06:44:56.684+0000] {sql.py:580} INFO - Done loading. Loaded a total of 200 rows into staging.product_catalog
[2026-04-08T06:44:56.685+0000] {retail_daily_ingestion.py:264} INFO - Staged 200 rows → staging.product_catalog
[2026-04-08T06:44:56.685+0000] {retail_daily_ingestion.py:235} INFO - Reading s3://raw-data/retail-data/2026-04-07/store_locations.csv
[2026-04-08T06:44:56.899+0000] {retail_daily_ingestion.py:249} INFO - File store_locations.csv loaded: 50 rows
[2026-04-08T06:44:56.935+0000] {base.py:84} INFO - Using connection ID 'postgres_retail' for task execution.
[2026-04-08T06:44:56.950+0000] {sql.py:457} INFO - Running statement: TRUNCATE TABLE staging.store_locations;, parameters: None
[2026-04-08T06:44:56.998+0000] {base.py:84} INFO - Using connection ID 'postgres_retail' for task execution.
[2026-04-08T06:44:57.045+0000] {sql.py:580} INFO - Done loading. Loaded a total of 50 rows into staging.store_locations
[2026-04-08T06:44:57.045+0000] {retail_daily_ingestion.py:264} INFO - Staged 50 rows → staging.store_locations
[2026-04-08T06:44:57.067+0000] {base.py:84} INFO - Using connection ID 'postgres_retail' for task execution.
[2026-04-08T06:44:57.080+0000] {sql.py:457} INFO - Running statement: SELECT COUNT(*) FROM staging.sales_transactions;, parameters: None
[2026-04-08T06:44:57.089+0000] {sql.py:466} INFO - Rows affected: 1
[2026-04-08T06:44:57.100+0000] {logging_mixin.py:188} WARNING - /home/***/.local/lib/python3.11/site-packages/***/providers/common/sql/hooks/sql.py:407 AirflowProviderDeprecationWarning: Call to deprecated method _make_common_data_structure. (The `_make_serializable` method is deprecated and support will be removed in a future version of the common.sql provider. Please update the DbApiHook's provider to a version based on common.sql >= 1.9.1.)
[2026-04-08T06:44:57.103+0000] {retail_daily_ingestion.py:271} INFO - staging.sales_transactions row count: 10050
[2026-04-08T06:44:57.104+0000] {python.py:237} INFO - Done. Returned value was: None
[2026-04-08T06:44:57.105+0000] {taskinstance.py:441} INFO - ::group::Post task execution logs
[2026-04-08T06:44:57.130+0000] {taskinstance.py:1205} INFO - Marking task as SUCCESS. dag_id=retail_daily_ingestion, task_id=ingest_to_staging, execution_date=20260408T064443, start_date=20260408T064453, end_date=20260408T064457
[2026-04-08T06:44:57.166+0000] {local_task_job_runner.py:240} INFO - Task exited with return code 0
[2026-04-08T06:44:57.193+0000] {logging_mixin.py:188} WARNING - /home/***/.local/lib/python3.11/site-packages/***/models/baseoperator.py:1296 AirflowProviderDeprecationWarning: Call to deprecated class PostgresOperator. (Please use `***.providers.common.sql.operators.sql.SQLExecuteQueryOperator`.Also, you can provide `hook_params={'schema': <database>}`.)
[2026-04-08T06:44:57.217+0000] {taskinstance.py:3482} INFO - 1 downstream tasks scheduled from follow-on schedule check
[2026-04-08T06:44:57.219+0000] {local_task_job_runner.py:222} INFO - ::endgroup::
