[2026-04-09T19:05:52.235+0000] {local_task_job_runner.py:120} INFO - ::group::Pre task execution logs
[2026-04-09T19:05:52.258+0000] {taskinstance.py:2073} INFO - Dependencies all met for dep_context=non-requeueable deps ti=<TaskInstance: retail_daily_ingestion.send_notification scheduled__2026-04-08T06:00:00+00:00 [queued]>
[2026-04-09T19:05:52.265+0000] {taskinstance.py:2073} INFO - Dependencies all met for dep_context=requeueable deps ti=<TaskInstance: retail_daily_ingestion.send_notification scheduled__2026-04-08T06:00:00+00:00 [queued]>
[2026-04-09T19:05:52.266+0000] {taskinstance.py:2303} INFO - Starting attempt 1 of 4
[2026-04-09T19:05:52.277+0000] {taskinstance.py:2327} INFO - Executing <Task(PythonOperator): send_notification> on 2026-04-08 06:00:00+00:00
[2026-04-09T19:05:52.284+0000] {standard_task_runner.py:63} INFO - Started process 568 to run task
[2026-04-09T19:05:52.288+0000] {standard_task_runner.py:90} INFO - Running: ['***', 'tasks', 'run', 'retail_daily_ingestion', 'send_notification', 'scheduled__2026-04-08T06:00:00+00:00', '--job-id', '120', '--raw', '--subdir', 'DAGS_FOLDER/retail_daily_ingestion.py', '--cfg-path', '/tmp/tmpqq13m9zo']
[2026-04-09T19:05:52.293+0000] {standard_task_runner.py:91} INFO - Job 120: Subtask send_notification
[2026-04-09T19:05:52.384+0000] {task_command.py:426} INFO - Running <TaskInstance: retail_daily_ingestion.send_notification scheduled__2026-04-08T06:00:00+00:00 [running]> on host 649f4949adfd
[2026-04-09T19:05:52.510+0000] {taskinstance.py:2644} INFO - Exporting env vars: AIRFLOW_CTX_DAG_EMAIL='diluksha@bistcglobal.com' AIRFLOW_CTX_DAG_OWNER='data-engineering' AIRFLOW_CTX_DAG_ID='retail_daily_ingestion' AIRFLOW_CTX_TASK_ID='send_notification' AIRFLOW_CTX_EXECUTION_DATE='2026-04-08T06:00:00+00:00' AIRFLOW_CTX_TRY_NUMBER='1' AIRFLOW_CTX_DAG_RUN_ID='scheduled__2026-04-08T06:00:00+00:00'
[2026-04-09T19:05:52.512+0000] {taskinstance.py:430} INFO - ::endgroup::
[2026-04-09T19:05:52.564+0000] {base.py:84} INFO - Using connection ID 'slack_webhook' for task execution.
[2026-04-09T19:05:52.576+0000] {base.py:84} INFO - Using connection ID 'slack_webhook' for task execution.
[2026-04-09T19:05:53.360+0000] {retail_daily_ingestion.py:561} INFO - Slack notification sent | state: failed
[2026-04-09T19:05:53.360+0000] {python.py:237} INFO - Done. Returned value was: None
[2026-04-09T19:05:53.361+0000] {taskinstance.py:441} INFO - ::group::Post task execution logs
[2026-04-09T19:05:53.378+0000] {taskinstance.py:1205} INFO - Marking task as SUCCESS. dag_id=retail_daily_ingestion, task_id=send_notification, execution_date=20260408T060000, start_date=20260409T190552, end_date=20260409T190553
[2026-04-09T19:05:53.425+0000] {local_task_job_runner.py:240} INFO - Task exited with return code 0
[2026-04-09T19:05:53.460+0000] {taskinstance.py:3482} INFO - 0 downstream tasks scheduled from follow-on schedule check
[2026-04-09T19:05:53.462+0000] {local_task_job_runner.py:222} INFO - ::endgroup::
